TN:
SF:src/utils/debug.rs
FN:51,<ppm::utils::debug::DebugIter<core::iter::adapters::map::Map<bitflags::iter::IterNames<inotify::events::EventMask>, <ppm::monitor::watcher::private::WatchInfo>::process::{closure#6}>>>::new
FN:38,<ppm::utils::debug::DebugIter<core::slice::iter::Iter<i32>> as core::fmt::Debug>::fmt
FN:38,<ppm_daemon::utils::debug::DebugIter<core::iter::adapters::map::Map<bitflags::iter::IterNames<inotify::events::EventMask>, <ppm_daemon::monitor::watcher::private::WatchInfo>::process::{closure#6}>> as core::fmt::Debug>::fmt
FN:38,<ppm_daemon::utils::debug::DebugIter<core::slice::iter::Iter<i32>> as core::fmt::Debug>::fmt
FN:51,<ppm::utils::debug::DebugIter<core::iter::adapters::take::Take<core::iter::adapters::filter_map::FilterMap<core::slice::iter::Iter<libc::unix::pollfd>, <ppm::utils::poller::PollerFds>::iter::{closure#0}>>>>::new
FN:38,<ppm::utils::debug::DebugIter<core::iter::adapters::map::Map<bitflags::iter::IterNames<inotify::events::EventMask>, <ppm::monitor::watcher::private::WatchInfo>::process::{closure#2}>> as core::fmt::Debug>::fmt
FN:38,<ppm::utils::debug::DebugIter<core::iter::adapters::map::Map<bitflags::iter::IterNames<inotify::events::EventMask>, <ppm::monitor::watcher::private::WatchInfo>::process::{closure#6}>> as core::fmt::Debug>::fmt
FN:51,<ppm::utils::debug::DebugIter<_>>::new
FN:38,<ppm_daemon::utils::debug::DebugIter<core::iter::adapters::take::Take<core::iter::adapters::filter_map::FilterMap<core::slice::iter::Iter<libc::unix::pollfd>, <ppm_daemon::utils::poller::PollerFds>::iter::{closure#0}>>> as core::fmt::Debug>::fmt
FN:38,<ppm::utils::debug::DebugIter<core::iter::adapters::map::Map<core::slice::iter::Iter<libc::unix::pollfd>, <ppm::monitor::logger::LoggerThreadContext>::run::{closure#1}>> as core::fmt::Debug>::fmt
FN:38,<ppm::utils::debug::DebugIter<core::iter::adapters::map::Map<core::slice::iter::Iter<libc::unix::pollfd>, <ppm::monitor::logger::LoggerThreadContext>::run::{closure#1}>> as core::fmt::Debug>::fmt
FN:38,<ppm_daemon::utils::debug::DebugIter<core::iter::adapters::map::Map<bitflags::iter::IterNames<inotify::events::EventMask>, <ppm_daemon::monitor::watcher::private::WatchInfo>::process::{closure#2}>> as core::fmt::Debug>::fmt
FN:38,<ppm_daemon::utils::debug::DebugIter<core::iter::adapters::map::Map<bitflags::iter::IterNames<inotify::events::EventMask>, <ppm_daemon::monitor::watcher::private::WatchInfo>::process::{closure#4}>> as core::fmt::Debug>::fmt
FN:51,<ppm_daemon::utils::debug::DebugIter<core::iter::adapters::map::Map<bitflags::iter::IterNames<inotify::events::EventMask>, <ppm_daemon::monitor::watcher::private::WatchInfo>::process::{closure#4}>>>::new
FN:51,<ppm_daemon::utils::debug::DebugIter<core::iter::adapters::map::Map<bitflags::iter::IterNames<inotify::events::EventMask>, <ppm_daemon::monitor::watcher::private::WatchInfo>::process::{closure#2}>>>::new
FN:38,<ppm_daemon::utils::debug::DebugIter<core::iter::adapters::map::Map<core::slice::iter::Iter<libc::unix::pollfd>, <ppm_daemon::monitor::logger::LoggerThreadContext>::run::{closure#1}>> as core::fmt::Debug>::fmt
FN:51,<ppm_daemon::utils::debug::DebugIter<core::iter::adapters::take::Take<core::iter::adapters::filter_map::FilterMap<core::slice::iter::Iter<libc::unix::pollfd>, <ppm_daemon::utils::poller::PollerFds>::iter::{closure#0}>>>>::new
FN:51,<ppm_daemon::utils::debug::DebugIter<core::iter::adapters::take::Take<core::iter::adapters::filter_map::FilterMap<core::slice::iter::Iter<libc::unix::pollfd>, <ppm_daemon::utils::poller::PollerFds>::iter::{closure#0}>>>>::new
FN:38,<ppm_daemon::utils::debug::DebugIter<core::iter::adapters::map::Map<core::slice::iter::Iter<libc::unix::pollfd>, <ppm_daemon::monitor::logger::LoggerThreadContext>::run::{closure#1}>> as core::fmt::Debug>::fmt
FN:51,<ppm_daemon::utils::debug::DebugIter<core::iter::adapters::map::Map<core::slice::iter::Iter<libc::unix::pollfd>, <ppm_daemon::monitor::logger::LoggerThreadContext>::run::{closure#1}>>>::new
FN:51,<ppm_daemon::utils::debug::DebugIter<core::iter::adapters::map::Map<bitflags::iter::IterNames<inotify::events::EventMask>, <ppm_daemon::monitor::watcher::private::WatchInfo>::process::{closure#6}>>>::new
FN:38,<ppm_daemon::utils::debug::DebugIter<core::iter::adapters::map::Map<bitflags::iter::IterNames<inotify::events::EventMask>, <ppm_daemon::monitor::watcher::private::WatchInfo>::process::{closure#6}>> as core::fmt::Debug>::fmt
FN:38,<ppm_daemon::utils::debug::DebugIter<core::iter::adapters::map::Map<core::slice::iter::Iter<libc::unix::pollfd>, <ppm_daemon::monitor::logger::LoggerThreadContext>::run::{closure#1}>> as core::fmt::Debug>::fmt
FN:38,<ppm_daemon::utils::debug::DebugIter<core::iter::adapters::map::Map<bitflags::iter::IterNames<inotify::events::EventMask>, <ppm_daemon::monitor::watcher::private::WatchInfo>::process::{closure#2}>> as core::fmt::Debug>::fmt
FN:51,<ppm_daemon::utils::debug::DebugIter<core::iter::adapters::map::Map<bitflags::iter::IterNames<inotify::events::EventMask>, <ppm_daemon::monitor::watcher::private::WatchInfo>::process::{closure#6}>>>::new
FN:51,<ppm_daemon::utils::debug::DebugIter<core::iter::adapters::map::Map<bitflags::iter::IterNames<inotify::events::EventMask>, <ppm_daemon::monitor::watcher::private::WatchInfo>::process::{closure#4}>>>::new
FN:38,<ppm::utils::debug::DebugIter<core::iter::adapters::map::Map<bitflags::iter::IterNames<inotify::events::EventMask>, <ppm::monitor::watcher::private::WatchInfo>::process::{closure#4}>> as core::fmt::Debug>::fmt
FN:38,<ppm_daemon::utils::debug::DebugIter<core::slice::iter::Iter<i32>> as core::fmt::Debug>::fmt
FN:38,<ppm_daemon::utils::debug::DebugIter<core::iter::adapters::take::Take<core::iter::adapters::filter_map::FilterMap<core::slice::iter::Iter<libc::unix::pollfd>, <ppm_daemon::utils::poller::PollerFds>::iter::{closure#0}>>> as core::fmt::Debug>::fmt
FN:38,<ppm_daemon::utils::debug::DebugIter<core::iter::adapters::map::Map<bitflags::iter::IterNames<inotify::events::EventMask>, <ppm_daemon::monitor::watcher::private::WatchInfo>::process::{closure#2}>> as core::fmt::Debug>::fmt
FN:51,<ppm_daemon::utils::debug::DebugIter<core::iter::adapters::map::Map<core::slice::iter::Iter<libc::unix::pollfd>, <ppm_daemon::monitor::logger::LoggerThreadContext>::run::{closure#1}>>>::new
FN:38,<ppm::utils::debug::DebugIter<core::slice::iter::Iter<i32>> as core::fmt::Debug>::fmt
FN:51,<ppm_daemon::utils::debug::DebugIter<core::iter::adapters::map::Map<bitflags::iter::IterNames<inotify::events::EventMask>, <ppm_daemon::monitor::watcher::private::WatchInfo>::process::{closure#6}>>>::new
FN:51,<ppm_daemon::utils::debug::DebugIter<core::iter::adapters::map::Map<bitflags::iter::IterNames<inotify::events::EventMask>, <ppm_daemon::monitor::watcher::private::WatchInfo>::process::{closure#4}>>>::new
FN:38,<ppm::utils::debug::DebugIter<core::iter::adapters::take::Take<core::iter::adapters::filter_map::FilterMap<core::slice::iter::Iter<libc::unix::pollfd>, <ppm::utils::poller::PollerFds>::iter::{closure#0}>>> as core::fmt::Debug>::fmt
FN:38,<ppm_daemon::utils::debug::DebugIter<core::iter::adapters::map::Map<bitflags::iter::IterNames<inotify::events::EventMask>, <ppm_daemon::monitor::watcher::private::WatchInfo>::process::{closure#4}>> as core::fmt::Debug>::fmt
FN:51,<ppm_daemon::utils::debug::DebugIter<core::iter::adapters::map::Map<core::slice::iter::Iter<libc::unix::pollfd>, <ppm_daemon::monitor::logger::LoggerThreadContext>::run::{closure#1}>>>::new
FN:51,<ppm_daemon::utils::debug::DebugIter<core::iter::adapters::take::Take<core::iter::adapters::filter_map::FilterMap<core::slice::iter::Iter<libc::unix::pollfd>, <ppm_daemon::utils::poller::PollerFds>::iter::{closure#0}>>>>::new
FN:51,<ppm::utils::debug::DebugIter<core::iter::adapters::map::Map<bitflags::iter::IterNames<inotify::events::EventMask>, <ppm::monitor::watcher::private::WatchInfo>::process::{closure#6}>>>::new
FN:38,<ppm_daemon::utils::debug::DebugIter<core::iter::adapters::map::Map<bitflags::iter::IterNames<inotify::events::EventMask>, <ppm_daemon::monitor::watcher::private::WatchInfo>::process::{closure#4}>> as core::fmt::Debug>::fmt
FN:61,ppm_daemon::utils::debug::tests::debug_iter
FN:51,<ppm_daemon::utils::debug::DebugIter<core::iter::adapters::map::Map<bitflags::iter::IterNames<inotify::events::EventMask>, <ppm_daemon::monitor::watcher::private::WatchInfo>::process::{closure#6}>>>::new
FN:38,<ppm::utils::debug::DebugIter<core::iter::adapters::map::Map<bitflags::iter::IterNames<inotify::events::EventMask>, <ppm::monitor::watcher::private::WatchInfo>::process::{closure#2}>> as core::fmt::Debug>::fmt
FN:38,<ppm_daemon::utils::debug::DebugIter<core::iter::adapters::map::Map<core::slice::iter::Iter<libc::unix::pollfd>, <ppm_daemon::monitor::logger::LoggerThreadContext>::run::{closure#1}>> as core::fmt::Debug>::fmt
FN:38,<ppm::utils::debug::DebugIter<core::iter::adapters::map::Map<bitflags::iter::IterNames<inotify::events::EventMask>, <ppm::monitor::watcher::private::WatchInfo>::process::{closure#6}>> as core::fmt::Debug>::fmt
FN:51,<ppm_daemon::utils::debug::DebugIter<core::iter::adapters::take::Take<core::iter::adapters::filter_map::FilterMap<core::slice::iter::Iter<libc::unix::pollfd>, <ppm_daemon::utils::poller::PollerFds>::iter::{closure#0}>>>>::new
FN:51,<ppm::utils::debug::DebugIter<core::iter::adapters::map::Map<core::slice::iter::Iter<libc::unix::pollfd>, <ppm::monitor::logger::LoggerThreadContext>::run::{closure#1}>>>::new
FN:38,<ppm_daemon::utils::debug::DebugIter<core::iter::adapters::take::Take<core::iter::adapters::filter_map::FilterMap<core::slice::iter::Iter<libc::unix::pollfd>, <ppm_daemon::utils::poller::PollerFds>::iter::{closure#0}>>> as core::fmt::Debug>::fmt
FN:51,<ppm::utils::debug::DebugIter<core::slice::iter::Iter<i32>>>::new
FN:51,<ppm::utils::debug::DebugIter<core::iter::adapters::map::Map<bitflags::iter::IterNames<inotify::events::EventMask>, <ppm::monitor::watcher::private::WatchInfo>::process::{closure#4}>>>::new
FN:51,<ppm_daemon::utils::debug::DebugIter<core::iter::adapters::map::Map<bitflags::iter::IterNames<inotify::events::EventMask>, <ppm_daemon::monitor::watcher::private::WatchInfo>::process::{closure#2}>>>::new
FN:51,<ppm::utils::debug::DebugIter<core::iter::adapters::map::Map<bitflags::iter::IterNames<inotify::events::EventMask>, <ppm::monitor::watcher::private::WatchInfo>::process::{closure#2}>>>::new
FN:51,<ppm::utils::debug::DebugIter<core::iter::adapters::map::Map<bitflags::iter::IterNames<inotify::events::EventMask>, <ppm::monitor::watcher::private::WatchInfo>::process::{closure#2}>>>::new
FN:51,<ppm::utils::debug::DebugIter<core::iter::adapters::map::Map<bitflags::iter::IterNames<inotify::events::EventMask>, <ppm::monitor::watcher::private::WatchInfo>::process::{closure#4}>>>::new
FN:51,<ppm::utils::debug::DebugIter<core::iter::adapters::take::Take<core::iter::adapters::filter_map::FilterMap<core::slice::iter::Iter<libc::unix::pollfd>, <ppm::utils::poller::PollerFds>::iter::{closure#0}>>>>::new
FN:61,ppm::utils::debug::tests::debug_iter
FN:51,<ppm::utils::debug::DebugIter<core::iter::adapters::map::Map<core::slice::iter::Iter<libc::unix::pollfd>, <ppm::monitor::logger::LoggerThreadContext>::run::{closure#1}>>>::new
FN:38,<ppm_daemon::utils::debug::DebugIter<core::iter::adapters::map::Map<bitflags::iter::IterNames<inotify::events::EventMask>, <ppm_daemon::monitor::watcher::private::WatchInfo>::process::{closure#2}>> as core::fmt::Debug>::fmt
FN:51,<ppm_daemon::utils::debug::DebugIter<core::iter::adapters::map::Map<bitflags::iter::IterNames<inotify::events::EventMask>, <ppm_daemon::monitor::watcher::private::WatchInfo>::process::{closure#2}>>>::new
FN:51,<ppm_daemon::utils::debug::DebugIter<core::slice::iter::Iter<i32>>>::new
FN:38,<ppm_daemon::utils::debug::DebugIter<core::iter::adapters::take::Take<core::iter::adapters::filter_map::FilterMap<core::slice::iter::Iter<libc::unix::pollfd>, <ppm_daemon::utils::poller::PollerFds>::iter::{closure#0}>>> as core::fmt::Debug>::fmt
FN:51,<ppm::utils::debug::DebugIter<_>>::new
FN:51,<ppm_daemon::utils::debug::DebugIter<core::iter::adapters::map::Map<bitflags::iter::IterNames<inotify::events::EventMask>, <ppm_daemon::monitor::watcher::private::WatchInfo>::process::{closure#2}>>>::new
FN:38,<ppm::utils::debug::DebugIter<_> as core::fmt::Debug>::fmt
FN:51,<ppm::utils::debug::DebugIter<core::slice::iter::Iter<i32>>>::new
FN:51,<ppm_daemon::utils::debug::DebugIter<core::iter::adapters::map::Map<core::slice::iter::Iter<libc::unix::pollfd>, <ppm_daemon::monitor::logger::LoggerThreadContext>::run::{closure#1}>>>::new
FN:38,<ppm_daemon::utils::debug::DebugIter<core::iter::adapters::map::Map<bitflags::iter::IterNames<inotify::events::EventMask>, <ppm_daemon::monitor::watcher::private::WatchInfo>::process::{closure#4}>> as core::fmt::Debug>::fmt
FN:61,ppm::utils::debug::tests::debug_iter
FN:61,ppm_daemon::utils::debug::tests::debug_iter
FN:38,<ppm_daemon::utils::debug::DebugIter<core::iter::adapters::map::Map<bitflags::iter::IterNames<inotify::events::EventMask>, <ppm_daemon::monitor::watcher::private::WatchInfo>::process::{closure#6}>> as core::fmt::Debug>::fmt
FN:51,<ppm_daemon::utils::debug::DebugIter<core::iter::adapters::map::Map<bitflags::iter::IterNames<inotify::events::EventMask>, <ppm_daemon::monitor::watcher::private::WatchInfo>::process::{closure#4}>>>::new
FN:38,<ppm_daemon::utils::debug::DebugIter<core::iter::adapters::map::Map<bitflags::iter::IterNames<inotify::events::EventMask>, <ppm_daemon::monitor::watcher::private::WatchInfo>::process::{closure#6}>> as core::fmt::Debug>::fmt
FN:38,<ppm::utils::debug::DebugIter<core::iter::adapters::map::Map<bitflags::iter::IterNames<inotify::events::EventMask>, <ppm::monitor::watcher::private::WatchInfo>::process::{closure#4}>> as core::fmt::Debug>::fmt
FN:51,<ppm_daemon::utils::debug::DebugIter<core::slice::iter::Iter<i32>>>::new
FN:38,<ppm::utils::debug::DebugIter<core::iter::adapters::take::Take<core::iter::adapters::filter_map::FilterMap<core::slice::iter::Iter<libc::unix::pollfd>, <ppm::utils::poller::PollerFds>::iter::{closure#0}>>> as core::fmt::Debug>::fmt
FN:38,<ppm::utils::debug::DebugIter<_> as core::fmt::Debug>::fmt
FNDA:1,<ppm::utils::debug::DebugIter<core::iter::adapters::map::Map<bitflags::iter::IterNames<inotify::events::EventMask>, <ppm::monitor::watcher::private::WatchInfo>::process::{closure#6}>>>::new
FNDA:1,<ppm::utils::debug::DebugIter<core::slice::iter::Iter<i32>> as core::fmt::Debug>::fmt
FNDA:0,<ppm_daemon::utils::debug::DebugIter<core::iter::adapters::map::Map<bitflags::iter::IterNames<inotify::events::EventMask>, <ppm_daemon::monitor::watcher::private::WatchInfo>::process::{closure#6}>> as core::fmt::Debug>::fmt
FNDA:1,<ppm_daemon::utils::debug::DebugIter<core::slice::iter::Iter<i32>> as core::fmt::Debug>::fmt
FNDA:1,<ppm::utils::debug::DebugIter<core::iter::adapters::take::Take<core::iter::adapters::filter_map::FilterMap<core::slice::iter::Iter<libc::unix::pollfd>, <ppm::utils::poller::PollerFds>::iter::{closure#0}>>>>::new
FNDA:1,<ppm::utils::debug::DebugIter<core::iter::adapters::map::Map<bitflags::iter::IterNames<inotify::events::EventMask>, <ppm::monitor::watcher::private::WatchInfo>::process::{closure#2}>> as core::fmt::Debug>::fmt
FNDA:0,<ppm::utils::debug::DebugIter<core::iter::adapters::map::Map<bitflags::iter::IterNames<inotify::events::EventMask>, <ppm::monitor::watcher::private::WatchInfo>::process::{closure#6}>> as core::fmt::Debug>::fmt
FNDA:0,<ppm::utils::debug::DebugIter<_>>::new
FNDA:0,<ppm_daemon::utils::debug::DebugIter<core::iter::adapters::take::Take<core::iter::adapters::filter_map::FilterMap<core::slice::iter::Iter<libc::unix::pollfd>, <ppm_daemon::utils::poller::PollerFds>::iter::{closure#0}>>> as core::fmt::Debug>::fmt
FNDA:0,<ppm::utils::debug::DebugIter<core::iter::adapters::map::Map<core::slice::iter::Iter<libc::unix::pollfd>, <ppm::monitor::logger::LoggerThreadContext>::run::{closure#1}>> as core::fmt::Debug>::fmt
FNDA:1,<ppm::utils::debug::DebugIter<core::iter::adapters::map::Map<core::slice::iter::Iter<libc::unix::pollfd>, <ppm::monitor::logger::LoggerThreadContext>::run::{closure#1}>> as core::fmt::Debug>::fmt
FNDA:0,<ppm_daemon::utils::debug::DebugIter<core::iter::adapters::map::Map<bitflags::iter::IterNames<inotify::events::EventMask>, <ppm_daemon::monitor::watcher::private::WatchInfo>::process::{closure#2}>> as core::fmt::Debug>::fmt
FNDA:0,<ppm_daemon::utils::debug::DebugIter<core::iter::adapters::map::Map<bitflags::iter::IterNames<inotify::events::EventMask>, <ppm_daemon::monitor::watcher::private::WatchInfo>::process::{closure#4}>> as core::fmt::Debug>::fmt
FNDA:0,<ppm_daemon::utils::debug::DebugIter<core::iter::adapters::map::Map<bitflags::iter::IterNames<inotify::events::EventMask>, <ppm_daemon::monitor::watcher::private::WatchInfo>::process::{closure#4}>>>::new
FNDA:0,<ppm_daemon::utils::debug::DebugIter<core::iter::adapters::map::Map<bitflags::iter::IterNames<inotify::events::EventMask>, <ppm_daemon::monitor::watcher::private::WatchInfo>::process::{closure#2}>>>::new
FNDA:0,<ppm_daemon::utils::debug::DebugIter<core::iter::adapters::map::Map<core::slice::iter::Iter<libc::unix::pollfd>, <ppm_daemon::monitor::logger::LoggerThreadContext>::run::{closure#1}>> as core::fmt::Debug>::fmt
FNDA:0,<ppm_daemon::utils::debug::DebugIter<core::iter::adapters::take::Take<core::iter::adapters::filter_map::FilterMap<core::slice::iter::Iter<libc::unix::pollfd>, <ppm_daemon::utils::poller::PollerFds>::iter::{closure#0}>>>>::new
FNDA:0,<ppm_daemon::utils::debug::DebugIter<core::iter::adapters::take::Take<core::iter::adapters::filter_map::FilterMap<core::slice::iter::Iter<libc::unix::pollfd>, <ppm_daemon::utils::poller::PollerFds>::iter::{closure#0}>>>>::new
FNDA:0,<ppm_daemon::utils::debug::DebugIter<core::iter::adapters::map::Map<core::slice::iter::Iter<libc::unix::pollfd>, <ppm_daemon::monitor::logger::LoggerThreadContext>::run::{closure#1}>> as core::fmt::Debug>::fmt
FNDA:0,<ppm_daemon::utils::debug::DebugIter<core::iter::adapters::map::Map<core::slice::iter::Iter<libc::unix::pollfd>, <ppm_daemon::monitor::logger::LoggerThreadContext>::run::{closure#1}>>>::new
FNDA:0,<ppm_daemon::utils::debug::DebugIter<core::iter::adapters::map::Map<bitflags::iter::IterNames<inotify::events::EventMask>, <ppm_daemon::monitor::watcher::private::WatchInfo>::process::{closure#6}>>>::new
FNDA:0,<ppm_daemon::utils::debug::DebugIter<core::iter::adapters::map::Map<bitflags::iter::IterNames<inotify::events::EventMask>, <ppm_daemon::monitor::watcher::private::WatchInfo>::process::{closure#6}>> as core::fmt::Debug>::fmt
FNDA:0,<ppm_daemon::utils::debug::DebugIter<core::iter::adapters::map::Map<core::slice::iter::Iter<libc::unix::pollfd>, <ppm_daemon::monitor::logger::LoggerThreadContext>::run::{closure#1}>> as core::fmt::Debug>::fmt
FNDA:0,<ppm_daemon::utils::debug::DebugIter<core::iter::adapters::map::Map<bitflags::iter::IterNames<inotify::events::EventMask>, <ppm_daemon::monitor::watcher::private::WatchInfo>::process::{closure#2}>> as core::fmt::Debug>::fmt
FNDA:0,<ppm_daemon::utils::debug::DebugIter<core::iter::adapters::map::Map<bitflags::iter::IterNames<inotify::events::EventMask>, <ppm_daemon::monitor::watcher::private::WatchInfo>::process::{closure#6}>>>::new
FNDA:0,<ppm_daemon::utils::debug::DebugIter<core::iter::adapters::map::Map<bitflags::iter::IterNames<inotify::events::EventMask>, <ppm_daemon::monitor::watcher::private::WatchInfo>::process::{closure#4}>>>::new
FNDA:1,<ppm::utils::debug::DebugIter<core::iter::adapters::map::Map<bitflags::iter::IterNames<inotify::events::EventMask>, <ppm::monitor::watcher::private::WatchInfo>::process::{closure#4}>> as core::fmt::Debug>::fmt
FNDA:1,<ppm_daemon::utils::debug::DebugIter<core::slice::iter::Iter<i32>> as core::fmt::Debug>::fmt
FNDA:0,<ppm_daemon::utils::debug::DebugIter<core::iter::adapters::take::Take<core::iter::adapters::filter_map::FilterMap<core::slice::iter::Iter<libc::unix::pollfd>, <ppm_daemon::utils::poller::PollerFds>::iter::{closure#0}>>> as core::fmt::Debug>::fmt
FNDA:0,<ppm_daemon::utils::debug::DebugIter<core::iter::adapters::map::Map<bitflags::iter::IterNames<inotify::events::EventMask>, <ppm_daemon::monitor::watcher::private::WatchInfo>::process::{closure#2}>> as core::fmt::Debug>::fmt
FNDA:0,<ppm_daemon::utils::debug::DebugIter<core::iter::adapters::map::Map<core::slice::iter::Iter<libc::unix::pollfd>, <ppm_daemon::monitor::logger::LoggerThreadContext>::run::{closure#1}>>>::new
FNDA:1,<ppm::utils::debug::DebugIter<core::slice::iter::Iter<i32>> as core::fmt::Debug>::fmt
FNDA:0,<ppm_daemon::utils::debug::DebugIter<core::iter::adapters::map::Map<bitflags::iter::IterNames<inotify::events::EventMask>, <ppm_daemon::monitor::watcher::private::WatchInfo>::process::{closure#6}>>>::new
FNDA:0,<ppm_daemon::utils::debug::DebugIter<core::iter::adapters::map::Map<bitflags::iter::IterNames<inotify::events::EventMask>, <ppm_daemon::monitor::watcher::private::WatchInfo>::process::{closure#4}>>>::new
FNDA:0,<ppm::utils::debug::DebugIter<core::iter::adapters::take::Take<core::iter::adapters::filter_map::FilterMap<core::slice::iter::Iter<libc::unix::pollfd>, <ppm::utils::poller::PollerFds>::iter::{closure#0}>>> as core::fmt::Debug>::fmt
FNDA:0,<ppm_daemon::utils::debug::DebugIter<core::iter::adapters::map::Map<bitflags::iter::IterNames<inotify::events::EventMask>, <ppm_daemon::monitor::watcher::private::WatchInfo>::process::{closure#4}>> as core::fmt::Debug>::fmt
FNDA:0,<ppm_daemon::utils::debug::DebugIter<core::iter::adapters::map::Map<core::slice::iter::Iter<libc::unix::pollfd>, <ppm_daemon::monitor::logger::LoggerThreadContext>::run::{closure#1}>>>::new
FNDA:0,<ppm_daemon::utils::debug::DebugIter<core::iter::adapters::take::Take<core::iter::adapters::filter_map::FilterMap<core::slice::iter::Iter<libc::unix::pollfd>, <ppm_daemon::utils::poller::PollerFds>::iter::{closure#0}>>>>::new
FNDA:0,<ppm::utils::debug::DebugIter<core::iter::adapters::map::Map<bitflags::iter::IterNames<inotify::events::EventMask>, <ppm::monitor::watcher::private::WatchInfo>::process::{closure#6}>>>::new
FNDA:0,<ppm_daemon::utils::debug::DebugIter<core::iter::adapters::map::Map<bitflags::iter::IterNames<inotify::events::EventMask>, <ppm_daemon::monitor::watcher::private::WatchInfo>::process::{closure#4}>> as core::fmt::Debug>::fmt
FNDA:1,ppm_daemon::utils::debug::tests::debug_iter
FNDA:0,<ppm_daemon::utils::debug::DebugIter<core::iter::adapters::map::Map<bitflags::iter::IterNames<inotify::events::EventMask>, <ppm_daemon::monitor::watcher::private::WatchInfo>::process::{closure#6}>>>::new
FNDA:0,<ppm::utils::debug::DebugIter<core::iter::adapters::map::Map<bitflags::iter::IterNames<inotify::events::EventMask>, <ppm::monitor::watcher::private::WatchInfo>::process::{closure#2}>> as core::fmt::Debug>::fmt
FNDA:0,<ppm_daemon::utils::debug::DebugIter<core::iter::adapters::map::Map<core::slice::iter::Iter<libc::unix::pollfd>, <ppm_daemon::monitor::logger::LoggerThreadContext>::run::{closure#1}>> as core::fmt::Debug>::fmt
FNDA:1,<ppm::utils::debug::DebugIter<core::iter::adapters::map::Map<bitflags::iter::IterNames<inotify::events::EventMask>, <ppm::monitor::watcher::private::WatchInfo>::process::{closure#6}>> as core::fmt::Debug>::fmt
FNDA:0,<ppm_daemon::utils::debug::DebugIter<core::iter::adapters::take::Take<core::iter::adapters::filter_map::FilterMap<core::slice::iter::Iter<libc::unix::pollfd>, <ppm_daemon::utils::poller::PollerFds>::iter::{closure#0}>>>>::new
FNDA:0,<ppm::utils::debug::DebugIter<core::iter::adapters::map::Map<core::slice::iter::Iter<libc::unix::pollfd>, <ppm::monitor::logger::LoggerThreadContext>::run::{closure#1}>>>::new
FNDA:0,<ppm_daemon::utils::debug::DebugIter<core::iter::adapters::take::Take<core::iter::adapters::filter_map::FilterMap<core::slice::iter::Iter<libc::unix::pollfd>, <ppm_daemon::utils::poller::PollerFds>::iter::{closure#0}>>> as core::fmt::Debug>::fmt
FNDA:1,<ppm::utils::debug::DebugIter<core::slice::iter::Iter<i32>>>::new
FNDA:1,<ppm::utils::debug::DebugIter<core::iter::adapters::map::Map<bitflags::iter::IterNames<inotify::events::EventMask>, <ppm::monitor::watcher::private::WatchInfo>::process::{closure#4}>>>::new
FNDA:0,<ppm_daemon::utils::debug::DebugIter<core::iter::adapters::map::Map<bitflags::iter::IterNames<inotify::events::EventMask>, <ppm_daemon::monitor::watcher::private::WatchInfo>::process::{closure#2}>>>::new
FNDA:1,<ppm::utils::debug::DebugIter<core::iter::adapters::map::Map<bitflags::iter::IterNames<inotify::events::EventMask>, <ppm::monitor::watcher::private::WatchInfo>::process::{closure#2}>>>::new
FNDA:0,<ppm::utils::debug::DebugIter<core::iter::adapters::map::Map<bitflags::iter::IterNames<inotify::events::EventMask>, <ppm::monitor::watcher::private::WatchInfo>::process::{closure#2}>>>::new
FNDA:0,<ppm::utils::debug::DebugIter<core::iter::adapters::map::Map<bitflags::iter::IterNames<inotify::events::EventMask>, <ppm::monitor::watcher::private::WatchInfo>::process::{closure#4}>>>::new
FNDA:0,<ppm::utils::debug::DebugIter<core::iter::adapters::take::Take<core::iter::adapters::filter_map::FilterMap<core::slice::iter::Iter<libc::unix::pollfd>, <ppm::utils::poller::PollerFds>::iter::{closure#0}>>>>::new
FNDA:1,ppm::utils::debug::tests::debug_iter
FNDA:1,<ppm::utils::debug::DebugIter<core::iter::adapters::map::Map<core::slice::iter::Iter<libc::unix::pollfd>, <ppm::monitor::logger::LoggerThreadContext>::run::{closure#1}>>>::new
FNDA:0,<ppm_daemon::utils::debug::DebugIter<core::iter::adapters::map::Map<bitflags::iter::IterNames<inotify::events::EventMask>, <ppm_daemon::monitor::watcher::private::WatchInfo>::process::{closure#2}>> as core::fmt::Debug>::fmt
FNDA:0,<ppm_daemon::utils::debug::DebugIter<core::iter::adapters::map::Map<bitflags::iter::IterNames<inotify::events::EventMask>, <ppm_daemon::monitor::watcher::private::WatchInfo>::process::{closure#2}>>>::new
FNDA:1,<ppm_daemon::utils::debug::DebugIter<core::slice::iter::Iter<i32>>>::new
FNDA:0,<ppm_daemon::utils::debug::DebugIter<core::iter::adapters::take::Take<core::iter::adapters::filter_map::FilterMap<core::slice::iter::Iter<libc::unix::pollfd>, <ppm_daemon::utils::poller::PollerFds>::iter::{closure#0}>>> as core::fmt::Debug>::fmt
FNDA:0,<ppm::utils::debug::DebugIter<_>>::new
FNDA:0,<ppm_daemon::utils::debug::DebugIter<core::iter::adapters::map::Map<bitflags::iter::IterNames<inotify::events::EventMask>, <ppm_daemon::monitor::watcher::private::WatchInfo>::process::{closure#2}>>>::new
FNDA:0,<ppm::utils::debug::DebugIter<_> as core::fmt::Debug>::fmt
FNDA:1,<ppm::utils::debug::DebugIter<core::slice::iter::Iter<i32>>>::new
FNDA:0,<ppm_daemon::utils::debug::DebugIter<core::iter::adapters::map::Map<core::slice::iter::Iter<libc::unix::pollfd>, <ppm_daemon::monitor::logger::LoggerThreadContext>::run::{closure#1}>>>::new
FNDA:0,<ppm_daemon::utils::debug::DebugIter<core::iter::adapters::map::Map<bitflags::iter::IterNames<inotify::events::EventMask>, <ppm_daemon::monitor::watcher::private::WatchInfo>::process::{closure#4}>> as core::fmt::Debug>::fmt
FNDA:1,ppm::utils::debug::tests::debug_iter
FNDA:1,ppm_daemon::utils::debug::tests::debug_iter
FNDA:0,<ppm_daemon::utils::debug::DebugIter<core::iter::adapters::map::Map<bitflags::iter::IterNames<inotify::events::EventMask>, <ppm_daemon::monitor::watcher::private::WatchInfo>::process::{closure#6}>> as core::fmt::Debug>::fmt
FNDA:0,<ppm_daemon::utils::debug::DebugIter<core::iter::adapters::map::Map<bitflags::iter::IterNames<inotify::events::EventMask>, <ppm_daemon::monitor::watcher::private::WatchInfo>::process::{closure#4}>>>::new
FNDA:0,<ppm_daemon::utils::debug::DebugIter<core::iter::adapters::map::Map<bitflags::iter::IterNames<inotify::events::EventMask>, <ppm_daemon::monitor::watcher::private::WatchInfo>::process::{closure#6}>> as core::fmt::Debug>::fmt
FNDA:0,<ppm::utils::debug::DebugIter<core::iter::adapters::map::Map<bitflags::iter::IterNames<inotify::events::EventMask>, <ppm::monitor::watcher::private::WatchInfo>::process::{closure#4}>> as core::fmt::Debug>::fmt
FNDA:1,<ppm_daemon::utils::debug::DebugIter<core::slice::iter::Iter<i32>>>::new
FNDA:1,<ppm::utils::debug::DebugIter<core::iter::adapters::take::Take<core::iter::adapters::filter_map::FilterMap<core::slice::iter::Iter<libc::unix::pollfd>, <ppm::utils::poller::PollerFds>::iter::{closure#0}>>> as core::fmt::Debug>::fmt
FNDA:0,<ppm::utils::debug::DebugIter<_> as core::fmt::Debug>::fmt
FNF:76
FNH:22
BRF:0
BRH:0
DA:38,255
DA:39,255
DA:41,255
DA:42,265
DA:43,189
DA:44,189
DA:45,0
DA:46,255
DA:47,255
DA:51,255
DA:52,255
DA:53,255
LF:12
LH:11
end_of_record
SF:src/cmdline/server.rs
FN:213,<ppm::cmdline::server::Server>::run_action::{closure#5}
FN:179,<ppm::cmdline::server::Server>::run_action::{closure#1}
FN:144,<ppm::cmdline::server::Server>::find_service::{closure#0}
FN:73,<ppm_daemon::cmdline::server::Server>::new::<core::net::socket_addr::SocketAddr>
FN:66,<ppm_daemon::cmdline::server::ServerToken as core::ops::drop::Drop>::drop
FN:140,<ppm_daemon::cmdline::server::Server>::find_service
FN:149,<ppm_daemon::cmdline::server::Server>::handle
FN:105,<ppm_daemon::cmdline::server::Server>::run::{closure#0}::{closure#0}
FN:145,<ppm_daemon::cmdline::server::Server>::find_service::{closure#1}
FN:206,<ppm_daemon::cmdline::server::Server>::run_action::{closure#4}
FN:144,<ppm_daemon::cmdline::server::Server>::find_service::{closure#0}
FN:129,<ppm_daemon::cmdline::server::Server>::stop
FN:185,<ppm_daemon::cmdline::server::Server>::run_action::{closure#2}
FN:179,<ppm::cmdline::server::Server>::run_action::{closure#1}
FN:254,<ppm::cmdline::server::Server>::run_action::{closure#7}
FN:149,<ppm::cmdline::server::Server>::handle
FN:254,<ppm_daemon::cmdline::server::Server>::run_action::{closure#7}
FN:299,ppm::cmdline::server::tests::request::{closure#0}::{closure#1}
FN:297,ppm::cmdline::server::tests::request::{closure#0}::{closure#0}
FN:206,<ppm::cmdline::server::Server>::run_action::{closure#4}
FN:105,<ppm_daemon::cmdline::server::Server>::run::{closure#0}::{closure#0}
FN:213,<ppm_daemon::cmdline::server::Server>::run_action::{closure#5}
FN:185,<ppm::cmdline::server::Server>::run_action::{closure#2}
FN:57,<ppm::cmdline::server::ServerToken>::new
FN:173,<ppm::cmdline::server::Server>::run_action::{closure#0}::{closure#0}
FN:206,<ppm_daemon::cmdline::server::Server>::run_action::{closure#4}
FN:57,<ppm::cmdline::server::ServerToken>::new
FN:149,<ppm::cmdline::server::Server>::handle
FN:173,<ppm::cmdline::server::Server>::run_action::{closure#0}
FN:140,<ppm::cmdline::server::Server>::find_service
FN:173,<ppm::cmdline::server::Server>::run_action::{closure#0}
FN:254,<ppm::cmdline::server::Server>::run_action::{closure#7}
FN:129,<ppm_daemon::cmdline::server::Server>::stop
FN:179,<ppm_daemon::cmdline::server::Server>::run_action::{closure#1}
FN:140,<ppm_daemon::cmdline::server::Server>::find_service
FN:73,<ppm::cmdline::server::Server>::new::<_>
FN:162,<ppm_daemon::cmdline::server::Server>::run_action
FN:297,ppm::cmdline::server::tests::request::{closure#0}::{closure#0}
FN:213,<ppm_daemon::cmdline::server::Server>::run_action::{closure#5}
FN:173,<ppm::cmdline::server::Server>::run_action::{closure#0}::{closure#0}
FN:57,<ppm_daemon::cmdline::server::ServerToken>::new
FN:162,<ppm_daemon::cmdline::server::Server>::run_action
FN:220,<ppm_daemon::cmdline::server::Server>::run_action::{closure#6}
FN:213,<ppm::cmdline::server::Server>::run_action::{closure#5}
FN:162,<ppm::cmdline::server::Server>::run_action
FN:85,<ppm_daemon::cmdline::server::Server>::run
FN:105,<ppm_daemon::cmdline::server::Server>::run::{closure#0}::{closure#0}
FN:213,<ppm_daemon::cmdline::server::Server>::run_action::{closure#5}
FN:144,<ppm_daemon::cmdline::server::Server>::find_service::{closure#0}
FN:105,<ppm::cmdline::server::Server>::run::{closure#0}::{closure#0}
FN:213,<ppm::cmdline::server::Server>::run_action::{closure#5}
FN:179,<ppm_daemon::cmdline::server::Server>::run_action::{closure#1}
FN:265,<ppm_daemon::cmdline::server::Server>::run_action::{closure#8}
FN:85,<ppm::cmdline::server::Server>::run
FN:73,<ppm_daemon::cmdline::server::Server>::new::<core::net::socket_addr::SocketAddr>
FN:185,<ppm::cmdline::server::Server>::run_action::{closure#2}
FN:85,<ppm_daemon::cmdline::server::Server>::run
FN:299,ppm_daemon::cmdline::server::tests::request::{closure#0}::{closure#1}
FN:265,<ppm::cmdline::server::Server>::run_action::{closure#8}
FN:185,<ppm_daemon::cmdline::server::Server>::run_action::{closure#2}
FN:173,<ppm::cmdline::server::Server>::run_action::{closure#0}
FN:213,<ppm_daemon::cmdline::server::Server>::run_action::{closure#5}
FN:196,<ppm_daemon::cmdline::server::Server>::run_action::{closure#3}
FN:129,<ppm_daemon::cmdline::server::Server>::stop
FN:133,<ppm_daemon::cmdline::server::Server>::stop::{closure#0}::{closure#0}
FN:145,<ppm_daemon::cmdline::server::Server>::find_service::{closure#1}
FN:220,<ppm::cmdline::server::Server>::run_action::{closure#6}
FN:196,<ppm::cmdline::server::Server>::run_action::{closure#3}
FN:220,<ppm::cmdline::server::Server>::run_action::{closure#6}
FN:73,<ppm::cmdline::server::Server>::new::<_>
FN:173,<ppm::cmdline::server::Server>::run_action::{closure#0}
FN:220,<ppm_daemon::cmdline::server::Server>::run_action::{closure#6}
FN:196,<ppm_daemon::cmdline::server::Server>::run_action::{closure#3}
FN:133,<ppm::cmdline::server::Server>::stop::{closure#0}::{closure#0}
FN:140,<ppm::cmdline::server::Server>::find_service
FN:206,<ppm::cmdline::server::Server>::run_action::{closure#4}
FN:129,<ppm_daemon::cmdline::server::Server>::stop
FN:206,<ppm::cmdline::server::Server>::run_action::{closure#4}
FN:179,<ppm::cmdline::server::Server>::run_action::{closure#1}
FN:179,<ppm_daemon::cmdline::server::Server>::run_action::{closure#1}
FN:254,<ppm::cmdline::server::Server>::run_action::{closure#7}
FN:145,<ppm_daemon::cmdline::server::Server>::find_service::{closure#1}
FN:85,<ppm::cmdline::server::Server>::run
FN:299,ppm_daemon::cmdline::server::tests::request::{closure#0}::{closure#1}
FN:66,<ppm::cmdline::server::ServerToken as core::ops::drop::Drop>::drop
FN:57,<ppm_daemon::cmdline::server::ServerToken>::new
FN:299,ppm::cmdline::server::tests::request::{closure#0}::{closure#1}
FN:162,<ppm::cmdline::server::Server>::run_action
FN:105,<ppm::cmdline::server::Server>::run::{closure#0}::{closure#0}
FN:265,<ppm::cmdline::server::Server>::run_action::{closure#8}
FN:57,<ppm_daemon::cmdline::server::ServerToken>::new
FN:173,<ppm_daemon::cmdline::server::Server>::run_action::{closure#0}
FN:220,<ppm_daemon::cmdline::server::Server>::run_action::{closure#6}
FN:66,<ppm_daemon::cmdline::server::ServerToken as core::ops::drop::Drop>::drop
FN:133,<ppm_daemon::cmdline::server::Server>::stop::{closure#0}::{closure#0}
FN:289,ppm::cmdline::server::tests::request::{closure#0}
FN:149,<ppm_daemon::cmdline::server::Server>::handle
FN:105,<ppm::cmdline::server::Server>::run::{closure#0}::{closure#0}
FN:173,<ppm::cmdline::server::Server>::run_action::{closure#0}::{closure#0}
FN:265,<ppm::cmdline::server::Server>::run_action::{closure#8}
FN:185,<ppm_daemon::cmdline::server::Server>::run_action::{closure#2}
FN:144,<ppm::cmdline::server::Server>::find_service::{closure#0}
FN:213,<ppm::cmdline::server::Server>::run_action::{closure#5}
FN:206,<ppm::cmdline::server::Server>::run_action::{closure#4}
FN:73,<ppm::cmdline::server::Server>::new::<&str>
FN:206,<ppm_daemon::cmdline::server::Server>::run_action::{closure#4}
FN:173,<ppm_daemon::cmdline::server::Server>::run_action::{closure#0}
FN:185,<ppm::cmdline::server::Server>::run_action::{closure#2}
FN:144,<ppm_daemon::cmdline::server::Server>::find_service::{closure#0}
FN:66,<ppm_daemon::cmdline::server::ServerToken as core::ops::drop::Drop>::drop
FN:254,<ppm::cmdline::server::Server>::run_action::{closure#7}
FN:149,<ppm_daemon::cmdline::server::Server>::handle
FN:145,<ppm::cmdline::server::Server>::find_service::{closure#1}
FN:145,<ppm::cmdline::server::Server>::find_service::{closure#1}
FN:179,<ppm::cmdline::server::Server>::run_action::{closure#1}
FN:57,<ppm::cmdline::server::ServerToken>::new
FN:145,<ppm::cmdline::server::Server>::find_service::{closure#1}
FN:140,<ppm_daemon::cmdline::server::Server>::find_service
FN:144,<ppm::cmdline::server::Server>::find_service::{closure#0}
FN:220,<ppm_daemon::cmdline::server::Server>::run_action::{closure#6}
FN:133,<ppm::cmdline::server::Server>::stop::{closure#0}::{closure#0}
FN:85,<ppm::cmdline::server::Server>::run
FN:173,<ppm_daemon::cmdline::server::Server>::run_action::{closure#0}::{closure#0}
FN:196,<ppm::cmdline::server::Server>::run_action::{closure#3}
FN:57,<ppm::cmdline::server::ServerToken>::new
FN:73,<ppm_daemon::cmdline::server::Server>::new::<&str>
FN:133,<ppm::cmdline::server::Server>::stop::{closure#0}::{closure#0}
FN:185,<ppm::cmdline::server::Server>::run_action::{closure#2}
FN:85,<ppm_daemon::cmdline::server::Server>::run
FN:173,<ppm_daemon::cmdline::server::Server>::run_action::{closure#0}::{closure#0}
FN:73,<ppm_daemon::cmdline::server::Server>::new::<&str>
FN:173,<ppm_daemon::cmdline::server::Server>::run_action::{closure#0}
FN:179,<ppm_daemon::cmdline::server::Server>::run_action::{closure#1}
FN:185,<ppm_daemon::cmdline::server::Server>::run_action::{closure#2}
FN:220,<ppm::cmdline::server::Server>::run_action::{closure#6}
FN:265,<ppm::cmdline::server::Server>::run_action::{closure#8}
FN:85,<ppm::cmdline::server::Server>::run
FN:173,<ppm::cmdline::server::Server>::run_action::{closure#0}::{closure#0}
FN:196,<ppm::cmdline::server::Server>::run_action::{closure#3}
FN:162,<ppm::cmdline::server::Server>::run_action
FN:196,<ppm_daemon::cmdline::server::Server>::run_action::{closure#3}
FN:149,<ppm::cmdline::server::Server>::handle
FN:105,<ppm_daemon::cmdline::server::Server>::run::{closure#0}::{closure#0}
FN:254,<ppm_daemon::cmdline::server::Server>::run_action::{closure#7}
FN:129,<ppm::cmdline::server::Server>::stop
FN:289,ppm_daemon::cmdline::server::tests::request::{closure#0}
FN:265,<ppm_daemon::cmdline::server::Server>::run_action::{closure#8}
FN:254,<ppm_daemon::cmdline::server::Server>::run_action::{closure#7}
FN:66,<ppm_daemon::cmdline::server::ServerToken as core::ops::drop::Drop>::drop
FN:289,ppm_daemon::cmdline::server::tests::request::{closure#0}
FN:140,<ppm_daemon::cmdline::server::Server>::find_service
FN:140,<ppm::cmdline::server::Server>::find_service
FN:173,<ppm_daemon::cmdline::server::Server>::run_action::{closure#0}::{closure#0}
FN:85,<ppm_daemon::cmdline::server::Server>::run
FN:145,<ppm_daemon::cmdline::server::Server>::find_service::{closure#1}
FN:149,<ppm::cmdline::server::Server>::handle
FN:133,<ppm_daemon::cmdline::server::Server>::stop::{closure#0}::{closure#0}
FN:289,ppm::cmdline::server::tests::request::{closure#0}
FN:129,<ppm::cmdline::server::Server>::stop
FN:265,<ppm_daemon::cmdline::server::Server>::run_action::{closure#8}
FN:145,<ppm::cmdline::server::Server>::find_service::{closure#1}
FN:144,<ppm_daemon::cmdline::server::Server>::find_service::{closure#0}
FN:105,<ppm::cmdline::server::Server>::run::{closure#0}::{closure#0}
FN:129,<ppm::cmdline::server::Server>::stop
FN:57,<ppm_daemon::cmdline::server::ServerToken>::new
FN:196,<ppm::cmdline::server::Server>::run_action::{closure#3}
FN:297,ppm_daemon::cmdline::server::tests::request::{closure#0}::{closure#0}
FN:297,ppm_daemon::cmdline::server::tests::request::{closure#0}::{closure#0}
FN:196,<ppm_daemon::cmdline::server::Server>::run_action::{closure#3}
FN:162,<ppm::cmdline::server::Server>::run_action
FN:66,<ppm::cmdline::server::ServerToken as core::ops::drop::Drop>::drop
FN:220,<ppm::cmdline::server::Server>::run_action::{closure#6}
FN:133,<ppm_daemon::cmdline::server::Server>::stop::{closure#0}::{closure#0}
FN:206,<ppm_daemon::cmdline::server::Server>::run_action::{closure#4}
FN:73,<ppm::cmdline::server::Server>::new::<&str>
FN:144,<ppm::cmdline::server::Server>::find_service::{closure#0}
FN:149,<ppm_daemon::cmdline::server::Server>::handle
FN:173,<ppm_daemon::cmdline::server::Server>::run_action::{closure#0}
FN:162,<ppm_daemon::cmdline::server::Server>::run_action
FN:129,<ppm::cmdline::server::Server>::stop
FN:265,<ppm_daemon::cmdline::server::Server>::run_action::{closure#8}
FN:162,<ppm_daemon::cmdline::server::Server>::run_action
FN:254,<ppm_daemon::cmdline::server::Server>::run_action::{closure#7}
FN:173,<ppm_daemon::cmdline::server::Server>::run_action::{closure#0}::{closure#0}
FN:66,<ppm::cmdline::server::ServerToken as core::ops::drop::Drop>::drop
FN:140,<ppm::cmdline::server::Server>::find_service
FN:133,<ppm::cmdline::server::Server>::stop::{closure#0}::{closure#0}
FN:66,<ppm::cmdline::server::ServerToken as core::ops::drop::Drop>::drop
FNDA:0,<ppm::cmdline::server::Server>::run_action::{closure#5}
FNDA:1,<ppm::cmdline::server::Server>::run_action::{closure#1}
FNDA:0,<ppm::cmdline::server::Server>::find_service::{closure#0}
FNDA:0,<ppm_daemon::cmdline::server::Server>::new::<core::net::socket_addr::SocketAddr>
FNDA:1,<ppm_daemon::cmdline::server::ServerToken as core::ops::drop::Drop>::drop
FNDA:0,<ppm_daemon::cmdline::server::Server>::find_service
FNDA:1,<ppm_daemon::cmdline::server::Server>::handle
FNDA:1,<ppm_daemon::cmdline::server::Server>::run::{closure#0}::{closure#0}
FNDA:0,<ppm_daemon::cmdline::server::Server>::find_service::{closure#1}
FNDA:0,<ppm_daemon::cmdline::server::Server>::run_action::{closure#4}
FNDA:0,<ppm_daemon::cmdline::server::Server>::find_service::{closure#0}
FNDA:0,<ppm_daemon::cmdline::server::Server>::stop
FNDA:0,<ppm_daemon::cmdline::server::Server>::run_action::{closure#2}
FNDA:0,<ppm::cmdline::server::Server>::run_action::{closure#1}
FNDA:0,<ppm::cmdline::server::Server>::run_action::{closure#7}
FNDA:1,<ppm::cmdline::server::Server>::handle
FNDA:0,<ppm_daemon::cmdline::server::Server>::run_action::{closure#7}
FNDA:1,ppm::cmdline::server::tests::request::{closure#0}::{closure#1}
FNDA:1,ppm::cmdline::server::tests::request::{closure#0}::{closure#0}
FNDA:0,<ppm::cmdline::server::Server>::run_action::{closure#4}
FNDA:0,<ppm_daemon::cmdline::server::Server>::run::{closure#0}::{closure#0}
FNDA:0,<ppm_daemon::cmdline::server::Server>::run_action::{closure#5}
FNDA:0,<ppm::cmdline::server::Server>::run_action::{closure#2}
FNDA:0,<ppm::cmdline::server::ServerToken>::new
FNDA:0,<ppm::cmdline::server::Server>::run_action::{closure#0}::{closure#0}
FNDA:0,<ppm_daemon::cmdline::server::Server>::run_action::{closure#4}
FNDA:0,<ppm::cmdline::server::ServerToken>::new
FNDA:0,<ppm::cmdline::server::Server>::handle
FNDA:1,<ppm::cmdline::server::Server>::run_action::{closure#0}
FNDA:0,<ppm::cmdline::server::Server>::find_service
FNDA:0,<ppm::cmdline::server::Server>::run_action::{closure#0}
FNDA:0,<ppm::cmdline::server::Server>::run_action::{closure#7}
FNDA:0,<ppm_daemon::cmdline::server::Server>::stop
FNDA:0,<ppm_daemon::cmdline::server::Server>::run_action::{closure#1}
FNDA:0,<ppm_daemon::cmdline::server::Server>::find_service
FNDA:0,<ppm::cmdline::server::Server>::new::<_>
FNDA:0,<ppm_daemon::cmdline::server::Server>::run_action
FNDA:1,ppm::cmdline::server::tests::request::{closure#0}::{closure#0}
FNDA:0,<ppm_daemon::cmdline::server::Server>::run_action::{closure#5}
FNDA:1,<ppm::cmdline::server::Server>::run_action::{closure#0}::{closure#0}
FNDA:1,<ppm_daemon::cmdline::server::ServerToken>::new
FNDA:1,<ppm_daemon::cmdline::server::Server>::run_action
FNDA:0,<ppm_daemon::cmdline::server::Server>::run_action::{closure#6}
FNDA:0,<ppm::cmdline::server::Server>::run_action::{closure#5}
FNDA:1,<ppm::cmdline::server::Server>::run_action
FNDA:0,<ppm_daemon::cmdline::server::Server>::run
FNDA:0,<ppm_daemon::cmdline::server::Server>::run::{closure#0}::{closure#0}
FNDA:0,<ppm_daemon::cmdline::server::Server>::run_action::{closure#5}
FNDA:0,<ppm_daemon::cmdline::server::Server>::find_service::{closure#0}
FNDA:1,<ppm::cmdline::server::Server>::run::{closure#0}::{closure#0}
FNDA:0,<ppm::cmdline::server::Server>::run_action::{closure#5}
FNDA:1,<ppm_daemon::cmdline::server::Server>::run_action::{closure#1}
FNDA:0,<ppm_daemon::cmdline::server::Server>::run_action::{closure#8}
FNDA:1,<ppm::cmdline::server::Server>::run
FNDA:0,<ppm_daemon::cmdline::server::Server>::new::<core::net::socket_addr::SocketAddr>
FNDA:0,<ppm::cmdline::server::Server>::run_action::{closure#2}
FNDA:1,<ppm_daemon::cmdline::server::Server>::run
FNDA:1,ppm_daemon::cmdline::server::tests::request::{closure#0}::{closure#1}
FNDA:0,<ppm::cmdline::server::Server>::run_action::{closure#8}
FNDA:0,<ppm_daemon::cmdline::server::Server>::run_action::{closure#2}
FNDA:1,<ppm::cmdline::server::Server>::run_action::{closure#0}
FNDA:0,<ppm_daemon::cmdline::server::Server>::run_action::{closure#5}
FNDA:0,<ppm_daemon::cmdline::server::Server>::run_action::{closure#3}
FNDA:1,<ppm_daemon::cmdline::server::Server>::stop
FNDA:1,<ppm_daemon::cmdline::server::Server>::stop::{closure#0}::{closure#0}
FNDA:0,<ppm_daemon::cmdline::server::Server>::find_service::{closure#1}
FNDA:0,<ppm::cmdline::server::Server>::run_action::{closure#6}
FNDA:0,<ppm::cmdline::server::Server>::run_action::{closure#3}
FNDA:0,<ppm::cmdline::server::Server>::run_action::{closure#6}
FNDA:0,<ppm::cmdline::server::Server>::new::<_>
FNDA:0,<ppm::cmdline::server::Server>::run_action::{closure#0}
FNDA:0,<ppm_daemon::cmdline::server::Server>::run_action::{closure#6}
FNDA:0,<ppm_daemon::cmdline::server::Server>::run_action::{closure#3}
FNDA:0,<ppm::cmdline::server::Server>::stop::{closure#0}::{closure#0}
FNDA:0,<ppm::cmdline::server::Server>::find_service
FNDA:0,<ppm::cmdline::server::Server>::run_action::{closure#4}
FNDA:1,<ppm_daemon::cmdline::server::Server>::stop
FNDA:0,<ppm::cmdline::server::Server>::run_action::{closure#4}
FNDA:0,<ppm::cmdline::server::Server>::run_action::{closure#1}
FNDA:1,<ppm_daemon::cmdline::server::Server>::run_action::{closure#1}
FNDA:0,<ppm::cmdline::server::Server>::run_action::{closure#7}
FNDA:0,<ppm_daemon::cmdline::server::Server>::find_service::{closure#1}
FNDA:0,<ppm::cmdline::server::Server>::run
FNDA:1,ppm_daemon::cmdline::server::tests::request::{closure#0}::{closure#1}
FNDA:0,<ppm::cmdline::server::ServerToken as core::ops::drop::Drop>::drop
FNDA:1,<ppm_daemon::cmdline::server::ServerToken>::new
FNDA:1,ppm::cmdline::server::tests::request::{closure#0}::{closure#1}
FNDA:1,<ppm::cmdline::server::Server>::run_action
FNDA:0,<ppm::cmdline::server::Server>::run::{closure#0}::{closure#0}
FNDA:0,<ppm::cmdline::server::Server>::run_action::{closure#8}
FNDA:0,<ppm_daemon::cmdline::server::ServerToken>::new
FNDA:0,<ppm_daemon::cmdline::server::Server>::run_action::{closure#0}
FNDA:0,<ppm_daemon::cmdline::server::Server>::run_action::{closure#6}
FNDA:0,<ppm_daemon::cmdline::server::ServerToken as core::ops::drop::Drop>::drop
FNDA:0,<ppm_daemon::cmdline::server::Server>::stop::{closure#0}::{closure#0}
FNDA:1,ppm::cmdline::server::tests::request::{closure#0}
FNDA:0,<ppm_daemon::cmdline::server::Server>::handle
FNDA:0,<ppm::cmdline::server::Server>::run::{closure#0}::{closure#0}
FNDA:0,<ppm::cmdline::server::Server>::run_action::{closure#0}::{closure#0}
FNDA:0,<ppm::cmdline::server::Server>::run_action::{closure#8}
FNDA:0,<ppm_daemon::cmdline::server::Server>::run_action::{closure#2}
FNDA:0,<ppm::cmdline::server::Server>::find_service::{closure#0}
FNDA:0,<ppm::cmdline::server::Server>::run_action::{closure#5}
FNDA:0,<ppm::cmdline::server::Server>::run_action::{closure#4}
FNDA:1,<ppm::cmdline::server::Server>::new::<&str>
FNDA:0,<ppm_daemon::cmdline::server::Server>::run_action::{closure#4}
FNDA:1,<ppm_daemon::cmdline::server::Server>::run_action::{closure#0}
FNDA:0,<ppm::cmdline::server::Server>::run_action::{closure#2}
FNDA:0,<ppm_daemon::cmdline::server::Server>::find_service::{closure#0}
FNDA:1,<ppm_daemon::cmdline::server::ServerToken as core::ops::drop::Drop>::drop
FNDA:0,<ppm::cmdline::server::Server>::run_action::{closure#7}
FNDA:1,<ppm_daemon::cmdline::server::Server>::handle
FNDA:0,<ppm::cmdline::server::Server>::find_service::{closure#1}
FNDA:0,<ppm::cmdline::server::Server>::find_service::{closure#1}
FNDA:1,<ppm::cmdline::server::Server>::run_action::{closure#1}
FNDA:1,<ppm::cmdline::server::ServerToken>::new
FNDA:0,<ppm::cmdline::server::Server>::find_service::{closure#1}
FNDA:0,<ppm_daemon::cmdline::server::Server>::find_service
FNDA:0,<ppm::cmdline::server::Server>::find_service::{closure#0}
FNDA:0,<ppm_daemon::cmdline::server::Server>::run_action::{closure#6}
FNDA:0,<ppm::cmdline::server::Server>::stop::{closure#0}::{closure#0}
FNDA:0,<ppm::cmdline::server::Server>::run
FNDA:1,<ppm_daemon::cmdline::server::Server>::run_action::{closure#0}::{closure#0}
FNDA:0,<ppm::cmdline::server::Server>::run_action::{closure#3}
FNDA:1,<ppm::cmdline::server::ServerToken>::new
FNDA:1,<ppm_daemon::cmdline::server::Server>::new::<&str>
FNDA:1,<ppm::cmdline::server::Server>::stop::{closure#0}::{closure#0}
FNDA:0,<ppm::cmdline::server::Server>::run_action::{closure#2}
FNDA:1,<ppm_daemon::cmdline::server::Server>::run
FNDA:1,<ppm_daemon::cmdline::server::Server>::run_action::{closure#0}::{closure#0}
FNDA:1,<ppm_daemon::cmdline::server::Server>::new::<&str>
FNDA:0,<ppm_daemon::cmdline::server::Server>::run_action::{closure#0}
FNDA:0,<ppm_daemon::cmdline::server::Server>::run_action::{closure#1}
FNDA:0,<ppm_daemon::cmdline::server::Server>::run_action::{closure#2}
FNDA:0,<ppm::cmdline::server::Server>::run_action::{closure#6}
FNDA:0,<ppm::cmdline::server::Server>::run_action::{closure#8}
FNDA:1,<ppm::cmdline::server::Server>::run
FNDA:1,<ppm::cmdline::server::Server>::run_action::{closure#0}::{closure#0}
FNDA:0,<ppm::cmdline::server::Server>::run_action::{closure#3}
FNDA:0,<ppm::cmdline::server::Server>::run_action
FNDA:0,<ppm_daemon::cmdline::server::Server>::run_action::{closure#3}
FNDA:0,<ppm::cmdline::server::Server>::handle
FNDA:1,<ppm_daemon::cmdline::server::Server>::run::{closure#0}::{closure#0}
FNDA:0,<ppm_daemon::cmdline::server::Server>::run_action::{closure#7}
FNDA:1,<ppm::cmdline::server::Server>::stop
FNDA:1,ppm_daemon::cmdline::server::tests::request::{closure#0}
FNDA:0,<ppm_daemon::cmdline::server::Server>::run_action::{closure#8}
FNDA:0,<ppm_daemon::cmdline::server::Server>::run_action::{closure#7}
FNDA:0,<ppm_daemon::cmdline::server::ServerToken as core::ops::drop::Drop>::drop
FNDA:1,ppm_daemon::cmdline::server::tests::request::{closure#0}
FNDA:0,<ppm_daemon::cmdline::server::Server>::find_service
FNDA:0,<ppm::cmdline::server::Server>::find_service
FNDA:0,<ppm_daemon::cmdline::server::Server>::run_action::{closure#0}::{closure#0}
FNDA:0,<ppm_daemon::cmdline::server::Server>::run
FNDA:0,<ppm_daemon::cmdline::server::Server>::find_service::{closure#1}
FNDA:1,<ppm::cmdline::server::Server>::handle
FNDA:0,<ppm_daemon::cmdline::server::Server>::stop::{closure#0}::{closure#0}
FNDA:1,ppm::cmdline::server::tests::request::{closure#0}
FNDA:0,<ppm::cmdline::server::Server>::stop
FNDA:0,<ppm_daemon::cmdline::server::Server>::run_action::{closure#8}
FNDA:0,<ppm::cmdline::server::Server>::find_service::{closure#1}
FNDA:0,<ppm_daemon::cmdline::server::Server>::find_service::{closure#0}
FNDA:1,<ppm::cmdline::server::Server>::run::{closure#0}::{closure#0}
FNDA:1,<ppm::cmdline::server::Server>::stop
FNDA:0,<ppm_daemon::cmdline::server::ServerToken>::new
FNDA:0,<ppm::cmdline::server::Server>::run_action::{closure#3}
FNDA:1,ppm_daemon::cmdline::server::tests::request::{closure#0}::{closure#0}
FNDA:1,ppm_daemon::cmdline::server::tests::request::{closure#0}::{closure#0}
FNDA:0,<ppm_daemon::cmdline::server::Server>::run_action::{closure#3}
FNDA:0,<ppm::cmdline::server::Server>::run_action
FNDA:0,<ppm::cmdline::server::ServerToken as core::ops::drop::Drop>::drop
FNDA:0,<ppm::cmdline::server::Server>::run_action::{closure#6}
FNDA:1,<ppm_daemon::cmdline::server::Server>::stop::{closure#0}::{closure#0}
FNDA:0,<ppm_daemon::cmdline::server::Server>::run_action::{closure#4}
FNDA:1,<ppm::cmdline::server::Server>::new::<&str>
FNDA:0,<ppm::cmdline::server::Server>::find_service::{closure#0}
FNDA:0,<ppm_daemon::cmdline::server::Server>::handle
FNDA:1,<ppm_daemon::cmdline::server::Server>::run_action::{closure#0}
FNDA:0,<ppm_daemon::cmdline::server::Server>::run_action
FNDA:0,<ppm::cmdline::server::Server>::stop
FNDA:0,<ppm_daemon::cmdline::server::Server>::run_action::{closure#8}
FNDA:1,<ppm_daemon::cmdline::server::Server>::run_action
FNDA:0,<ppm_daemon::cmdline::server::Server>::run_action::{closure#7}
FNDA:0,<ppm_daemon::cmdline::server::Server>::run_action::{closure#0}::{closure#0}
FNDA:1,<ppm::cmdline::server::ServerToken as core::ops::drop::Drop>::drop
FNDA:0,<ppm::cmdline::server::Server>::find_service
FNDA:1,<ppm::cmdline::server::Server>::stop::{closure#0}::{closure#0}
FNDA:1,<ppm::cmdline::server::ServerToken as core::ops::drop::Drop>::drop
FNF:188
FNH:60
BRF:0
BRH:0
DA:57,14
DA:58,14
DA:59,14
DA:60,14
DA:61,14
DA:62,14
DA:66,14
DA:67,14
DA:68,14
DA:73,14
DA:74,14
DA:75,14
DA:76,14
DA:77,14
DA:78,14
DA:80,14
DA:81,14
DA:82,14
DA:85,14
DA:105,14
DA:106,14
DA:107,0
DA:108,0
DA:109,0
DA:110,0
DA:111,14
DA:112,14
DA:113,14
DA:126,14
DA:129,14
DA:133,14
DA:138,14
DA:140,0
DA:141,0
DA:142,0
DA:143,0
DA:144,0
DA:145,0
DA:146,0
DA:149,14
DA:160,14
DA:162,28
DA:163,28
DA:165,0
DA:167,14
DA:168,14
DA:169,14
DA:170,14
DA:171,14
DA:172,14
DA:173,14
DA:175,0
DA:176,14
DA:177,14
DA:178,14
DA:179,14
DA:181,0
DA:182,0
DA:183,0
DA:184,0
DA:185,0
DA:186,0
DA:187,0
DA:188,0
DA:189,0
DA:190,0
DA:191,0
DA:193,0
DA:194,0
DA:195,0
DA:196,0
DA:198,0
DA:202,0
DA:204,0
DA:205,0
DA:206,0
DA:208,0
DA:209,0
DA:211,0
DA:212,0
DA:213,0
DA:215,0
DA:216,0
DA:218,0
DA:219,0
DA:220,0
DA:221,0
DA:222,0
DA:225,0
DA:228,0
DA:231,0
DA:232,0
DA:233,0
DA:234,0
DA:235,0
DA:237,0
DA:238,0
DA:240,0
DA:241,0
DA:242,0
DA:243,0
DA:244,0
DA:245,0
DA:246,0
DA:247,0
DA:249,0
DA:250,0
DA:252,0
DA:253,0
DA:254,0
DA:255,0
DA:256,0
DA:257,0
DA:259,0
DA:260,0
DA:261,0
DA:262,0
DA:263,0
DA:264,0
DA:265,0
DA:267,0
DA:269,0
DA:271,28
DA:272,28
LF:124
LH:45
end_of_record
SF:src/utils/signal.rs
FN:328,ppm_daemon::utils::signal::tests::debug
FN:196,<ppm_daemon::utils::signal::SignalSet>::empty
FN:251,<ppm_daemon::utils::signal::SignalSet as core::default::Default>::default
FN:87,<ppm::utils::signal::Signal>::set_pdeath_sig::<_>
FN:143,<ppm::utils::signal::SignalSet as core::fmt::Debug>::fmt
FN:339,ppm::utils::signal::tests::full_set::{closure#0}
FN:196,<ppm_daemon::utils::signal::SignalSet>::empty
FN:162,<ppm::utils::signal::SignalSet>::unblock
FN:244,<ppm::utils::signal::SignalSet>::restore::{closure#0}
FN:272,<ppm::utils::signal::SignalSet as core::ops::arith::Sub<ppm::utils::signal::Signal>>::sub
FN:135,<ppm::utils::signal::Signal as core::convert::From<i32>>::from
FN:143,<ppm::utils::signal::SignalSet as core::fmt::Debug>::fmt
FN:400,ppm::utils::signal::tests::signalset
FN:179,<ppm::utils::signal::SignalSet>::pending
FN:81,<ppm::utils::signal::Signal>::exists
FN:156,<ppm::utils::signal::SignalSet>::block
FN:244,<ppm_daemon::utils::signal::SignalSet>::restore::{closure#0}
FN:206,<ppm::utils::signal::SignalSet>::wait
FN:95,<ppm_daemon::utils::signal::Signal>::kill_thread::<ppm_daemon::utils::signal::Signal>
FN:95,<ppm_daemon::utils::signal::Signal>::kill_thread::<ppm_daemon::utils::signal::Signal>
FN:400,ppm_daemon::utils::signal::tests::signalset
FN:59,ppm_daemon::utils::signal::FULL_SET::{closure#0}
FN:206,<ppm_daemon::utils::signal::SignalSet>::wait
FN:87,<ppm_daemon::utils::signal::Signal>::set_pdeath_sig::<ppm_daemon::utils::signal::Signal>
FN:226,<ppm_daemon::utils::signal::SignalSet>::contains::<ppm_daemon::utils::signal::Signal>
FN:143,<ppm_daemon::utils::signal::SignalSet as core::fmt::Debug>::fmt
FN:353,ppm::utils::signal::tests::pending::{closure#0}
FN:306,<&ppm_daemon::utils::signal::SignalSet as core::iter::traits::collect::IntoIterator>::into_iter
FN:74,<ppm_daemon::utils::signal::Signal>::kill::<ppm_daemon::utils::signal::Signal>
FN:376,ppm_daemon::utils::signal::tests::timer::{closure#0}
FN:260,<ppm_daemon::utils::signal::SignalSet as core::ops::arith::Add<ppm_daemon::utils::signal::Signal>>::add
FN:220,<ppm::utils::signal::SignalSet>::fill
FN:241,<ppm::utils::signal::SignalSet>::restore
FN:289,<ppm::utils::signal::SignalSetIterator as core::iter::traits::iterator::Iterator>::next
FN:87,<ppm_daemon::utils::signal::Signal>::set_pdeath_sig::<ppm_daemon::utils::signal::Signal>
FN:187,<ppm_daemon::utils::signal::SignalSet>::load
FN:251,<ppm::utils::signal::SignalSet as core::default::Default>::default
FN:103,<ppm::utils::signal::Signal>::set_handler
FN:173,<ppm_daemon::utils::signal::SignalSet>::full
FN:206,<ppm::utils::signal::SignalSet>::wait
FN:118,<ppm_daemon::utils::signal::Signal as core::fmt::Debug>::fmt
FN:220,<ppm_daemon::utils::signal::SignalSet>::fill
FN:74,<ppm::utils::signal::Signal>::kill::<_>
FN:179,<ppm::utils::signal::SignalSet>::pending
FN:226,<ppm_daemon::utils::signal::SignalSet>::contains::<ppm_daemon::utils::signal::Signal>
FN:118,<ppm::utils::signal::Signal as core::fmt::Debug>::fmt
FN:272,<ppm_daemon::utils::signal::SignalSet as core::ops::arith::Sub<ppm_daemon::utils::signal::Signal>>::sub
FN:173,<ppm::utils::signal::SignalSet>::full
FN:81,<ppm_daemon::utils::signal::Signal>::exists
FN:220,<ppm::utils::signal::SignalSet>::fill
FN:95,<ppm_daemon::utils::signal::Signal>::kill_thread::<ppm_daemon::utils::signal::Signal>
FN:206,<ppm_daemon::utils::signal::SignalSet>::wait
FN:233,<ppm::utils::signal::SignalSet>::iter
FN:187,<ppm_daemon::utils::signal::SignalSet>::load
FN:112,<ppm_daemon::utils::signal::Signal as core::ops::deref::Deref>::deref
FN:306,<&ppm::utils::signal::SignalSet as core::iter::traits::collect::IntoIterator>::into_iter
FN:156,<ppm::utils::signal::SignalSet>::block
FN:233,<ppm::utils::signal::SignalSet>::iter
FN:251,<ppm::utils::signal::SignalSet as core::default::Default>::default
FN:112,<ppm_daemon::utils::signal::Signal as core::ops::deref::Deref>::deref
FN:118,<ppm_daemon::utils::signal::Signal as core::fmt::Debug>::fmt
FN:135,<ppm_daemon::utils::signal::Signal as core::convert::From<i32>>::from
FN:347,ppm_daemon::utils::signal::tests::guard_sighandler
FN:241,<ppm_daemon::utils::signal::SignalSet>::restore
FN:339,ppm::utils::signal::tests::full_set::{closure#0}
FN:244,<ppm_daemon::utils::signal::SignalSet>::restore::{closure#0}
FN:87,<ppm::utils::signal::Signal>::set_pdeath_sig::<ppm::utils::signal::Signal>
FN:162,<ppm_daemon::utils::signal::SignalSet>::unblock
FN:260,<ppm_daemon::utils::signal::SignalSet as core::ops::arith::Add<ppm_daemon::utils::signal::Signal>>::add
FN:289,<ppm_daemon::utils::signal::SignalSetIterator as core::iter::traits::iterator::Iterator>::next
FN:272,<ppm::utils::signal::SignalSet as core::ops::arith::Sub<ppm::utils::signal::Signal>>::sub
FN:272,<ppm_daemon::utils::signal::SignalSet as core::ops::arith::Sub<ppm_daemon::utils::signal::Signal>>::sub
FN:339,ppm_daemon::utils::signal::tests::full_set::{closure#0}
FN:233,<ppm::utils::signal::SignalSet>::iter
FN:59,ppm::utils::signal::FULL_SET::{closure#0}
FN:226,<ppm_daemon::utils::signal::SignalSet>::contains::<ppm_daemon::utils::signal::Signal>
FN:347,ppm::utils::signal::tests::guard_sighandler
FN:173,<ppm::utils::signal::SignalSet>::full
FN:220,<ppm_daemon::utils::signal::SignalSet>::fill
FN:251,<ppm_daemon::utils::signal::SignalSet as core::default::Default>::default
FN:233,<ppm_daemon::utils::signal::SignalSet>::iter
FN:306,<&ppm::utils::signal::SignalSet as core::iter::traits::collect::IntoIterator>::into_iter
FN:59,ppm_daemon::utils::signal::FULL_SET::{closure#0}
FN:87,<ppm_daemon::utils::signal::Signal>::set_pdeath_sig::<ppm_daemon::utils::signal::Signal>
FN:162,<ppm::utils::signal::SignalSet>::unblock
FN:251,<ppm_daemon::utils::signal::SignalSet as core::default::Default>::default
FN:241,<ppm_daemon::utils::signal::SignalSet>::restore
FN:306,<&ppm_daemon::utils::signal::SignalSet as core::iter::traits::collect::IntoIterator>::into_iter
FN:289,<ppm::utils::signal::SignalSetIterator as core::iter::traits::iterator::Iterator>::next
FN:244,<ppm::utils::signal::SignalSet>::restore::{closure#0}
FN:260,<ppm_daemon::utils::signal::SignalSet as core::ops::arith::Add<ppm_daemon::utils::signal::Signal>>::add
FN:226,<ppm::utils::signal::SignalSet>::contains::<_>
FN:244,<ppm::utils::signal::SignalSet>::restore::{closure#0}
FN:328,ppm::utils::signal::tests::debug
FN:179,<ppm_daemon::utils::signal::SignalSet>::pending
FN:87,<ppm_daemon::utils::signal::Signal>::set_pdeath_sig::<ppm_daemon::utils::signal::Signal>
FN:206,<ppm_daemon::utils::signal::SignalSet>::wait
FN:272,<ppm::utils::signal::SignalSet as core::ops::arith::Sub<ppm::utils::signal::Signal>>::sub
FN:220,<ppm_daemon::utils::signal::SignalSet>::fill
FN:112,<ppm::utils::signal::Signal as core::ops::deref::Deref>::deref
FN:187,<ppm_daemon::utils::signal::SignalSet>::load
FN:95,<ppm::utils::signal::Signal>::kill_thread::<_>
FN:162,<ppm_daemon::utils::signal::SignalSet>::unblock
FN:241,<ppm_daemon::utils::signal::SignalSet>::restore
FN:353,ppm::utils::signal::tests::pending::{closure#0}
FN:187,<ppm_daemon::utils::signal::SignalSet>::load
FN:196,<ppm::utils::signal::SignalSet>::empty
FN:196,<ppm::utils::signal::SignalSet>::empty
FN:241,<ppm::utils::signal::SignalSet>::restore
FN:272,<ppm_daemon::utils::signal::SignalSet as core::ops::arith::Sub<ppm_daemon::utils::signal::Signal>>::sub
FN:112,<ppm::utils::signal::Signal as core::ops::deref::Deref>::deref
FN:233,<ppm::utils::signal::SignalSet>::iter
FN:135,<ppm::utils::signal::Signal as core::convert::From<i32>>::from
FN:81,<ppm::utils::signal::Signal>::exists
FN:103,<ppm::utils::signal::Signal>::set_handler
FN:196,<ppm_daemon::utils::signal::SignalSet>::empty
FN:328,ppm::utils::signal::tests::debug
FN:260,<ppm_daemon::utils::signal::SignalSet as core::ops::arith::Add<ppm_daemon::utils::signal::Signal>>::add
FN:112,<ppm::utils::signal::Signal as core::ops::deref::Deref>::deref
FN:81,<ppm_daemon::utils::signal::Signal>::exists
FN:179,<ppm::utils::signal::SignalSet>::pending
FN:143,<ppm_daemon::utils::signal::SignalSet as core::fmt::Debug>::fmt
FN:87,<ppm::utils::signal::Signal>::set_pdeath_sig::<_>
FN:135,<ppm_daemon::utils::signal::Signal as core::convert::From<i32>>::from
FN:143,<ppm_daemon::utils::signal::SignalSet as core::fmt::Debug>::fmt
FN:187,<ppm::utils::signal::SignalSet>::load
FN:400,ppm::utils::signal::tests::signalset
FN:135,<ppm_daemon::utils::signal::Signal as core::convert::From<i32>>::from
FN:112,<ppm::utils::signal::Signal as core::ops::deref::Deref>::deref
FN:306,<&ppm_daemon::utils::signal::SignalSet as core::iter::traits::collect::IntoIterator>::into_iter
FN:272,<ppm_daemon::utils::signal::SignalSet as core::ops::arith::Sub<ppm_daemon::utils::signal::Signal>>::sub
FN:59,ppm_daemon::utils::signal::FULL_SET::{closure#0}
FN:272,<ppm::utils::signal::SignalSet as core::ops::arith::Sub<ppm::utils::signal::Signal>>::sub
FN:173,<ppm::utils::signal::SignalSet>::full
FN:241,<ppm_daemon::utils::signal::SignalSet>::restore
FN:81,<ppm::utils::signal::Signal>::exists
FN:59,ppm::utils::signal::FULL_SET::{closure#0}
FN:289,<ppm::utils::signal::SignalSetIterator as core::iter::traits::iterator::Iterator>::next
FN:226,<ppm::utils::signal::SignalSet>::contains::<ppm::utils::signal::Signal>
FN:220,<ppm::utils::signal::SignalSet>::fill
FN:59,ppm_daemon::utils::signal::FULL_SET::{closure#0}
FN:74,<ppm_daemon::utils::signal::Signal>::kill::<ppm_daemon::utils::signal::Signal>
FN:95,<ppm::utils::signal::Signal>::kill_thread::<ppm::utils::signal::Signal>
FN:347,ppm_daemon::utils::signal::tests::guard_sighandler
FN:206,<ppm::utils::signal::SignalSet>::wait
FN:118,<ppm_daemon::utils::signal::Signal as core::fmt::Debug>::fmt
FN:173,<ppm_daemon::utils::signal::SignalSet>::full
FN:81,<ppm::utils::signal::Signal>::exists
FN:74,<ppm_daemon::utils::signal::Signal>::kill::<ppm_daemon::utils::signal::Signal>
FN:260,<ppm::utils::signal::SignalSet as core::ops::arith::Add<ppm::utils::signal::Signal>>::add
FN:118,<ppm_daemon::utils::signal::Signal as core::fmt::Debug>::fmt
FN:376,ppm::utils::signal::tests::timer::{closure#0}
FN:112,<ppm_daemon::utils::signal::Signal as core::ops::deref::Deref>::deref
FN:206,<ppm_daemon::utils::signal::SignalSet>::wait
FN:103,<ppm_daemon::utils::signal::Signal>::set_handler
FN:173,<ppm_daemon::utils::signal::SignalSet>::full
FN:289,<ppm_daemon::utils::signal::SignalSetIterator as core::iter::traits::iterator::Iterator>::next
FN:143,<ppm::utils::signal::SignalSet as core::fmt::Debug>::fmt
FN:173,<ppm::utils::signal::SignalSet>::full
FN:103,<ppm_daemon::utils::signal::Signal>::set_handler
FN:233,<ppm_daemon::utils::signal::SignalSet>::iter
FN:118,<ppm::utils::signal::Signal as core::fmt::Debug>::fmt
FN:251,<ppm::utils::signal::SignalSet as core::default::Default>::default
FN:241,<ppm::utils::signal::SignalSet>::restore
FN:260,<ppm::utils::signal::SignalSet as core::ops::arith::Add<ppm::utils::signal::Signal>>::add
FN:289,<ppm::utils::signal::SignalSetIterator as core::iter::traits::iterator::Iterator>::next
FN:328,ppm_daemon::utils::signal::tests::debug
FN:353,ppm_daemon::utils::signal::tests::pending::{closure#0}
FN:162,<ppm::utils::signal::SignalSet>::unblock
FN:74,<ppm::utils::signal::Signal>::kill::<ppm::utils::signal::Signal>
FN:103,<ppm::utils::signal::Signal>::set_handler
FN:143,<ppm::utils::signal::SignalSet as core::fmt::Debug>::fmt
FN:206,<ppm::utils::signal::SignalSet>::wait
FN:226,<ppm_daemon::utils::signal::SignalSet>::contains::<ppm_daemon::utils::signal::Signal>
FN:376,ppm::utils::signal::tests::timer::{closure#0}
FN:156,<ppm_daemon::utils::signal::SignalSet>::block
FN:81,<ppm_daemon::utils::signal::Signal>::exists
FN:306,<&ppm::utils::signal::SignalSet as core::iter::traits::collect::IntoIterator>::into_iter
FN:187,<ppm::utils::signal::SignalSet>::load
FN:251,<ppm_daemon::utils::signal::SignalSet as core::default::Default>::default
FN:226,<ppm::utils::signal::SignalSet>::contains::<ppm::utils::signal::Signal>
FN:112,<ppm_daemon::utils::signal::Signal as core::ops::deref::Deref>::deref
FN:260,<ppm::utils::signal::SignalSet as core::ops::arith::Add<ppm::utils::signal::Signal>>::add
FN:95,<ppm::utils::signal::Signal>::kill_thread::<_>
FN:59,ppm::utils::signal::FULL_SET::{closure#0}
FN:260,<ppm::utils::signal::SignalSet as core::ops::arith::Add<ppm::utils::signal::Signal>>::add
FN:196,<ppm::utils::signal::SignalSet>::empty
FN:220,<ppm_daemon::utils::signal::SignalSet>::fill
FN:156,<ppm::utils::signal::SignalSet>::block
FN:156,<ppm::utils::signal::SignalSet>::block
FN:244,<ppm_daemon::utils::signal::SignalSet>::restore::{closure#0}
FN:179,<ppm_daemon::utils::signal::SignalSet>::pending
FN:339,ppm_daemon::utils::signal::tests::full_set::{closure#0}
FN:74,<ppm::utils::signal::Signal>::kill::<_>
FN:118,<ppm::utils::signal::Signal as core::fmt::Debug>::fmt
FN:244,<ppm_daemon::utils::signal::SignalSet>::restore::{closure#0}
FN:289,<ppm_daemon::utils::signal::SignalSetIterator as core::iter::traits::iterator::Iterator>::next
FN:103,<ppm_daemon::utils::signal::Signal>::set_handler
FN:81,<ppm_daemon::utils::signal::Signal>::exists
FN:179,<ppm_daemon::utils::signal::SignalSet>::pending
FN:179,<ppm::utils::signal::SignalSet>::pending
FN:244,<ppm::utils::signal::SignalSet>::restore::{closure#0}
FN:187,<ppm::utils::signal::SignalSet>::load
FN:95,<ppm::utils::signal::Signal>::kill_thread::<ppm::utils::signal::Signal>
FN:179,<ppm_daemon::utils::signal::SignalSet>::pending
FN:226,<ppm::utils::signal::SignalSet>::contains::<_>
FN:233,<ppm_daemon::utils::signal::SignalSet>::iter
FN:103,<ppm_daemon::utils::signal::Signal>::set_handler
FN:196,<ppm_daemon::utils::signal::SignalSet>::empty
FN:143,<ppm_daemon::utils::signal::SignalSet as core::fmt::Debug>::fmt
FN:187,<ppm::utils::signal::SignalSet>::load
FN:241,<ppm::utils::signal::SignalSet>::restore
FN:306,<&ppm_daemon::utils::signal::SignalSet as core::iter::traits::collect::IntoIterator>::into_iter
FN:353,ppm_daemon::utils::signal::tests::pending::{closure#0}
FN:135,<ppm::utils::signal::Signal as core::convert::From<i32>>::from
FN:162,<ppm_daemon::utils::signal::SignalSet>::unblock
FN:95,<ppm_daemon::utils::signal::Signal>::kill_thread::<ppm_daemon::utils::signal::Signal>
FN:173,<ppm_daemon::utils::signal::SignalSet>::full
FN:135,<ppm_daemon::utils::signal::Signal as core::convert::From<i32>>::from
FN:289,<ppm_daemon::utils::signal::SignalSetIterator as core::iter::traits::iterator::Iterator>::next
FN:59,ppm::utils::signal::FULL_SET::{closure#0}
FN:376,ppm_daemon::utils::signal::tests::timer::{closure#0}
FN:306,<&ppm::utils::signal::SignalSet as core::iter::traits::collect::IntoIterator>::into_iter
FN:103,<ppm::utils::signal::Signal>::set_handler
FN:251,<ppm::utils::signal::SignalSet as core::default::Default>::default
FN:74,<ppm_daemon::utils::signal::Signal>::kill::<ppm_daemon::utils::signal::Signal>
FN:156,<ppm_daemon::utils::signal::SignalSet>::block
FN:196,<ppm::utils::signal::SignalSet>::empty
FN:87,<ppm::utils::signal::Signal>::set_pdeath_sig::<ppm::utils::signal::Signal>
FN:156,<ppm_daemon::utils::signal::SignalSet>::block
FN:156,<ppm_daemon::utils::signal::SignalSet>::block
FN:347,ppm::utils::signal::tests::guard_sighandler
FN:233,<ppm_daemon::utils::signal::SignalSet>::iter
FN:135,<ppm::utils::signal::Signal as core::convert::From<i32>>::from
FN:162,<ppm::utils::signal::SignalSet>::unblock
FN:220,<ppm::utils::signal::SignalSet>::fill
FN:74,<ppm::utils::signal::Signal>::kill::<ppm::utils::signal::Signal>
FN:118,<ppm::utils::signal::Signal as core::fmt::Debug>::fmt
FN:162,<ppm_daemon::utils::signal::SignalSet>::unblock
FN:400,ppm_daemon::utils::signal::tests::signalset
FNDA:1,ppm_daemon::utils::signal::tests::debug
FNDA:1,<ppm_daemon::utils::signal::SignalSet>::empty
FNDA:1,<ppm_daemon::utils::signal::SignalSet as core::default::Default>::default
FNDA:0,<ppm::utils::signal::Signal>::set_pdeath_sig::<_>
FNDA:0,<ppm::utils::signal::SignalSet as core::fmt::Debug>::fmt
FNDA:1,ppm::utils::signal::tests::full_set::{closure#0}
FNDA:1,<ppm_daemon::utils::signal::SignalSet>::empty
FNDA:0,<ppm::utils::signal::SignalSet>::unblock
FNDA:0,<ppm::utils::signal::SignalSet>::restore::{closure#0}
FNDA:0,<ppm::utils::signal::SignalSet as core::ops::arith::Sub<ppm::utils::signal::Signal>>::sub
FNDA:0,<ppm::utils::signal::Signal as core::convert::From<i32>>::from
FNDA:0,<ppm::utils::signal::SignalSet as core::fmt::Debug>::fmt
FNDA:1,ppm::utils::signal::tests::signalset
FNDA:1,<ppm::utils::signal::SignalSet>::pending
FNDA:0,<ppm::utils::signal::Signal>::exists
FNDA:0,<ppm::utils::signal::SignalSet>::block
FNDA:0,<ppm_daemon::utils::signal::SignalSet>::restore::{closure#0}
FNDA:0,<ppm::utils::signal::SignalSet>::wait
FNDA:1,<ppm_daemon::utils::signal::Signal>::kill_thread::<ppm_daemon::utils::signal::Signal>
FNDA:1,<ppm_daemon::utils::signal::Signal>::kill_thread::<ppm_daemon::utils::signal::Signal>
FNDA:1,ppm_daemon::utils::signal::tests::signalset
FNDA:1,ppm_daemon::utils::signal::FULL_SET::{closure#0}
FNDA:1,<ppm_daemon::utils::signal::SignalSet>::wait
FNDA:0,<ppm_daemon::utils::signal::Signal>::set_pdeath_sig::<ppm_daemon::utils::signal::Signal>
FNDA:0,<ppm_daemon::utils::signal::SignalSet>::contains::<ppm_daemon::utils::signal::Signal>
FNDA:0,<ppm_daemon::utils::signal::SignalSet as core::fmt::Debug>::fmt
FNDA:1,ppm::utils::signal::tests::pending::{closure#0}
FNDA:0,<&ppm_daemon::utils::signal::SignalSet as core::iter::traits::collect::IntoIterator>::into_iter
FNDA:0,<ppm_daemon::utils::signal::Signal>::kill::<ppm_daemon::utils::signal::Signal>
FNDA:1,ppm_daemon::utils::signal::tests::timer::{closure#0}
FNDA:1,<ppm_daemon::utils::signal::SignalSet as core::ops::arith::Add<ppm_daemon::utils::signal::Signal>>::add
FNDA:0,<ppm::utils::signal::SignalSet>::fill
FNDA:0,<ppm::utils::signal::SignalSet>::restore
FNDA:1,<ppm::utils::signal::SignalSetIterator as core::iter::traits::iterator::Iterator>::next
FNDA:0,<ppm_daemon::utils::signal::Signal>::set_pdeath_sig::<ppm_daemon::utils::signal::Signal>
FNDA:0,<ppm_daemon::utils::signal::SignalSet>::load
FNDA:0,<ppm::utils::signal::SignalSet as core::default::Default>::default
FNDA:1,<ppm::utils::signal::Signal>::set_handler
FNDA:0,<ppm_daemon::utils::signal::SignalSet>::full
FNDA:0,<ppm::utils::signal::SignalSet>::wait
FNDA:0,<ppm_daemon::utils::signal::Signal as core::fmt::Debug>::fmt
FNDA:0,<ppm_daemon::utils::signal::SignalSet>::fill
FNDA:0,<ppm::utils::signal::Signal>::kill::<_>
FNDA:0,<ppm::utils::signal::SignalSet>::pending
FNDA:1,<ppm_daemon::utils::signal::SignalSet>::contains::<ppm_daemon::utils::signal::Signal>
FNDA:0,<ppm::utils::signal::Signal as core::fmt::Debug>::fmt
FNDA:1,<ppm_daemon::utils::signal::SignalSet as core::ops::arith::Sub<ppm_daemon::utils::signal::Signal>>::sub
FNDA:0,<ppm::utils::signal::SignalSet>::full
FNDA:0,<ppm_daemon::utils::signal::Signal>::exists
FNDA:0,<ppm::utils::signal::SignalSet>::fill
FNDA:0,<ppm_daemon::utils::signal::Signal>::kill_thread::<ppm_daemon::utils::signal::Signal>
FNDA:0,<ppm_daemon::utils::signal::SignalSet>::wait
FNDA:0,<ppm::utils::signal::SignalSet>::iter
FNDA:0,<ppm_daemon::utils::signal::SignalSet>::load
FNDA:0,<ppm_daemon::utils::signal::Signal as core::ops::deref::Deref>::deref
FNDA:1,<&ppm::utils::signal::SignalSet as core::iter::traits::collect::IntoIterator>::into_iter
FNDA:1,<ppm::utils::signal::SignalSet>::block
FNDA:1,<ppm::utils::signal::SignalSet>::iter
FNDA:1,<ppm::utils::signal::SignalSet as core::default::Default>::default
FNDA:1,<ppm_daemon::utils::signal::Signal as core::ops::deref::Deref>::deref
FNDA:0,<ppm_daemon::utils::signal::Signal as core::fmt::Debug>::fmt
FNDA:0,<ppm_daemon::utils::signal::Signal as core::convert::From<i32>>::from
FNDA:0,ppm_daemon::utils::signal::tests::guard_sighandler
FNDA:0,<ppm_daemon::utils::signal::SignalSet>::restore
FNDA:1,ppm::utils::signal::tests::full_set::{closure#0}
FNDA:0,<ppm_daemon::utils::signal::SignalSet>::restore::{closure#0}
FNDA:0,<ppm::utils::signal::Signal>::set_pdeath_sig::<ppm::utils::signal::Signal>
FNDA:0,<ppm_daemon::utils::signal::SignalSet>::unblock
FNDA:0,<ppm_daemon::utils::signal::SignalSet as core::ops::arith::Add<ppm_daemon::utils::signal::Signal>>::add
FNDA:0,<ppm_daemon::utils::signal::SignalSetIterator as core::iter::traits::iterator::Iterator>::next
FNDA:1,<ppm::utils::signal::SignalSet as core::ops::arith::Sub<ppm::utils::signal::Signal>>::sub
FNDA:1,<ppm_daemon::utils::signal::SignalSet as core::ops::arith::Sub<ppm_daemon::utils::signal::Signal>>::sub
FNDA:1,ppm_daemon::utils::signal::tests::full_set::{closure#0}
FNDA:1,<ppm::utils::signal::SignalSet>::iter
FNDA:1,ppm::utils::signal::FULL_SET::{closure#0}
FNDA:1,<ppm_daemon::utils::signal::SignalSet>::contains::<ppm_daemon::utils::signal::Signal>
FNDA:0,ppm::utils::signal::tests::guard_sighandler
FNDA:0,<ppm::utils::signal::SignalSet>::full
FNDA:0,<ppm_daemon::utils::signal::SignalSet>::fill
FNDA:0,<ppm_daemon::utils::signal::SignalSet as core::default::Default>::default
FNDA:1,<ppm_daemon::utils::signal::SignalSet>::iter
FNDA:0,<&ppm::utils::signal::SignalSet as core::iter::traits::collect::IntoIterator>::into_iter
FNDA:0,ppm_daemon::utils::signal::FULL_SET::{closure#0}
FNDA:0,<ppm_daemon::utils::signal::Signal>::set_pdeath_sig::<ppm_daemon::utils::signal::Signal>
FNDA:1,<ppm::utils::signal::SignalSet>::unblock
FNDA:0,<ppm_daemon::utils::signal::SignalSet as core::default::Default>::default
FNDA:1,<ppm_daemon::utils::signal::SignalSet>::restore
FNDA:1,<&ppm_daemon::utils::signal::SignalSet as core::iter::traits::collect::IntoIterator>::into_iter
FNDA:0,<ppm::utils::signal::SignalSetIterator as core::iter::traits::iterator::Iterator>::next
FNDA:0,<ppm::utils::signal::SignalSet>::restore::{closure#0}
FNDA:1,<ppm_daemon::utils::signal::SignalSet as core::ops::arith::Add<ppm_daemon::utils::signal::Signal>>::add
FNDA:0,<ppm::utils::signal::SignalSet>::contains::<_>
FNDA:0,<ppm::utils::signal::SignalSet>::restore::{closure#0}
FNDA:1,ppm::utils::signal::tests::debug
FNDA:0,<ppm_daemon::utils::signal::SignalSet>::pending
FNDA:0,<ppm_daemon::utils::signal::Signal>::set_pdeath_sig::<ppm_daemon::utils::signal::Signal>
FNDA:1,<ppm_daemon::utils::signal::SignalSet>::wait
FNDA:1,<ppm::utils::signal::SignalSet as core::ops::arith::Sub<ppm::utils::signal::Signal>>::sub
FNDA:0,<ppm_daemon::utils::signal::SignalSet>::fill
FNDA:0,<ppm::utils::signal::Signal as core::ops::deref::Deref>::deref
FNDA:0,<ppm_daemon::utils::signal::SignalSet>::load
FNDA:0,<ppm::utils::signal::Signal>::kill_thread::<_>
FNDA:1,<ppm_daemon::utils::signal::SignalSet>::unblock
FNDA:1,<ppm_daemon::utils::signal::SignalSet>::restore
FNDA:1,ppm::utils::signal::tests::pending::{closure#0}
FNDA:0,<ppm_daemon::utils::signal::SignalSet>::load
FNDA:0,<ppm::utils::signal::SignalSet>::empty
FNDA:1,<ppm::utils::signal::SignalSet>::empty
FNDA:1,<ppm::utils::signal::SignalSet>::restore
FNDA:0,<ppm_daemon::utils::signal::SignalSet as core::ops::arith::Sub<ppm_daemon::utils::signal::Signal>>::sub
FNDA:1,<ppm::utils::signal::Signal as core::ops::deref::Deref>::deref
FNDA:0,<ppm::utils::signal::SignalSet>::iter
FNDA:0,<ppm::utils::signal::Signal as core::convert::From<i32>>::from
FNDA:0,<ppm::utils::signal::Signal>::exists
FNDA:0,<ppm::utils::signal::Signal>::set_handler
FNDA:0,<ppm_daemon::utils::signal::SignalSet>::empty
FNDA:1,ppm::utils::signal::tests::debug
FNDA:0,<ppm_daemon::utils::signal::SignalSet as core::ops::arith::Add<ppm_daemon::utils::signal::Signal>>::add
FNDA:1,<ppm::utils::signal::Signal as core::ops::deref::Deref>::deref
FNDA:0,<ppm_daemon::utils::signal::Signal>::exists
FNDA:0,<ppm::utils::signal::SignalSet>::pending
FNDA:0,<ppm_daemon::utils::signal::SignalSet as core::fmt::Debug>::fmt
FNDA:0,<ppm::utils::signal::Signal>::set_pdeath_sig::<_>
FNDA:0,<ppm_daemon::utils::signal::Signal as core::convert::From<i32>>::from
FNDA:0,<ppm_daemon::utils::signal::SignalSet as core::fmt::Debug>::fmt
FNDA:0,<ppm::utils::signal::SignalSet>::load
FNDA:1,ppm::utils::signal::tests::signalset
FNDA:0,<ppm_daemon::utils::signal::Signal as core::convert::From<i32>>::from
FNDA:0,<ppm::utils::signal::Signal as core::ops::deref::Deref>::deref
FNDA:1,<&ppm_daemon::utils::signal::SignalSet as core::iter::traits::collect::IntoIterator>::into_iter
FNDA:0,<ppm_daemon::utils::signal::SignalSet as core::ops::arith::Sub<ppm_daemon::utils::signal::Signal>>::sub
FNDA:0,ppm_daemon::utils::signal::FULL_SET::{closure#0}
FNDA:0,<ppm::utils::signal::SignalSet as core::ops::arith::Sub<ppm::utils::signal::Signal>>::sub
FNDA:1,<ppm::utils::signal::SignalSet>::full
FNDA:0,<ppm_daemon::utils::signal::SignalSet>::restore
FNDA:0,<ppm::utils::signal::Signal>::exists
FNDA:0,ppm::utils::signal::FULL_SET::{closure#0}
FNDA:0,<ppm::utils::signal::SignalSetIterator as core::iter::traits::iterator::Iterator>::next
FNDA:1,<ppm::utils::signal::SignalSet>::contains::<ppm::utils::signal::Signal>
FNDA:0,<ppm::utils::signal::SignalSet>::fill
FNDA:1,ppm_daemon::utils::signal::FULL_SET::{closure#0}
FNDA:1,<ppm_daemon::utils::signal::Signal>::kill::<ppm_daemon::utils::signal::Signal>
FNDA:1,<ppm::utils::signal::Signal>::kill_thread::<ppm::utils::signal::Signal>
FNDA:0,ppm_daemon::utils::signal::tests::guard_sighandler
FNDA:1,<ppm::utils::signal::SignalSet>::wait
FNDA:0,<ppm_daemon::utils::signal::Signal as core::fmt::Debug>::fmt
FNDA:1,<ppm_daemon::utils::signal::SignalSet>::full
FNDA:0,<ppm::utils::signal::Signal>::exists
FNDA:1,<ppm_daemon::utils::signal::Signal>::kill::<ppm_daemon::utils::signal::Signal>
FNDA:1,<ppm::utils::signal::SignalSet as core::ops::arith::Add<ppm::utils::signal::Signal>>::add
FNDA:0,<ppm_daemon::utils::signal::Signal as core::fmt::Debug>::fmt
FNDA:1,ppm::utils::signal::tests::timer::{closure#0}
FNDA:1,<ppm_daemon::utils::signal::Signal as core::ops::deref::Deref>::deref
FNDA:0,<ppm_daemon::utils::signal::SignalSet>::wait
FNDA:0,<ppm_daemon::utils::signal::Signal>::set_handler
FNDA:0,<ppm_daemon::utils::signal::SignalSet>::full
FNDA:0,<ppm_daemon::utils::signal::SignalSetIterator as core::iter::traits::iterator::Iterator>::next
FNDA:1,<ppm::utils::signal::SignalSet as core::fmt::Debug>::fmt
FNDA:1,<ppm::utils::signal::SignalSet>::full
FNDA:1,<ppm_daemon::utils::signal::Signal>::set_handler
FNDA:0,<ppm_daemon::utils::signal::SignalSet>::iter
[...]
FNDA:0,<ppm::cmdline::ActionResult<alloc::vec::Vec<std::path::PathBuf>> as serde_core::de::Deserialize>::deserialize::<&mut serde_json::de::Deserializer<serde_json::read::IoRead<std::io::buffered::bufreader::BufReader<&std::net::tcp::TcpStream>>>>
FNDA:0,<ppm_daemon::cmdline::ActionResult<std::collections::hash::map::HashMap<usize, ppm_daemon::service::stats::Stats>> as serde_core::de::Deserialize>::deserialize::<&mut serde_json::de::Deserializer<serde_json::read::IoRead<std::io::buffered::bufreader::BufReader<&std::net::tcp::TcpStream>>>>
FNDA:0,<ppm_daemon::cmdline::Action as core::default::Default>::default
FNDA:0,<core::result::Result<alloc::vec::Vec<std::path::PathBuf>, anyhow::Error> as core::convert::From<ppm::cmdline::ActionResult<alloc::vec::Vec<std::path::PathBuf>>>>::from
FNDA:0,<<ppm::cmdline::ActionResult<_> as serde_core::de::Deserialize>::deserialize::ActionResultVisitor<alloc::string::String> as serde_core::de::Visitor>::expecting
FNDA:0,<core::result::Result<alloc::string::String, anyhow::Error> as core::convert::From<ppm::cmdline::ActionResult<alloc::string::String>>>::from
FNDA:1,<ppm::cmdline::ActionResult<std::collections::hash::map::HashMap<usize, alloc::string::String>> as serde_core::de::Deserialize>::deserialize::<&mut serde_json::de::Deserializer<serde_json::read::IoRead<std::io::buffered::bufreader::BufReader<&std::net::tcp::TcpStream>>>>
FNDA:0,<ppm::cmdline::ActionResult<alloc::vec::Vec<ppm::monitor::scheduler::SchedulerEvent>> as serde_core::de::Deserialize>::deserialize::<&mut serde_json::de::Deserializer<serde_json::read::IoRead<std::io::buffered::bufreader::BufReader<&std::net::tcp::TcpStream>>>>
FNDA:0,<ppm::cmdline::ActionResult<_> as core::convert::From<core::result::Result<_, anyhow::Error>>>::from
FNDA:0,<ppm_daemon::cmdline::ActionResult<ppm_daemon::service::stats::Stats> as serde_core::de::Deserialize>::deserialize::<&mut serde_json::de::Deserializer<serde_json::read::IoRead<std::io::buffered::bufreader::BufReader<&std::net::tcp::TcpStream>>>>
FNDA:0,<<ppm_daemon::cmdline::ActionResult<_> as serde_core::de::Deserialize>::deserialize::ActionResultVisitor<ppm_daemon::service::stats::Stats> as serde_core::de::Visitor>::visit_map::<serde_json::de::MapAccess<serde_json::read::IoRead<std::io::buffered::bufreader::BufReader<&std::net::tcp::TcpStream>>>>
FNDA:0,<<ppm::cmdline::ActionResult<_> as serde_core::de::Deserialize>::deserialize::ActionResultVisitor<std::collections::hash::map::HashMap<usize, ppm::service::stats::Stats>> as serde_core::de::Visitor>::expecting
FNDA:0,<ppm::cmdline::ActionResult<()> as serde_core::ser::Serialize>::serialize::<&mut serde_json::ser::Serializer<&std::net::tcp::TcpStream>>
FNDA:0,<ppm::cmdline::ActionResult<_> as core::convert::From<anyhow::Error>>::from
FNDA:1,<ppm_daemon::cmdline::ActionResult<()> as serde_core::ser::Serialize>::serialize::<&mut serde_json::ser::Serializer<&mut alloc::vec::Vec<u8>>>
FNDA:0,<core::result::Result<(), anyhow::Error> as core::convert::From<ppm::cmdline::ActionResult<()>>>::from
FNDA:0,<ppm::cmdline::ActionResult<alloc::vec::Vec<ppm::monitor::scheduler::SchedulerEvent>> as serde_core::de::Deserialize>::deserialize::<&mut serde_json::de::Deserializer<serde_json::read::IoRead<std::io::buffered::bufreader::BufReader<&std::net::tcp::TcpStream>>>>
FNDA:1,<core::result::Result<std::collections::hash::map::HashMap<usize, alloc::string::String>, anyhow::Error> as core::convert::From<ppm::cmdline::ActionResult<std::collections::hash::map::HashMap<usize, alloc::string::String>>>>::from
FNDA:0,<ppm_daemon::cmdline::ActionResult<alloc::string::String> as serde_core::ser::Serialize>::serialize::<&mut serde_json::ser::Serializer<&std::net::tcp::TcpStream>>
FNDA:0,<ppm_daemon::cmdline::ActionResult<ppm_daemon::utils::serde_utils::MapWrapper<core::iter::adapters::map::Map<dashmap::iter::Iter<usize, alloc::sync::Arc<ppm_daemon::service::Service>>, <ppm_daemon::cmdline::server::Server>::run_action::{closure#0}>>> as serde_core::ser::Serialize>::serialize::<&mut serde_json::ser::Serializer<&std::net::tcp::TcpStream>>
FNDA:0,<<ppm::cmdline::ActionResult<_> as serde_core::de::Deserialize>::deserialize::ActionResultVisitor<alloc::vec::Vec<std::path::PathBuf>> as serde_core::de::Visitor>::visit_map::<serde_json::de::MapAccess<serde_json::read::IoRead<std::io::buffered::bufreader::BufReader<&std::net::tcp::TcpStream>>>>
FNDA:0,ppm_daemon::cmdline::parse_key_val::<_, _>
FNDA:0,<<ppm::cmdline::ActionResult<_> as serde_core::de::Deserialize>::deserialize::ActionResultVisitor<()> as serde_core::de::Visitor>::expecting
FNDA:0,<<ppm::cmdline::ActionResult<_> as serde_core::de::Deserialize>::deserialize::ActionResultVisitor<alloc::vec::Vec<std::path::PathBuf>> as serde_core::de::Visitor>::expecting
FNDA:0,<core::result::Result<(), anyhow::Error> as core::convert::From<ppm_daemon::cmdline::ActionResult<()>>>::from
FNDA:0,<<ppm::cmdline::ActionResult<_> as serde_core::de::Deserialize>::deserialize::ActionResultVisitor<std::collections::hash::map::HashMap<usize, alloc::string::String>> as serde_core::de::Visitor>::expecting
FNDA:0,<ppm_daemon::cmdline::ActionResult<ppm_daemon::service::stats::Stats> as serde_core::de::Deserialize>::deserialize::<&mut serde_json::de::Deserializer<serde_json::read::IoRead<std::io::buffered::bufreader::BufReader<&std::net::tcp::TcpStream>>>>
FNDA:0,<ppm::cmdline::ActionResult<std::collections::hash::map::HashMap<usize, ppm::service::stats::Stats>> as serde_core::de::Deserialize>::deserialize::<&mut serde_json::de::Deserializer<serde_json::read::IoRead<std::io::buffered::bufreader::BufReader<&std::net::tcp::TcpStream>>>>
FNDA:0,<<ppm_daemon::cmdline::ActionResult<_> as serde_core::de::Deserialize>::deserialize::ActionResultVisitor<std::collections::hash::map::HashMap<usize, ppm_daemon::service::info::Info>> as serde_core::de::Visitor>::expecting
FNDA:0,<ppm_daemon::cmdline::ActionResult<_>>::map::<_, _>
FNDA:0,<<ppm::cmdline::ActionResult<_> as serde_core::de::Deserialize>::deserialize::ActionResultVisitor<std::collections::hash::map::HashMap<usize, ppm::service::info::Info>> as serde_core::de::Visitor>::visit_map::<serde_json::de::MapAccess<serde_json::read::IoRead<std::io::buffered::bufreader::BufReader<&std::net::tcp::TcpStream>>>>
FNDA:1,<<ppm::cmdline::ActionResult<_> as serde_core::de::Deserialize>::deserialize::ActionResultVisitor<std::collections::hash::map::HashMap<usize, alloc::string::String>> as serde_core::de::Visitor>::visit_map::<serde_json::de::MapAccess<serde_json::read::IoRead<std::io::buffered::bufreader::BufReader<&std::net::tcp::TcpStream>>>>
FNDA:1,<ppm_daemon::cmdline::ActionResult<ppm_daemon::utils::serde_utils::MapWrapper<core::iter::adapters::map::Map<dashmap::iter::Iter<usize, alloc::sync::Arc<ppm_daemon::service::Service>>, <ppm_daemon::cmdline::server::Server>::run_action::{closure#0}>>> as serde_core::ser::Serialize>::serialize::<&mut serde_json::ser::Serializer<&std::net::tcp::TcpStream>>
FNDA:0,<<ppm_daemon::cmdline::ActionResult<_> as serde_core::de::Deserialize>::deserialize::ActionResultVisitor<alloc::vec::Vec<std::path::PathBuf>> as serde_core::de::Visitor>::visit_map::<serde_json::de::MapAccess<serde_json::read::IoRead<std::io::buffered::bufreader::BufReader<&std::net::tcp::TcpStream>>>>
FNDA:0,<ppm::cmdline::ActionResult<alloc::vec::Vec<ppm::monitor::scheduler::SchedulerEvent>> as serde_core::ser::Serialize>::serialize::<&mut serde_json::ser::Serializer<&std::net::tcp::TcpStream>>
FNDA:0,<<ppm::cmdline::ActionResult<_> as serde_core::de::Deserialize>::deserialize::ActionResultVisitor<alloc::string::String> as serde_core::de::Visitor>::visit_map::<serde_json::de::MapAccess<serde_json::read::IoRead<std::io::buffered::bufreader::BufReader<&std::net::tcp::TcpStream>>>>
FNDA:1,<core::result::Result<std::collections::hash::map::HashMap<usize, alloc::string::String>, anyhow::Error> as core::convert::From<ppm::cmdline::ActionResult<std::collections::hash::map::HashMap<usize, alloc::string::String>>>>::from
FNDA:0,<ppm::cmdline::ActionResult<alloc::string::String> as serde_core::de::Deserialize>::deserialize::<&mut serde_json::de::Deserializer<serde_json::read::IoRead<std::io::buffered::bufreader::BufReader<&std::net::tcp::TcpStream>>>>
FNDA:0,<core::result::Result<alloc::vec::Vec<ppm::monitor::scheduler::SchedulerEvent>, anyhow::Error> as core::convert::From<ppm::cmdline::ActionResult<alloc::vec::Vec<ppm::monitor::scheduler::SchedulerEvent>>>>::from
FNDA:0,<<ppm_daemon::cmdline::ActionResult<_> as serde_core::de::Deserialize>::deserialize::ActionResultVisitor<_> as serde_core::de::Visitor>::expecting
FNDA:0,<ppm_daemon::cmdline::ActionResult<alloc::sync::Arc<ppm_daemon::service::stats::Stats>> as serde_core::ser::Serialize>::serialize::<&mut serde_json::ser::Serializer<&std::net::tcp::TcpStream>>
FNDA:0,<<ppm::cmdline::ActionResult<_> as serde_core::de::Deserialize>::deserialize::ActionResultVisitor<alloc::vec::Vec<std::path::PathBuf>> as serde_core::de::Visitor>::expecting
FNDA:0,<ppm::cmdline::ActionResult<ppm::utils::serde_utils::MapWrapper<core::array::iter::IntoIter<(usize, alloc::sync::Arc<ppm::service::stats::Stats>), 1>>> as serde_core::ser::Serialize>::serialize::<&mut serde_json::ser::Serializer<&std::net::tcp::TcpStream>>
FNDA:0,<core::result::Result<ppm::service::stats::Stats, anyhow::Error> as core::convert::From<ppm::cmdline::ActionResult<ppm::service::stats::Stats>>>::from
FNDA:0,<<ppm::cmdline::ActionResult<_> as serde_core::de::Deserialize>::deserialize::ActionResultVisitor<std::collections::hash::map::HashMap<usize, ppm::service::info::Info>> as serde_core::de::Visitor>::expecting
FNDA:0,<<ppm::cmdline::ActionResult<_> as serde_core::de::Deserialize>::deserialize::ActionResultVisitor<alloc::vec::Vec<ppm::monitor::scheduler::SchedulerEvent>> as serde_core::de::Visitor>::visit_map::<serde_json::de::MapAccess<serde_json::read::IoRead<std::io::buffered::bufreader::BufReader<&std::net::tcp::TcpStream>>>>
FNDA:0,<<ppm::cmdline::ActionResult<_> as serde_core::de::Deserialize>::deserialize::ActionResultVisitor<alloc::string::String> as serde_core::de::Visitor>::expecting
FNDA:0,<core::result::Result<(), anyhow::Error> as core::convert::From<ppm_daemon::cmdline::ActionResult<()>>>::from
FNDA:1,<ppm_daemon::cmdline::ActionResult<()> as core::convert::From<anyhow::Error>>::from
FNDA:0,<<ppm_daemon::cmdline::ActionResult<_> as serde_core::de::Deserialize>::deserialize::ActionResultVisitor<std::collections::hash::map::HashMap<usize, alloc::string::String>> as serde_core::de::Visitor>::expecting
FNDA:0,<ppm_daemon::cmdline::ActionResult<()> as serde_core::de::Deserialize>::deserialize::<&mut serde_json::de::Deserializer<serde_json::read::IoRead<std::io::buffered::bufreader::BufReader<&std::net::tcp::TcpStream>>>>
FNDA:0,<core::result::Result<alloc::vec::Vec<ppm::monitor::scheduler::SchedulerEvent>, anyhow::Error> as core::convert::From<ppm::cmdline::ActionResult<alloc::vec::Vec<ppm::monitor::scheduler::SchedulerEvent>>>>::from
FNDA:0,<<ppm::cmdline::ActionResult<_> as serde_core::de::Deserialize>::deserialize::ActionResultVisitor<()> as serde_core::de::Visitor>::expecting
FNDA:0,<core::result::Result<alloc::string::String, anyhow::Error> as core::convert::From<ppm_daemon::cmdline::ActionResult<alloc::string::String>>>::from
FNDA:0,<ppm::cmdline::ActionResult<_> as core::convert::From<core::result::Result<_, anyhow::Error>>>::from
FNDA:0,<ppm::cmdline::ActionResult<alloc::sync::Arc<ppm::service::stats::Stats>> as serde_core::ser::Serialize>::serialize::<&mut serde_json::ser::Serializer<&std::net::tcp::TcpStream>>
FNDA:0,<core::result::Result<std::collections::hash::map::HashMap<usize, ppm::service::info::Info>, anyhow::Error> as core::convert::From<ppm::cmdline::ActionResult<std::collections::hash::map::HashMap<usize, ppm::service::info::Info>>>>::from
FNDA:0,<<ppm::cmdline::ActionResult<_> as serde_core::de::Deserialize>::deserialize::ActionResultVisitor<()> as serde_core::de::Visitor>::expecting
FNDA:0,<core::result::Result<alloc::vec::Vec<ppm_daemon::monitor::scheduler::SchedulerEvent>, anyhow::Error> as core::convert::From<ppm_daemon::cmdline::ActionResult<alloc::vec::Vec<ppm_daemon::monitor::scheduler::SchedulerEvent>>>>::from
FNDA:0,<ppm_daemon::cmdline::ActionResult<alloc::vec::Vec<ppm_daemon::monitor::scheduler::SchedulerEvent>> as serde_core::ser::Serialize>::serialize::<&mut serde_json::ser::Serializer<&std::net::tcp::TcpStream>>
FNDA:0,<<ppm_daemon::cmdline::ActionResult<_> as serde_core::de::Deserialize>::deserialize::ActionResultVisitor<_> as serde_core::de::Visitor>::visit_map::<_>
FNDA:0,<<ppm::cmdline::ActionResult<_> as serde_core::de::Deserialize>::deserialize::ActionResultVisitor<alloc::vec::Vec<ppm::monitor::scheduler::SchedulerEvent>> as serde_core::de::Visitor>::visit_map::<serde_json::de::MapAccess<serde_json::read::IoRead<std::io::buffered::bufreader::BufReader<&std::net::tcp::TcpStream>>>>
FNDA:0,<core::result::Result<std::collections::hash::map::HashMap<usize, ppm::service::info::Info>, anyhow::Error> as core::convert::From<ppm::cmdline::ActionResult<std::collections::hash::map::HashMap<usize, ppm::service::info::Info>>>>::from
FNDA:0,<ppm_daemon::cmdline::ActionResult<ppm_daemon::utils::serde_utils::MapWrapper<core::iter::adapters::map::Map<dashmap::iter::Iter<usize, alloc::sync::Arc<ppm_daemon::service::Service>>, <ppm_daemon::cmdline::server::Server>::run_action::{closure#1}>>> as serde_core::ser::Serialize>::serialize::<&mut serde_json::ser::Serializer<&std::net::tcp::TcpStream>>
FNDA:0,<ppm::cmdline::ActionResult<ppm::utils::serde_utils::MapWrapper<core::iter::adapters::map::Map<dashmap::iter::Iter<usize, alloc::sync::Arc<ppm::service::Service>>, <ppm::cmdline::server::Server>::run_action::{closure#3}>>> as serde_core::ser::Serialize>::serialize::<&mut serde_json::ser::Serializer<&std::net::tcp::TcpStream>>
FNDA:0,<ppm_daemon::cmdline::ActionResult<_>>::map::<_, _>
FNDA:0,<ppm::cmdline::ActionResult<ppm::service::stats::Stats> as serde_core::de::Deserialize>::deserialize::<&mut serde_json::de::Deserializer<serde_json::read::IoRead<std::io::buffered::bufreader::BufReader<&std::net::tcp::TcpStream>>>>
FNDA:1,<ppm::cmdline::ActionResult<bool> as serde_core::ser::Serialize>::serialize::<&mut serde_json::ser::Serializer<&mut alloc::vec::Vec<u8>>>
FNDA:0,<<ppm_daemon::cmdline::ActionResult<_> as serde_core::de::Deserialize>::deserialize::ActionResultVisitor<_> as serde_core::de::Visitor>::visit_map::<_>
FNDA:1,<ppm_daemon::cmdline::ActionResult<bool> as serde_core::ser::Serialize>::serialize::<&mut serde_json::ser::Serializer<&mut alloc::vec::Vec<u8>>>
FNDA:0,<<ppm::cmdline::ActionResult<_> as serde_core::de::Deserialize>::deserialize::ActionResultVisitor<alloc::vec::Vec<ppm::monitor::scheduler::SchedulerEvent>> as serde_core::de::Visitor>::visit_map::<serde_json::de::MapAccess<serde_json::read::IoRead<std::io::buffered::bufreader::BufReader<&std::net::tcp::TcpStream>>>>
FNDA:0,<ppm_daemon::cmdline::ActionResult<()> as core::convert::From<anyhow::Error>>::from
FNDA:1,<<ppm_daemon::cmdline::ActionResult<_> as serde_core::de::Deserialize>::deserialize::ActionResultVisitor<std::collections::hash::map::HashMap<usize, ppm_daemon::service::info::Info>> as serde_core::de::Visitor>::visit_map::<serde_json::de::MapAccess<serde_json::read::IoRead<std::io::buffered::bufreader::BufReader<&std::net::tcp::TcpStream>>>>
FNDA:0,<<ppm_daemon::cmdline::ActionResult<_> as serde_core::de::Deserialize>::deserialize::ActionResultVisitor<ppm_daemon::service::stats::Stats> as serde_core::de::Visitor>::expecting
FNDA:1,<ppm::cmdline::ActionResult<bool> as serde_core::ser::Serialize>::serialize::<&mut serde_json::ser::Serializer<&mut alloc::vec::Vec<u8>>>
FNDA:0,<<ppm_daemon::cmdline::ActionResult<_> as serde_core::de::Deserialize>::deserialize::ActionResultVisitor<std::collections::hash::map::HashMap<usize, alloc::string::String>> as serde_core::de::Visitor>::expecting
FNDA:1,<ppm::cmdline::ActionResult<std::collections::hash::map::HashMap<usize, ppm::service::info::Info>> as serde_core::de::Deserialize>::deserialize::<&mut serde_json::de::Deserializer<serde_json::read::IoRead<std::io::buffered::bufreader::BufReader<&std::net::tcp::TcpStream>>>>
FNDA:0,<ppm::cmdline::ActionResult<()> as serde_core::de::Deserialize>::deserialize::<&mut serde_json::de::Deserializer<serde_json::read::IoRead<std::io::buffered::bufreader::BufReader<&std::net::tcp::TcpStream>>>>
FNDA:0,<<ppm::cmdline::ActionResult<_> as serde_core::de::Deserialize>::deserialize::ActionResultVisitor<std::collections::hash::map::HashMap<usize, ppm::service::stats::Stats>> as serde_core::de::Visitor>::expecting
FNDA:0,<<ppm_daemon::cmdline::ActionResult<_> as serde_core::de::Deserialize>::deserialize::ActionResultVisitor<std::collections::hash::map::HashMap<usize, ppm_daemon::service::stats::Stats>> as serde_core::de::Visitor>::expecting
FNDA:0,<<ppm::cmdline::ActionResult<_> as serde_core::de::Deserialize>::deserialize::ActionResultVisitor<alloc::vec::Vec<ppm::monitor::scheduler::SchedulerEvent>> as serde_core::de::Visitor>::expecting
FNDA:1,<<ppm_daemon::cmdline::ActionResult<_> as serde_core::de::Deserialize>::deserialize::ActionResultVisitor<std::collections::hash::map::HashMap<usize, alloc::string::String>> as serde_core::de::Visitor>::visit_map::<serde_json::de::MapAccess<serde_json::read::IoRead<std::io::buffered::bufreader::BufReader<&std::net::tcp::TcpStream>>>>
FNDA:1,<ppm_daemon::cmdline::ActionResult<std::collections::hash::map::HashMap<usize, alloc::string::String>> as serde_core::de::Deserialize>::deserialize::<&mut serde_json::de::Deserializer<serde_json::read::IoRead<std::io::buffered::bufreader::BufReader<&std::net::tcp::TcpStream>>>>
FNDA:0,<ppm::cmdline::ActionResult<()> as serde_core::de::Deserialize>::deserialize::<&mut serde_json::de::Deserializer<serde_json::read::IoRead<std::io::buffered::bufreader::BufReader<&std::net::tcp::TcpStream>>>>
FNDA:1,ppm::cmdline::tests::action_result
FNDA:0,<ppm_daemon::cmdline::ActionResult<ppm_daemon::utils::serde_utils::MapWrapper<core::array::iter::IntoIter<(usize, alloc::sync::Arc<ppm_daemon::service::stats::Stats>), 1>>> as serde_core::ser::Serialize>::serialize::<&mut serde_json::ser::Serializer<&std::net::tcp::TcpStream>>
FNDA:0,<<ppm_daemon::cmdline::ActionResult<_> as serde_core::de::Deserialize>::deserialize::ActionResultVisitor<alloc::string::String> as serde_core::de::Visitor>::expecting
FNDA:0,ppm_daemon::cmdline::parse_key_val::<_, _>::{closure#0}
FNDA:0,<ppm_daemon::cmdline::ActionResult<alloc::vec::Vec<ppm_daemon::monitor::scheduler::SchedulerEvent>> as serde_core::ser::Serialize>::serialize::<&mut serde_json::ser::Serializer<&std::net::tcp::TcpStream>>
FNDA:0,<ppm_daemon::cmdline::ActionResult<_>>::map::<_, _>
FNF:316
FNH:48
BRF:0
BRH:0
DA:118,0
DA:119,0
DA:120,0
DA:121,0
DA:122,0
DA:123,0
DA:124,0
DA:125,0
DA:127,0
DA:128,0
DA:129,0
DA:130,0
DA:131,0
DA:134,0
DA:135,0
DA:136,0
DA:146,0
DA:147,0
DA:148,0
DA:150,0
DA:151,0
DA:152,0
DA:154,0
DA:161,70
DA:162,70
DA:163,70
DA:165,70
DA:166,42
DA:167,42
DA:168,42
DA:169,42
DA:171,28
DA:172,28
DA:173,28
DA:174,28
DA:177,70
DA:184,28
DA:185,28
DA:186,28
DA:195,0
DA:196,0
DA:197,0
DA:199,0
DA:201,28
DA:202,28
DA:203,28
DA:207,28
DA:208,28
DA:209,28
DA:210,0
DA:211,0
DA:212,0
DA:214,0
DA:215,28
DA:218,28
DA:219,28
DA:223,0
DA:224,0
DA:225,0
DA:226,0
DA:228,0
DA:232,14
DA:233,14
DA:234,14
DA:238,28
DA:239,28
DA:240,28
DA:241,0
DA:243,28
LF:69
LH:32
end_of_record
SF:src/service/stats.rs
FN:82,ppm_daemon::service::stats::tests::serde
FN:82,ppm::service::stats::tests::serde
FN:82,ppm_daemon::service::stats::tests::serde
FN:82,ppm::service::stats::tests::serde
FNDA:1,ppm_daemon::service::stats::tests::serde
FNDA:1,ppm::service::stats::tests::serde
FNDA:1,ppm_daemon::service::stats::tests::serde
FNDA:1,ppm::service::stats::tests::serde
FNF:4
FNH:4
BRF:0
BRH:0
LF:0
LH:0
end_of_record
