TN:
SF:src/utils/serializers/service_dashmap.rs
FN:47,ppm_daemon::utils::serializers::service_dashmap::serialize::<&mut serde_yaml_ng::ser::Serializer<&mut alloc::vec::Vec<u8>>>::{closure#1}::{closure#0}::{closure#0}
FN:47,ppm_launcher::utils::serializers::service_dashmap::serialize::<_>::{closure#1}::{closure#0}::{closure#0}
FN:64,<ppm_daemon::utils::serializers::service_dashmap::ServiceMapVisitor as serde_core::de::Visitor>::expecting
FN:47,ppm::utils::serializers::service_dashmap::serialize::<_>::{closure#1}
FN:47,ppm::utils::serializers::service_dashmap::serialize::<_>::{closure#1}::{closure#0}::{closure#0}
FN:88,<ppm_daemon::utils::serializers::service_dashmap::ServiceMapVisitor as serde_core::de::Visitor>::visit_seq::<&mut serde_yaml_ng::de::SeqAccess>
FN:47,ppm::utils::serializers::service_dashmap::serialize::<_>::{closure#1}::{closure#0}
FN:88,<ppm_launcher::utils::serializers::service_dashmap::ServiceMapVisitor as serde_core::de::Visitor>::visit_seq::<_>
FN:47,ppm_launcher::utils::serializers::service_dashmap::serialize::<_>::{closure#1}::{closure#0}::{closure#0}
FN:68,<ppm_daemon::utils::serializers::service_dashmap::ServiceMapVisitor as serde_core::de::Visitor>::visit_map::<&mut serde_yaml_ng::de::MapAccess>
FN:64,<ppm::utils::serializers::service_dashmap::ServiceMapVisitor as serde_core::de::Visitor>::expecting
FN:64,<ppm_launcher::utils::serializers::service_dashmap::ServiceMapVisitor as serde_core::de::Visitor>::expecting
FN:52,ppm_daemon::utils::serializers::service_dashmap::deserialize::<&mut serde_yaml_ng::de::DeserializerFromEvents>
FN:98,<ppm::utils::serializers::service_dashmap::ServiceMapVisitor as serde_core::de::Visitor>::visit_seq::<&mut serde_yaml_ng::de::SeqAccess>::{closure#0}
FN:88,<ppm_launcher::utils::serializers::service_dashmap::ServiceMapVisitor as serde_core::de::Visitor>::visit_seq::<&mut serde_yaml_ng::de::SeqAccess>
FN:64,<ppm_launcher::utils::serializers::service_dashmap::ServiceMapVisitor as serde_core::de::Visitor>::expecting
FN:117,ppm_launcher::utils::serializers::service_dashmap::tests::serde
FN:47,ppm::utils::serializers::service_dashmap::serialize::<&mut serde_yaml_ng::ser::Serializer<&mut alloc::vec::Vec<u8>>>::{closure#1}
FN:47,ppm_daemon::utils::serializers::service_dashmap::serialize::<&mut serde_yaml_ng::ser::Serializer<&mut alloc::vec::Vec<u8>>>::{closure#1}::{closure#0}
FN:98,<ppm_daemon::utils::serializers::service_dashmap::ServiceMapVisitor as serde_core::de::Visitor>::visit_seq::<&mut serde_yaml_ng::de::SeqAccess>::{closure#0}
FN:137,ppm::utils::serializers::service_dashmap::tests::validation_errors
FN:68,<ppm::utils::serializers::service_dashmap::ServiceMapVisitor as serde_core::de::Visitor>::visit_map::<_>
FN:47,ppm_launcher::utils::serializers::service_dashmap::serialize::<_>::{closure#1}
FN:47,ppm::utils::serializers::service_dashmap::serialize::<&mut serde_yaml_ng::ser::Serializer<&mut alloc::vec::Vec<u8>>>::{closure#1}::{closure#0}
FN:98,<ppm::utils::serializers::service_dashmap::ServiceMapVisitor as serde_core::de::Visitor>::visit_seq::<_>::{closure#0}
FN:68,<ppm_daemon::utils::serializers::service_dashmap::ServiceMapVisitor as serde_core::de::Visitor>::visit_map::<&mut serde_yaml_ng::de::MapAccess>
FN:47,ppm_daemon::utils::serializers::service_dashmap::serialize::<&mut serde_yaml_ng::ser::Serializer<&mut alloc::vec::Vec<u8>>>::{closure#1}::{closure#0}::{closure#0}
FN:68,<ppm_launcher::utils::serializers::service_dashmap::ServiceMapVisitor as serde_core::de::Visitor>::visit_map::<&mut serde_yaml_ng::de::MapAccess>
FN:52,ppm::utils::serializers::service_dashmap::deserialize::<&mut serde_yaml_ng::de::DeserializerFromEvents>
FN:44,ppm::utils::serializers::service_dashmap::serialize::<_>::{closure#0}
FN:47,ppm_daemon::utils::serializers::service_dashmap::serialize::<&mut serde_yaml_ng::ser::Serializer<&mut alloc::vec::Vec<u8>>>::{closure#1}
FN:39,ppm_launcher::utils::serializers::service_dashmap::serialize::<_>
FN:98,<ppm_launcher::utils::serializers::service_dashmap::ServiceMapVisitor as serde_core::de::Visitor>::visit_seq::<_>::{closure#0}
FN:44,ppm_launcher::utils::serializers::service_dashmap::serialize::<_>::{closure#0}
FN:44,ppm_daemon::utils::serializers::service_dashmap::serialize::<&mut serde_yaml_ng::ser::Serializer<&mut alloc::vec::Vec<u8>>>::{closure#0}
FN:44,ppm_launcher::utils::serializers::service_dashmap::serialize::<_>::{closure#0}
FN:39,ppm::utils::serializers::service_dashmap::serialize::<_>
FN:88,<ppm::utils::serializers::service_dashmap::ServiceMapVisitor as serde_core::de::Visitor>::visit_seq::<_>
FN:88,<ppm::utils::serializers::service_dashmap::ServiceMapVisitor as serde_core::de::Visitor>::visit_seq::<&mut serde_yaml_ng::de::SeqAccess>
FN:39,ppm_launcher::utils::serializers::service_dashmap::serialize::<_>
FN:47,ppm_launcher::utils::serializers::service_dashmap::serialize::<_>::{closure#1}::{closure#0}
FN:88,<ppm_daemon::utils::serializers::service_dashmap::ServiceMapVisitor as serde_core::de::Visitor>::visit_seq::<&mut serde_yaml_ng::de::SeqAccess>
FN:44,ppm_daemon::utils::serializers::service_dashmap::serialize::<&mut serde_yaml_ng::ser::Serializer<&mut alloc::vec::Vec<u8>>>::{closure#0}
FN:98,<ppm_launcher::utils::serializers::service_dashmap::ServiceMapVisitor as serde_core::de::Visitor>::visit_seq::<&mut serde_yaml_ng::de::SeqAccess>::{closure#0}
FN:137,ppm_launcher::utils::serializers::service_dashmap::tests::validation_errors
FN:52,ppm::utils::serializers::service_dashmap::deserialize::<_>
FN:47,ppm::utils::serializers::service_dashmap::serialize::<&mut serde_yaml_ng::ser::Serializer<&mut alloc::vec::Vec<u8>>>::{closure#1}::{closure#0}::{closure#0}
FN:39,ppm::utils::serializers::service_dashmap::serialize::<&mut serde_yaml_ng::ser::Serializer<&mut alloc::vec::Vec<u8>>>
FN:64,<ppm_daemon::utils::serializers::service_dashmap::ServiceMapVisitor as serde_core::de::Visitor>::expecting
FN:52,ppm_launcher::utils::serializers::service_dashmap::deserialize::<&mut serde_yaml_ng::de::DeserializerFromEvents>
FN:117,ppm_daemon::utils::serializers::service_dashmap::tests::serde
FN:137,ppm_daemon::utils::serializers::service_dashmap::tests::validation_errors
FN:117,ppm::utils::serializers::service_dashmap::tests::serde
FN:47,ppm_launcher::utils::serializers::service_dashmap::serialize::<_>::{closure#1}
FN:39,ppm_daemon::utils::serializers::service_dashmap::serialize::<&mut serde_yaml_ng::ser::Serializer<&mut alloc::vec::Vec<u8>>>
FN:98,<ppm_daemon::utils::serializers::service_dashmap::ServiceMapVisitor as serde_core::de::Visitor>::visit_seq::<&mut serde_yaml_ng::de::SeqAccess>::{closure#0}
FN:68,<ppm::utils::serializers::service_dashmap::ServiceMapVisitor as serde_core::de::Visitor>::visit_map::<&mut serde_yaml_ng::de::MapAccess>
FN:52,ppm_daemon::utils::serializers::service_dashmap::deserialize::<&mut serde_yaml_ng::de::DeserializerFromEvents>
FN:68,<ppm_launcher::utils::serializers::service_dashmap::ServiceMapVisitor as serde_core::de::Visitor>::visit_map::<_>
FN:47,ppm_launcher::utils::serializers::service_dashmap::serialize::<_>::{closure#1}::{closure#0}
FN:64,<ppm::utils::serializers::service_dashmap::ServiceMapVisitor as serde_core::de::Visitor>::expecting
FN:44,ppm::utils::serializers::service_dashmap::serialize::<&mut serde_yaml_ng::ser::Serializer<&mut alloc::vec::Vec<u8>>>::{closure#0}
FN:52,ppm_launcher::utils::serializers::service_dashmap::deserialize::<_>
FN:47,ppm_daemon::utils::serializers::service_dashmap::serialize::<&mut serde_yaml_ng::ser::Serializer<&mut alloc::vec::Vec<u8>>>::{closure#1}
FN:47,ppm_daemon::utils::serializers::service_dashmap::serialize::<&mut serde_yaml_ng::ser::Serializer<&mut alloc::vec::Vec<u8>>>::{closure#1}::{closure#0}
FN:39,ppm_daemon::utils::serializers::service_dashmap::serialize::<&mut serde_yaml_ng::ser::Serializer<&mut alloc::vec::Vec<u8>>>
FNDA:0,ppm_daemon::utils::serializers::service_dashmap::serialize::<&mut serde_yaml_ng::ser::Serializer<&mut alloc::vec::Vec<u8>>>::{closure#1}::{closure#0}::{closure#0}
FNDA:0,ppm_launcher::utils::serializers::service_dashmap::serialize::<_>::{closure#1}::{closure#0}::{closure#0}
FNDA:0,<ppm_daemon::utils::serializers::service_dashmap::ServiceMapVisitor as serde_core::de::Visitor>::expecting
FNDA:0,ppm::utils::serializers::service_dashmap::serialize::<_>::{closure#1}
FNDA:0,ppm::utils::serializers::service_dashmap::serialize::<_>::{closure#1}::{closure#0}::{closure#0}
FNDA:1,<ppm_daemon::utils::serializers::service_dashmap::ServiceMapVisitor as serde_core::de::Visitor>::visit_seq::<&mut serde_yaml_ng::de::SeqAccess>
FNDA:0,ppm::utils::serializers::service_dashmap::serialize::<_>::{closure#1}::{closure#0}
FNDA:0,<ppm_launcher::utils::serializers::service_dashmap::ServiceMapVisitor as serde_core::de::Visitor>::visit_seq::<_>
FNDA:0,ppm_launcher::utils::serializers::service_dashmap::serialize::<_>::{closure#1}::{closure#0}::{closure#0}
FNDA:0,<ppm_daemon::utils::serializers::service_dashmap::ServiceMapVisitor as serde_core::de::Visitor>::visit_map::<&mut serde_yaml_ng::de::MapAccess>
FNDA:0,<ppm::utils::serializers::service_dashmap::ServiceMapVisitor as serde_core::de::Visitor>::expecting
FNDA:0,<ppm_launcher::utils::serializers::service_dashmap::ServiceMapVisitor as serde_core::de::Visitor>::expecting
FNDA:0,ppm_daemon::utils::serializers::service_dashmap::deserialize::<&mut serde_yaml_ng::de::DeserializerFromEvents>
FNDA:1,<ppm::utils::serializers::service_dashmap::ServiceMapVisitor as serde_core::de::Visitor>::visit_seq::<&mut serde_yaml_ng::de::SeqAccess>::{closure#0}
FNDA:1,<ppm_launcher::utils::serializers::service_dashmap::ServiceMapVisitor as serde_core::de::Visitor>::visit_seq::<&mut serde_yaml_ng::de::SeqAccess>
FNDA:0,<ppm_launcher::utils::serializers::service_dashmap::ServiceMapVisitor as serde_core::de::Visitor>::expecting
FNDA:1,ppm_launcher::utils::serializers::service_dashmap::tests::serde
FNDA:0,ppm::utils::serializers::service_dashmap::serialize::<&mut serde_yaml_ng::ser::Serializer<&mut alloc::vec::Vec<u8>>>::{closure#1}
FNDA:1,ppm_daemon::utils::serializers::service_dashmap::serialize::<&mut serde_yaml_ng::ser::Serializer<&mut alloc::vec::Vec<u8>>>::{closure#1}::{closure#0}
FNDA:0,<ppm_daemon::utils::serializers::service_dashmap::ServiceMapVisitor as serde_core::de::Visitor>::visit_seq::<&mut serde_yaml_ng::de::SeqAccess>::{closure#0}
FNDA:1,ppm::utils::serializers::service_dashmap::tests::validation_errors
FNDA:0,<ppm::utils::serializers::service_dashmap::ServiceMapVisitor as serde_core::de::Visitor>::visit_map::<_>
FNDA:0,ppm_launcher::utils::serializers::service_dashmap::serialize::<_>::{closure#1}
FNDA:0,ppm::utils::serializers::service_dashmap::serialize::<&mut serde_yaml_ng::ser::Serializer<&mut alloc::vec::Vec<u8>>>::{closure#1}::{closure#0}
FNDA:0,<ppm::utils::serializers::service_dashmap::ServiceMapVisitor as serde_core::de::Visitor>::visit_seq::<_>::{closure#0}
FNDA:1,<ppm_daemon::utils::serializers::service_dashmap::ServiceMapVisitor as serde_core::de::Visitor>::visit_map::<&mut serde_yaml_ng::de::MapAccess>
FNDA:1,ppm_daemon::utils::serializers::service_dashmap::serialize::<&mut serde_yaml_ng::ser::Serializer<&mut alloc::vec::Vec<u8>>>::{closure#1}::{closure#0}::{closure#0}
FNDA:1,<ppm_launcher::utils::serializers::service_dashmap::ServiceMapVisitor as serde_core::de::Visitor>::visit_map::<&mut serde_yaml_ng::de::MapAccess>
FNDA:1,ppm::utils::serializers::service_dashmap::deserialize::<&mut serde_yaml_ng::de::DeserializerFromEvents>
FNDA:0,ppm::utils::serializers::service_dashmap::serialize::<_>::{closure#0}
FNDA:1,ppm_daemon::utils::serializers::service_dashmap::serialize::<&mut serde_yaml_ng::ser::Serializer<&mut alloc::vec::Vec<u8>>>::{closure#1}
FNDA:0,ppm_launcher::utils::serializers::service_dashmap::serialize::<_>
FNDA:0,<ppm_launcher::utils::serializers::service_dashmap::ServiceMapVisitor as serde_core::de::Visitor>::visit_seq::<_>::{closure#0}
FNDA:0,ppm_launcher::utils::serializers::service_dashmap::serialize::<_>::{closure#0}
FNDA:0,ppm_daemon::utils::serializers::service_dashmap::serialize::<&mut serde_yaml_ng::ser::Serializer<&mut alloc::vec::Vec<u8>>>::{closure#0}
FNDA:0,ppm_launcher::utils::serializers::service_dashmap::serialize::<_>::{closure#0}
FNDA:0,ppm::utils::serializers::service_dashmap::serialize::<_>
FNDA:0,<ppm::utils::serializers::service_dashmap::ServiceMapVisitor as serde_core::de::Visitor>::visit_seq::<_>
FNDA:1,<ppm::utils::serializers::service_dashmap::ServiceMapVisitor as serde_core::de::Visitor>::visit_seq::<&mut serde_yaml_ng::de::SeqAccess>
FNDA:0,ppm_launcher::utils::serializers::service_dashmap::serialize::<_>
FNDA:0,ppm_launcher::utils::serializers::service_dashmap::serialize::<_>::{closure#1}::{closure#0}
FNDA:0,<ppm_daemon::utils::serializers::service_dashmap::ServiceMapVisitor as serde_core::de::Visitor>::visit_seq::<&mut serde_yaml_ng::de::SeqAccess>
FNDA:1,ppm_daemon::utils::serializers::service_dashmap::serialize::<&mut serde_yaml_ng::ser::Serializer<&mut alloc::vec::Vec<u8>>>::{closure#0}
FNDA:1,<ppm_launcher::utils::serializers::service_dashmap::ServiceMapVisitor as serde_core::de::Visitor>::visit_seq::<&mut serde_yaml_ng::de::SeqAccess>::{closure#0}
FNDA:1,ppm_launcher::utils::serializers::service_dashmap::tests::validation_errors
FNDA:0,ppm::utils::serializers::service_dashmap::deserialize::<_>
FNDA:0,ppm::utils::serializers::service_dashmap::serialize::<&mut serde_yaml_ng::ser::Serializer<&mut alloc::vec::Vec<u8>>>::{closure#1}::{closure#0}::{closure#0}
FNDA:0,ppm::utils::serializers::service_dashmap::serialize::<&mut serde_yaml_ng::ser::Serializer<&mut alloc::vec::Vec<u8>>>
FNDA:0,<ppm_daemon::utils::serializers::service_dashmap::ServiceMapVisitor as serde_core::de::Visitor>::expecting
FNDA:1,ppm_launcher::utils::serializers::service_dashmap::deserialize::<&mut serde_yaml_ng::de::DeserializerFromEvents>
FNDA:1,ppm_daemon::utils::serializers::service_dashmap::tests::serde
FNDA:1,ppm_daemon::utils::serializers::service_dashmap::tests::validation_errors
FNDA:1,ppm::utils::serializers::service_dashmap::tests::serde
FNDA:0,ppm_launcher::utils::serializers::service_dashmap::serialize::<_>::{closure#1}
FNDA:1,ppm_daemon::utils::serializers::service_dashmap::serialize::<&mut serde_yaml_ng::ser::Serializer<&mut alloc::vec::Vec<u8>>>
FNDA:1,<ppm_daemon::utils::serializers::service_dashmap::ServiceMapVisitor as serde_core::de::Visitor>::visit_seq::<&mut serde_yaml_ng::de::SeqAccess>::{closure#0}
FNDA:1,<ppm::utils::serializers::service_dashmap::ServiceMapVisitor as serde_core::de::Visitor>::visit_map::<&mut serde_yaml_ng::de::MapAccess>
FNDA:1,ppm_daemon::utils::serializers::service_dashmap::deserialize::<&mut serde_yaml_ng::de::DeserializerFromEvents>
FNDA:0,<ppm_launcher::utils::serializers::service_dashmap::ServiceMapVisitor as serde_core::de::Visitor>::visit_map::<_>
FNDA:0,ppm_launcher::utils::serializers::service_dashmap::serialize::<_>::{closure#1}::{closure#0}
FNDA:0,<ppm::utils::serializers::service_dashmap::ServiceMapVisitor as serde_core::de::Visitor>::expecting
FNDA:0,ppm::utils::serializers::service_dashmap::serialize::<&mut serde_yaml_ng::ser::Serializer<&mut alloc::vec::Vec<u8>>>::{closure#0}
FNDA:0,ppm_launcher::utils::serializers::service_dashmap::deserialize::<_>
FNDA:0,ppm_daemon::utils::serializers::service_dashmap::serialize::<&mut serde_yaml_ng::ser::Serializer<&mut alloc::vec::Vec<u8>>>::{closure#1}
FNDA:0,ppm_daemon::utils::serializers::service_dashmap::serialize::<&mut serde_yaml_ng::ser::Serializer<&mut alloc::vec::Vec<u8>>>::{closure#1}::{closure#0}
FNDA:0,ppm_daemon::utils::serializers::service_dashmap::serialize::<&mut serde_yaml_ng::ser::Serializer<&mut alloc::vec::Vec<u8>>>
FNF:66
FNH:23
BRF:0
BRH:0
DA:39,3
DA:40,3
DA:41,3
DA:44,9
DA:45,3
DA:46,3
DA:47,9
DA:49,3
DA:50,3
DA:52,24
DA:53,24
DA:54,24
DA:56,24
DA:57,24
DA:64,0
DA:65,0
DA:66,0
DA:68,12
DA:69,12
DA:70,12
DA:72,12
DA:74,18
DA:75,9
DA:76,3
DA:77,3
DA:78,3
DA:79,6
DA:80,6
DA:81,6
DA:82,6
DA:83,6
DA:85,9
DA:86,12
DA:88,12
DA:89,12
DA:90,12
DA:92,12
DA:94,18
DA:95,12
DA:97,6
DA:98,6
DA:100,12
LF:42
LH:39
end_of_record
SF:tests/utils.rs
FN:31,<utils::OnDrop<_>>::new
FN:31,<client::utils::OnDrop<client::cli_utils::{closure#0}::{closure#0}>>::new
FN:36,<utils::OnDrop<_>>::deactivate
FN:46,<client::utils::OnDrop<client::cli_utils::{closure#0}::{closure#0}> as core::ops::drop::Drop>::drop
FN:46,<utils::OnDrop<_> as core::ops::drop::Drop>::drop
FN:36,<client::utils::OnDrop<_>>::deactivate
FNDA:0,<utils::OnDrop<_>>::new
FNDA:1,<client::utils::OnDrop<client::cli_utils::{closure#0}::{closure#0}>>::new
FNDA:0,<utils::OnDrop<_>>::deactivate
FNDA:1,<client::utils::OnDrop<client::cli_utils::{closure#0}::{closure#0}> as core::ops::drop::Drop>::drop
FNDA:0,<utils::OnDrop<_> as core::ops::drop::Drop>::drop
FNDA:0,<client::utils::OnDrop<_>>::deactivate
FNF:6
FNH:2
BRF:0
BRH:0
DA:31,1
DA:32,1
DA:33,1
DA:36,0
DA:37,0
DA:38,0
DA:39,0
DA:46,1
DA:47,1
DA:48,1
DA:49,0
DA:50,1
LF:12
LH:7
end_of_record
SF:src/utils/libc/fcntl.rs
FN:73,<std::fs::File as ppm_launcher::utils::libc::fcntl::Fcntl>::get_flags
FN:73,<_ as ppm_launcher::utils::libc::fcntl::Fcntl>::get_flags
FN:80,<std::fs::File as ppm::utils::libc::fcntl::Fcntl>::set_flags
FN:59,<std::fs::File as ppm_daemon::utils::libc::fcntl::Fcntl>::add_flag
FN:59,<std::fs::File as ppm::utils::libc::fcntl::Fcntl>::add_flag
FN:59,<std::io::pipe::PipeReader as ppm_daemon::utils::libc::fcntl::Fcntl>::add_flag
FN:64,<std::fs::File as ppm_launcher::utils::libc::fcntl::Fcntl>::remove_flag
FN:73,<std::fs::File as ppm::utils::libc::fcntl::Fcntl>::get_flags
FN:73,<i32 as ppm_daemon::utils::libc::fcntl::Fcntl>::get_flags
FN:80,<_ as ppm::utils::libc::fcntl::Fcntl>::set_flags
FN:73,<_ as ppm::utils::libc::fcntl::Fcntl>::get_flags
FN:92,ppm::utils::libc::fcntl::tests::flags
FN:64,<std::fs::File as ppm_daemon::utils::libc::fcntl::Fcntl>::remove_flag
FN:64,<std::fs::File as ppm::utils::libc::fcntl::Fcntl>::remove_flag
FN:80,<std::fs::File as ppm_daemon::utils::libc::fcntl::Fcntl>::set_flags
FN:59,<std::fs::File as ppm_launcher::utils::libc::fcntl::Fcntl>::add_flag
FN:92,ppm_daemon::utils::libc::fcntl::tests::flags
FN:59,<std::io::pipe::PipeReader as ppm_daemon::utils::libc::fcntl::Fcntl>::add_flag
FN:73,<std::fs::File as ppm_daemon::utils::libc::fcntl::Fcntl>::get_flags
FN:64,<_ as ppm_launcher::utils::libc::fcntl::Fcntl>::remove_flag
FN:59,<std::io::pipe::PipeReader as ppm_launcher::utils::libc::fcntl::Fcntl>::add_flag
FN:80,<_ as ppm_launcher::utils::libc::fcntl::Fcntl>::set_flags
FN:73,<std::io::pipe::PipeReader as ppm::utils::libc::fcntl::Fcntl>::get_flags
FN:59,<std::fs::File as ppm_daemon::utils::libc::fcntl::Fcntl>::add_flag
FN:59,<std::io::pipe::PipeReader as ppm::utils::libc::fcntl::Fcntl>::add_flag
FN:64,<_ as ppm_daemon::utils::libc::fcntl::Fcntl>::remove_flag
FN:59,<_ as ppm::utils::libc::fcntl::Fcntl>::add_flag
FN:80,<std::fs::File as ppm_launcher::utils::libc::fcntl::Fcntl>::set_flags
FN:73,<std::io::pipe::PipeReader as ppm_daemon::utils::libc::fcntl::Fcntl>::get_flags
FN:80,<std::io::pipe::PipeReader as ppm_launcher::utils::libc::fcntl::Fcntl>::set_flags
FN:59,<_ as ppm_launcher::utils::libc::fcntl::Fcntl>::add_flag
FN:64,<_ as ppm::utils::libc::fcntl::Fcntl>::remove_flag
FN:80,<std::fs::File as ppm_daemon::utils::libc::fcntl::Fcntl>::set_flags
FN:73,<std::fs::File as ppm_daemon::utils::libc::fcntl::Fcntl>::get_flags
FN:73,<std::io::pipe::PipeReader as ppm_daemon::utils::libc::fcntl::Fcntl>::get_flags
FN:73,<i32 as ppm_launcher::utils::libc::fcntl::Fcntl>::get_flags
FN:73,<i32 as ppm::utils::libc::fcntl::Fcntl>::get_flags
FN:92,ppm_launcher::utils::libc::fcntl::tests::flags
FN:80,<std::io::pipe::PipeReader as ppm_daemon::utils::libc::fcntl::Fcntl>::set_flags
FN:80,<std::io::pipe::PipeReader as ppm::utils::libc::fcntl::Fcntl>::set_flags
FN:80,<std::io::pipe::PipeReader as ppm_daemon::utils::libc::fcntl::Fcntl>::set_flags
FN:73,<std::io::pipe::PipeReader as ppm_launcher::utils::libc::fcntl::Fcntl>::get_flags
FNDA:1,<std::fs::File as ppm_launcher::utils::libc::fcntl::Fcntl>::get_flags
FNDA:0,<_ as ppm_launcher::utils::libc::fcntl::Fcntl>::get_flags
FNDA:1,<std::fs::File as ppm::utils::libc::fcntl::Fcntl>::set_flags
FNDA:1,<std::fs::File as ppm_daemon::utils::libc::fcntl::Fcntl>::add_flag
FNDA:1,<std::fs::File as ppm::utils::libc::fcntl::Fcntl>::add_flag
FNDA:0,<std::io::pipe::PipeReader as ppm_daemon::utils::libc::fcntl::Fcntl>::add_flag
FNDA:1,<std::fs::File as ppm_launcher::utils::libc::fcntl::Fcntl>::remove_flag
FNDA:1,<std::fs::File as ppm::utils::libc::fcntl::Fcntl>::get_flags
FNDA:1,<i32 as ppm_daemon::utils::libc::fcntl::Fcntl>::get_flags
FNDA:0,<_ as ppm::utils::libc::fcntl::Fcntl>::set_flags
FNDA:0,<_ as ppm::utils::libc::fcntl::Fcntl>::get_flags
FNDA:1,ppm::utils::libc::fcntl::tests::flags
FNDA:1,<std::fs::File as ppm_daemon::utils::libc::fcntl::Fcntl>::remove_flag
FNDA:1,<std::fs::File as ppm::utils::libc::fcntl::Fcntl>::remove_flag
FNDA:1,<std::fs::File as ppm_daemon::utils::libc::fcntl::Fcntl>::set_flags
FNDA:1,<std::fs::File as ppm_launcher::utils::libc::fcntl::Fcntl>::add_flag
FNDA:1,ppm_daemon::utils::libc::fcntl::tests::flags
FNDA:1,<std::io::pipe::PipeReader as ppm_daemon::utils::libc::fcntl::Fcntl>::add_flag
FNDA:0,<std::fs::File as ppm_daemon::utils::libc::fcntl::Fcntl>::get_flags
FNDA:0,<_ as ppm_launcher::utils::libc::fcntl::Fcntl>::remove_flag
FNDA:1,<std::io::pipe::PipeReader as ppm_launcher::utils::libc::fcntl::Fcntl>::add_flag
FNDA:0,<_ as ppm_launcher::utils::libc::fcntl::Fcntl>::set_flags
FNDA:1,<std::io::pipe::PipeReader as ppm::utils::libc::fcntl::Fcntl>::get_flags
FNDA:0,<std::fs::File as ppm_daemon::utils::libc::fcntl::Fcntl>::add_flag
FNDA:1,<std::io::pipe::PipeReader as ppm::utils::libc::fcntl::Fcntl>::add_flag
FNDA:0,<_ as ppm_daemon::utils::libc::fcntl::Fcntl>::remove_flag
FNDA:0,<_ as ppm::utils::libc::fcntl::Fcntl>::add_flag
FNDA:1,<std::fs::File as ppm_launcher::utils::libc::fcntl::Fcntl>::set_flags
FNDA:0,<std::io::pipe::PipeReader as ppm_daemon::utils::libc::fcntl::Fcntl>::get_flags
FNDA:1,<std::io::pipe::PipeReader as ppm_launcher::utils::libc::fcntl::Fcntl>::set_flags
FNDA:0,<_ as ppm_launcher::utils::libc::fcntl::Fcntl>::add_flag
FNDA:0,<_ as ppm::utils::libc::fcntl::Fcntl>::remove_flag
FNDA:0,<std::fs::File as ppm_daemon::utils::libc::fcntl::Fcntl>::set_flags
FNDA:1,<std::fs::File as ppm_daemon::utils::libc::fcntl::Fcntl>::get_flags
FNDA:1,<std::io::pipe::PipeReader as ppm_daemon::utils::libc::fcntl::Fcntl>::get_flags
FNDA:1,<i32 as ppm_launcher::utils::libc::fcntl::Fcntl>::get_flags
FNDA:1,<i32 as ppm::utils::libc::fcntl::Fcntl>::get_flags
FNDA:1,ppm_launcher::utils::libc::fcntl::tests::flags
FNDA:0,<std::io::pipe::PipeReader as ppm_daemon::utils::libc::fcntl::Fcntl>::set_flags
FNDA:1,<std::io::pipe::PipeReader as ppm::utils::libc::fcntl::Fcntl>::set_flags
FNDA:1,<std::io::pipe::PipeReader as ppm_daemon::utils::libc::fcntl::Fcntl>::set_flags
FNDA:1,<std::io::pipe::PipeReader as ppm_launcher::utils::libc::fcntl::Fcntl>::get_flags
FNF:42
FNH:27
BRF:0
BRH:0
DA:59,66
DA:60,66
DA:61,66
DA:64,3
DA:65,3
DA:66,3
DA:73,90
DA:75,90
DA:76,90
DA:78,90
DA:80,69
DA:81,69
DA:82,69
LF:13
LH:13
end_of_record
SF:src/cmdline/client.rs
FN:136,<ppm_daemon::cmdline::client::Client>::run::{closure#3}::{closure#0}
FN:78,<ppm_daemon::cmdline::client::Client>::invoke::<ppm_daemon::service::stats::Stats>
FN:78,<ppm_daemon::cmdline::client::Client>::invoke::<std::collections::hash::map::HashMap<usize, ppm_daemon::service::stats::Stats>>
FN:78,<ppm_daemon::cmdline::client::Client>::invoke::<_>
FN:112,<ppm_daemon::cmdline::client::Client>::run::{closure#1}
FN:152,<ppm::cmdline::client::Client>::run::{closure#5}
FN:222,ppm_daemon::cmdline::client::stats_id
FN:188,<ppm::cmdline::client::Client>::display
FN:158,<ppm::cmdline::client::Client>::run::{closure#6}
FN:286,ppm::cmdline::client::tests::client
FN:188,<ppm::cmdline::client::Client>::display
FN:78,<ppm::cmdline::client::Client>::invoke::<alloc::vec::Vec<ppm::monitor::scheduler::SchedulerEvent>>
FN:78,<ppm::cmdline::client::Client>::invoke::<()>
FN:78,<ppm::cmdline::client::Client>::invoke::<std::collections::hash::map::HashMap<usize, ppm::service::stats::Stats>>
FN:223,ppm::cmdline::client::stats_id::{closure#0}
FN:266,<ppm::cmdline::client::SchedulerEventRecord>::event_name
FN:138,<ppm_daemon::cmdline::client::Client>::run::{closure#4}
FN:188,<ppm_daemon::cmdline::client::Client>::display
FN:260,<ppm_daemon::cmdline::client::SchedulerEventRecord>::new::{closure#0}
FN:78,<ppm::cmdline::client::Client>::invoke::<()>
FN:78,<ppm_daemon::cmdline::client::Client>::invoke::<std::collections::hash::map::HashMap<usize, alloc::string::String>>
FN:138,<ppm_daemon::cmdline::client::Client>::run::{closure#4}
FN:266,<ppm_daemon::cmdline::client::SchedulerEventRecord>::event_name
FN:112,<ppm::cmdline::client::Client>::run::{closure#1}
FN:266,<ppm_daemon::cmdline::client::SchedulerEventRecord>::event_name
FN:78,<ppm::cmdline::client::Client>::invoke::<alloc::vec::Vec<ppm::monitor::scheduler::SchedulerEvent>>
FN:222,ppm::cmdline::client::stats_id
FN:152,<ppm_daemon::cmdline::client::Client>::run::{closure#5}
FN:78,<ppm::cmdline::client::Client>::invoke::<alloc::string::String>
FN:78,<ppm::cmdline::client::Client>::invoke::<std::collections::hash::map::HashMap<usize, ppm::service::info::Info>>
FN:222,ppm::cmdline::client::stats_id
FN:256,<ppm_daemon::cmdline::client::SchedulerEventRecord>::new
FN:158,<ppm::cmdline::client::Client>::run::{closure#6}
FN:78,<ppm::cmdline::client::Client>::invoke::<std::collections::hash::map::HashMap<usize, alloc::string::String>>
FN:266,<ppm::cmdline::client::SchedulerEventRecord>::event_name
FN:78,<ppm_daemon::cmdline::client::Client>::invoke::<alloc::string::String>
FN:110,<ppm::cmdline::client::Client>::run::{closure#0}
FN:136,<ppm_daemon::cmdline::client::Client>::run::{closure#3}
FN:223,ppm_daemon::cmdline::client::stats_id::{closure#0}
FN:78,<ppm::cmdline::client::Client>::invoke::<std::collections::hash::map::HashMap<usize, ppm::service::info::Info>>
FN:260,<ppm::cmdline::client::SchedulerEventRecord>::new::{closure#0}
FN:68,<ppm::cmdline::client::Client>::connect::<core::net::socket_addr::SocketAddr>
FN:78,<ppm::cmdline::client::Client>::invoke::<ppm::service::stats::Stats>
FN:110,<ppm_daemon::cmdline::client::Client>::run::{closure#0}
FN:96,<ppm::cmdline::client::Client>::run
FN:223,ppm_daemon::cmdline::client::stats_id::{closure#0}
FN:112,<ppm_daemon::cmdline::client::Client>::run::{closure#1}
FN:78,<ppm::cmdline::client::Client>::invoke::<std::collections::hash::map::HashMap<usize, ppm::service::stats::Stats>>
FN:136,<ppm_daemon::cmdline::client::Client>::run::{closure#3}::{closure#0}
FN:222,ppm_daemon::cmdline::client::stats_id
FN:110,<ppm_daemon::cmdline::client::Client>::run::{closure#0}
FN:136,<ppm_daemon::cmdline::client::Client>::run::{closure#3}
FN:96,<ppm::cmdline::client::Client>::run
FN:260,<ppm::cmdline::client::SchedulerEventRecord>::new::{closure#0}
FN:136,<ppm::cmdline::client::Client>::run::{closure#3}
FN:110,<ppm::cmdline::client::Client>::run::{closure#0}::{closure#0}
FN:78,<ppm::cmdline::client::Client>::invoke::<alloc::vec::Vec<std::path::PathBuf>>
FN:260,<ppm_daemon::cmdline::client::SchedulerEventRecord>::new::{closure#0}
FN:78,<ppm::cmdline::client::Client>::invoke::<alloc::vec::Vec<std::path::PathBuf>>
FN:110,<ppm_daemon::cmdline::client::Client>::run::{closure#0}::{closure#0}
FN:96,<ppm_daemon::cmdline::client::Client>::run
FN:138,<ppm::cmdline::client::Client>::run::{closure#4}
FN:152,<ppm_daemon::cmdline::client::Client>::run::{closure#5}
FN:110,<ppm::cmdline::client::Client>::run::{closure#0}
FN:96,<ppm_daemon::cmdline::client::Client>::run
FN:78,<ppm::cmdline::client::Client>::invoke::<std::collections::hash::map::HashMap<usize, alloc::string::String>>
FN:136,<ppm::cmdline::client::Client>::run::{closure#3}::{closure#0}
FN:232,ppm_daemon::cmdline::client::stats_name
FN:188,<ppm_daemon::cmdline::client::Client>::display
FN:110,<ppm_daemon::cmdline::client::Client>::run::{closure#0}::{closure#0}
FN:256,<ppm::cmdline::client::SchedulerEventRecord>::new
FN:136,<ppm::cmdline::client::Client>::run::{closure#3}
FN:232,ppm::cmdline::client::stats_name
FN:78,<ppm::cmdline::client::Client>::invoke::<ppm::service::stats::Stats>
FN:286,ppm_daemon::cmdline::client::tests::client
FN:78,<ppm_daemon::cmdline::client::Client>::invoke::<alloc::vec::Vec<std::path::PathBuf>>
FN:152,<ppm::cmdline::client::Client>::run::{closure#5}
FN:68,<ppm::cmdline::client::Client>::connect::<core::net::socket_addr::SocketAddr>
FN:110,<ppm::cmdline::client::Client>::run::{closure#0}::{closure#0}
FN:232,ppm_daemon::cmdline::client::stats_name
FN:68,<ppm_daemon::cmdline::client::Client>::connect::<core::net::socket_addr::SocketAddr>
FN:256,<ppm_daemon::cmdline::client::SchedulerEventRecord>::new
FN:68,<ppm_daemon::cmdline::client::Client>::connect::<_>
FN:112,<ppm::cmdline::client::Client>::run::{closure#1}
FN:256,<ppm::cmdline::client::SchedulerEventRecord>::new
FN:158,<ppm_daemon::cmdline::client::Client>::run::{closure#6}
FN:138,<ppm::cmdline::client::Client>::run::{closure#4}
FN:78,<ppm_daemon::cmdline::client::Client>::invoke::<alloc::vec::Vec<ppm_daemon::monitor::scheduler::SchedulerEvent>>
FN:136,<ppm::cmdline::client::Client>::run::{closure#3}::{closure#0}
FN:78,<ppm::cmdline::client::Client>::invoke::<alloc::string::String>
FN:78,<ppm_daemon::cmdline::client::Client>::invoke::<std::collections::hash::map::HashMap<usize, ppm_daemon::service::info::Info>>
FN:158,<ppm_daemon::cmdline::client::Client>::run::{closure#6}
FN:232,ppm::cmdline::client::stats_name
FN:78,<ppm_daemon::cmdline::client::Client>::invoke::<()>
FN:223,ppm::cmdline::client::stats_id::{closure#0}
FNDA:0,<ppm_daemon::cmdline::client::Client>::run::{closure#3}::{closure#0}
FNDA:0,<ppm_daemon::cmdline::client::Client>::invoke::<ppm_daemon::service::stats::Stats>
FNDA:0,<ppm_daemon::cmdline::client::Client>::invoke::<std::collections::hash::map::HashMap<usize, ppm_daemon::service::stats::Stats>>
FNDA:0,<ppm_daemon::cmdline::client::Client>::invoke::<_>
FNDA:1,<ppm_daemon::cmdline::client::Client>::run::{closure#1}
FNDA:0,<ppm::cmdline::client::Client>::run::{closure#5}
FNDA:0,ppm_daemon::cmdline::client::stats_id
FNDA:1,<ppm::cmdline::client::Client>::display
FNDA:1,<ppm::cmdline::client::Client>::run::{closure#6}
FNDA:1,ppm::cmdline::client::tests::client
FNDA:1,<ppm::cmdline::client::Client>::display
FNDA:1,<ppm::cmdline::client::Client>::invoke::<alloc::vec::Vec<ppm::monitor::scheduler::SchedulerEvent>>
FNDA:0,<ppm::cmdline::client::Client>::invoke::<()>
FNDA:1,<ppm::cmdline::client::Client>::invoke::<std::collections::hash::map::HashMap<usize, ppm::service::stats::Stats>>
FNDA:1,ppm::cmdline::client::stats_id::{closure#0}
FNDA:0,<ppm::cmdline::client::SchedulerEventRecord>::event_name
FNDA:0,<ppm_daemon::cmdline::client::Client>::run::{closure#4}
FNDA:1,<ppm_daemon::cmdline::client::Client>::display
FNDA:0,<ppm_daemon::cmdline::client::SchedulerEventRecord>::new::{closure#0}
FNDA:1,<ppm::cmdline::client::Client>::invoke::<()>
FNDA:1,<ppm_daemon::cmdline::client::Client>::invoke::<std::collections::hash::map::HashMap<usize, alloc::string::String>>
FNDA:0,<ppm_daemon::cmdline::client::Client>::run::{closure#4}
FNDA:0,<ppm_daemon::cmdline::client::SchedulerEventRecord>::event_name
FNDA:1,<ppm::cmdline::client::Client>::run::{closure#1}
FNDA:0,<ppm_daemon::cmdline::client::SchedulerEventRecord>::event_name
FNDA:0,<ppm::cmdline::client::Client>::invoke::<alloc::vec::Vec<ppm::monitor::scheduler::SchedulerEvent>>
FNDA:0,ppm::cmdline::client::stats_id
FNDA:0,<ppm_daemon::cmdline::client::Client>::run::{closure#5}
FNDA:0,<ppm::cmdline::client::Client>::invoke::<alloc::string::String>
FNDA:1,<ppm::cmdline::client::Client>::invoke::<std::collections::hash::map::HashMap<usize, ppm::service::info::Info>>
FNDA:1,ppm::cmdline::client::stats_id
FNDA:0,<ppm_daemon::cmdline::client::SchedulerEventRecord>::new
FNDA:0,<ppm::cmdline::client::Client>::run::{closure#6}
FNDA:1,<ppm::cmdline::client::Client>::invoke::<std::collections::hash::map::HashMap<usize, alloc::string::String>>
FNDA:1,<ppm::cmdline::client::SchedulerEventRecord>::event_name
FNDA:0,<ppm_daemon::cmdline::client::Client>::invoke::<alloc::string::String>
FNDA:1,<ppm::cmdline::client::Client>::run::{closure#0}
FNDA:0,<ppm_daemon::cmdline::client::Client>::run::{closure#3}
FNDA:0,ppm_daemon::cmdline::client::stats_id::{closure#0}
FNDA:1,<ppm::cmdline::client::Client>::invoke::<std::collections::hash::map::HashMap<usize, ppm::service::info::Info>>
FNDA:1,<ppm::cmdline::client::SchedulerEventRecord>::new::{closure#0}
FNDA:1,<ppm::cmdline::client::Client>::connect::<core::net::socket_addr::SocketAddr>
FNDA:0,<ppm::cmdline::client::Client>::invoke::<ppm::service::stats::Stats>
FNDA:0,<ppm_daemon::cmdline::client::Client>::run::{closure#0}
FNDA:1,<ppm::cmdline::client::Client>::run
FNDA:0,ppm_daemon::cmdline::client::stats_id::{closure#0}
FNDA:0,<ppm_daemon::cmdline::client::Client>::run::{closure#1}
FNDA:0,<ppm::cmdline::client::Client>::invoke::<std::collections::hash::map::HashMap<usize, ppm::service::stats::Stats>>
FNDA:0,<ppm_daemon::cmdline::client::Client>::run::{closure#3}::{closure#0}
FNDA:0,ppm_daemon::cmdline::client::stats_id
FNDA:1,<ppm_daemon::cmdline::client::Client>::run::{closure#0}
FNDA:0,<ppm_daemon::cmdline::client::Client>::run::{closure#3}
FNDA:1,<ppm::cmdline::client::Client>::run
FNDA:0,<ppm::cmdline::client::SchedulerEventRecord>::new::{closure#0}
FNDA:1,<ppm::cmdline::client::Client>::run::{closure#3}
FNDA:1,<ppm::cmdline::client::Client>::run::{closure#0}::{closure#0}
FNDA:0,<ppm::cmdline::client::Client>::invoke::<alloc::vec::Vec<std::path::PathBuf>>
FNDA:0,<ppm_daemon::cmdline::client::SchedulerEventRecord>::new::{closure#0}
FNDA:0,<ppm::cmdline::client::Client>::invoke::<alloc::vec::Vec<std::path::PathBuf>>
FNDA:1,<ppm_daemon::cmdline::client::Client>::run::{closure#0}::{closure#0}
FNDA:0,<ppm_daemon::cmdline::client::Client>::run
FNDA:1,<ppm::cmdline::client::Client>::run::{closure#4}
FNDA:0,<ppm_daemon::cmdline::client::Client>::run::{closure#5}
FNDA:1,<ppm::cmdline::client::Client>::run::{closure#0}
FNDA:1,<ppm_daemon::cmdline::client::Client>::run
FNDA:1,<ppm::cmdline::client::Client>::invoke::<std::collections::hash::map::HashMap<usize, alloc::string::String>>
FNDA:0,<ppm::cmdline::client::Client>::run::{closure#3}::{closure#0}
FNDA:0,ppm_daemon::cmdline::client::stats_name
FNDA:0,<ppm_daemon::cmdline::client::Client>::display
FNDA:0,<ppm_daemon::cmdline::client::Client>::run::{closure#0}::{closure#0}
FNDA:1,<ppm::cmdline::client::SchedulerEventRecord>::new
FNDA:0,<ppm::cmdline::client::Client>::run::{closure#3}
FNDA:1,ppm::cmdline::client::stats_name
FNDA:1,<ppm::cmdline::client::Client>::invoke::<ppm::service::stats::Stats>
FNDA:1,ppm_daemon::cmdline::client::tests::client
FNDA:0,<ppm_daemon::cmdline::client::Client>::invoke::<alloc::vec::Vec<std::path::PathBuf>>
FNDA:1,<ppm::cmdline::client::Client>::run::{closure#5}
FNDA:1,<ppm::cmdline::client::Client>::connect::<core::net::socket_addr::SocketAddr>
FNDA:1,<ppm::cmdline::client::Client>::run::{closure#0}::{closure#0}
FNDA:0,ppm_daemon::cmdline::client::stats_name
FNDA:1,<ppm_daemon::cmdline::client::Client>::connect::<core::net::socket_addr::SocketAddr>
FNDA:0,<ppm_daemon::cmdline::client::SchedulerEventRecord>::new
FNDA:0,<ppm_daemon::cmdline::client::Client>::connect::<_>
FNDA:1,<ppm::cmdline::client::Client>::run::{closure#1}
FNDA:0,<ppm::cmdline::client::SchedulerEventRecord>::new
FNDA:0,<ppm_daemon::cmdline::client::Client>::run::{closure#6}
FNDA:0,<ppm::cmdline::client::Client>::run::{closure#4}
FNDA:0,<ppm_daemon::cmdline::client::Client>::invoke::<alloc::vec::Vec<ppm_daemon::monitor::scheduler::SchedulerEvent>>
FNDA:1,<ppm::cmdline::client::Client>::run::{closure#3}::{closure#0}
FNDA:1,<ppm::cmdline::client::Client>::invoke::<alloc::string::String>
FNDA:1,<ppm_daemon::cmdline::client::Client>::invoke::<std::collections::hash::map::HashMap<usize, ppm_daemon::service::info::Info>>
FNDA:0,<ppm_daemon::cmdline::client::Client>::run::{closure#6}
FNDA:0,ppm::cmdline::client::stats_name
FNDA:0,<ppm_daemon::cmdline::client::Client>::invoke::<()>
FNDA:0,ppm::cmdline::client::stats_id::{closure#0}
FNF:95
FNH:42
BRF:0
BRH:0
DA:68,27
DA:72,27
DA:78,42
DA:79,42
DA:80,42
DA:92,42
DA:96,27
DA:97,27
DA:98,0
DA:100,0
DA:103,12
DA:104,8
DA:105,8
DA:106,8
DA:108,8
DA:109,8
DA:110,16
DA:111,8
DA:112,16
DA:113,16
DA:114,16
DA:115,16
DA:116,8
DA:117,8
DA:119,3
DA:120,3
DA:121,3
DA:122,3
DA:123,3
DA:124,3
DA:125,3
DA:127,3
DA:129,3
DA:131,3
DA:133,3
DA:134,3
DA:135,3
DA:136,9
DA:137,3
DA:138,9
DA:139,9
DA:140,9
DA:141,9
DA:143,3
DA:144,3
DA:146,4
DA:147,4
DA:148,4
DA:150,3
DA:151,3
DA:152,3
DA:153,1
DA:154,1
DA:155,1
DA:156,1
DA:157,1
DA:158,3
DA:159,1
DA:160,1
DA:163,0
DA:164,0
DA:165,0
DA:167,0
DA:168,0
DA:169,0
DA:171,0
DA:172,0
DA:173,0
DA:174,0
DA:176,0
DA:177,0
DA:179,0
DA:180,0
DA:181,0
DA:182,0
DA:184,4
DA:186,27
DA:188,12
DA:189,12
DA:190,12
DA:191,12
DA:193,12
DA:194,12
DA:195,12
DA:196,12
DA:197,12
DA:199,12
DA:200,12
DA:222,12
DA:223,12
DA:224,3
DA:225,9
DA:226,9
DA:228,0
DA:230,12
DA:232,12
DA:233,12
DA:234,12
DA:235,12
DA:237,0
DA:240,0
DA:242,12
DA:256,3
DA:257,3
DA:259,3
DA:260,3
DA:261,3
DA:262,3
DA:264,3
DA:266,3
DA:267,3
DA:268,0
DA:269,1
DA:270,0
DA:271,1
DA:272,1
DA:274,3
DA:275,3
LF:118
LH:95
end_of_record
SF:src/monitor/logger.rs
FN:340,ppm::monitor::logger::tests::logger::{closure#0}
FN:195,<ppm_launcher::monitor::logger::Logger>::make_pipe::{closure#0}
FN:201,<ppm::monitor::logger::Logger>::wake
FN:254,<ppm::monitor::logger::LoggerThreadContext>::run
FN:108,<ppm_daemon::monitor::logger::LoggerOptions as core::convert::From<_>>::from
FN:321,<ppm::monitor::logger::LoggerThreadContext>::take_buffer
FN:376,ppm_launcher::monitor::logger::tests::serde
FN:128,<ppm_daemon::monitor::logger::Logger as core::convert::From<ppm_daemon::monitor::logger::LoggerOptions>>::from
FN:144,<ppm_launcher::monitor::logger::Logger>::new::<&std::path::PathBuf>
FN:226,<ppm_launcher::monitor::logger::LoggerThreadContext>::new
FN:234,<ppm::monitor::logger::LoggerThreadContext>::prepare
FN:118,<ppm::monitor::logger::LoggerOptions as core::default::Default>::default
FN:183,<ppm_launcher::monitor::logger::Logger>::make_pipe
FN:183,<ppm_daemon::monitor::logger::Logger>::make_pipe
FN:134,<ppm_daemon::monitor::logger::Logger as core::fmt::Debug>::fmt
FN:71,<ppm_launcher::monitor::logger::Logger as serde_core::ser::Serialize>::serialize::<_>
FN:134,<ppm_launcher::monitor::logger::Logger as core::fmt::Debug>::fmt
FN:134,<ppm_daemon::monitor::logger::Logger as core::fmt::Debug>::fmt
FN:321,<ppm_launcher::monitor::logger::LoggerThreadContext>::take_buffer
FN:164,<ppm_launcher::monitor::logger::Logger>::new::<_>::{closure#0}
FN:226,<ppm_launcher::monitor::logger::LoggerThreadContext>::new
FN:108,<ppm_launcher::monitor::logger::LoggerOptions as core::convert::From<_>>::from
FN:128,<ppm_launcher::monitor::logger::Logger as core::convert::From<ppm_launcher::monitor::logger::LoggerOptions>>::from
FN:183,<ppm::monitor::logger::Logger>::make_pipe
FN:183,<ppm_launcher::monitor::logger::Logger>::make_pipe
FN:226,<ppm_daemon::monitor::logger::LoggerThreadContext>::new
FN:144,<ppm_daemon::monitor::logger::Logger>::new::<&std::path::PathBuf>
FN:144,<ppm_daemon::monitor::logger::Logger>::new::<ppm_daemon::monitor::logger::LoggerOptions>
FN:166,<ppm_launcher::monitor::logger::Logger>::new::<ppm_launcher::monitor::logger::LoggerOptions>::{closure#0}::{closure#0}
FN:118,<ppm_daemon::monitor::logger::LoggerOptions as core::default::Default>::default
FN:128,<ppm::monitor::logger::Logger as core::convert::From<ppm::monitor::logger::LoggerOptions>>::from
FN:205,<ppm_launcher::monitor::logger::Logger>::list_files
FN:128,<ppm::monitor::logger::Logger as core::convert::From<ppm::monitor::logger::LoggerOptions>>::from
FN:174,<ppm::monitor::logger::Logger>::stop
FN:376,ppm_daemon::monitor::logger::tests::serde
FN:71,<ppm_daemon::monitor::logger::Logger as serde_core::ser::Serialize>::serialize::<&mut serde_yaml_ng::ser::Serializer<&mut alloc::vec::Vec<u8>>>
FN:134,<ppm::monitor::logger::Logger as core::fmt::Debug>::fmt
FN:183,<ppm::monitor::logger::Logger>::make_pipe
FN:164,<ppm::monitor::logger::Logger>::new::<_>::{closure#0}
FN:226,<ppm_daemon::monitor::logger::LoggerThreadContext>::new
FN:164,<ppm_launcher::monitor::logger::Logger>::new::<ppm_launcher::monitor::logger::LoggerOptions>::{closure#0}
FN:128,<ppm_daemon::monitor::logger::Logger as core::convert::From<ppm_daemon::monitor::logger::LoggerOptions>>::from
FN:81,<ppm_launcher::monitor::logger::Logger as serde_core::ser::Serialize>::serialize::<_>::{closure#0}
FN:166,<ppm_launcher::monitor::logger::Logger>::new::<&std::path::PathBuf>::{closure#0}::{closure#0}
FN:71,<ppm::monitor::logger::Logger as serde_core::ser::Serialize>::serialize::<&mut serde_yaml_ng::ser::Serializer<&mut alloc::vec::Vec<u8>>>
FN:108,<ppm::monitor::logger::LoggerOptions as core::convert::From<&std::path::PathBuf>>::from
FN:81,<ppm_launcher::monitor::logger::Logger as serde_core::ser::Serialize>::serialize::<_>::{closure#0}
FN:321,<ppm::monitor::logger::LoggerThreadContext>::take_buffer
FN:166,<ppm::monitor::logger::Logger>::new::<ppm::monitor::logger::LoggerOptions>::{closure#0}::{closure#0}
FN:195,<ppm_daemon::monitor::logger::Logger>::make_pipe::{closure#0}
FN:128,<ppm_launcher::monitor::logger::Logger as core::convert::From<ppm_launcher::monitor::logger::LoggerOptions>>::from
FN:166,<ppm_launcher::monitor::logger::Logger>::new::<_>::{closure#0}::{closure#0}
FN:166,<ppm::monitor::logger::Logger>::new::<&std::path::PathBuf>::{closure#0}::{closure#0}
FN:254,<ppm_daemon::monitor::logger::LoggerThreadContext>::run
FN:195,<ppm::monitor::logger::Logger>::make_pipe::{closure#0}
FN:195,<ppm::monitor::logger::Logger>::make_pipe::{closure#0}
FN:254,<ppm::monitor::logger::LoggerThreadContext>::run
FN:321,<ppm_daemon::monitor::logger::LoggerThreadContext>::take_buffer
FN:164,<ppm_launcher::monitor::logger::Logger>::new::<&std::path::PathBuf>::{closure#0}
FN:144,<ppm_launcher::monitor::logger::Logger>::new::<_>
FN:226,<ppm::monitor::logger::LoggerThreadContext>::new
FN:214,<ppm_launcher::monitor::logger::Logger as core::ops::drop::Drop>::drop
FN:166,<ppm::monitor::logger::Logger>::new::<_>::{closure#0}::{closure#0}
FN:234,<ppm_daemon::monitor::logger::LoggerThreadContext>::prepare
FN:144,<ppm::monitor::logger::Logger>::new::<ppm::monitor::logger::LoggerOptions>
FN:166,<ppm_daemon::monitor::logger::Logger>::new::<ppm_daemon::monitor::logger::LoggerOptions>::{closure#0}::{closure#0}
FN:164,<ppm::monitor::logger::Logger>::new::<&std::path::PathBuf>::{closure#0}
FN:174,<ppm_launcher::monitor::logger::Logger>::stop
FN:108,<ppm_daemon::monitor::logger::LoggerOptions as core::convert::From<&std::path::PathBuf>>::from
FN:214,<ppm_daemon::monitor::logger::Logger as core::ops::drop::Drop>::drop
FN:71,<ppm::monitor::logger::Logger as serde_core::ser::Serialize>::serialize::<_>
FN:201,<ppm_launcher::monitor::logger::Logger>::wake
FN:201,<ppm_daemon::monitor::logger::Logger>::wake
FN:321,<ppm_daemon::monitor::logger::LoggerThreadContext>::take_buffer
FN:118,<ppm::monitor::logger::LoggerOptions as core::default::Default>::default
FN:164,<ppm::monitor::logger::Logger>::new::<ppm::monitor::logger::LoggerOptions>::{closure#0}
FN:205,<ppm::monitor::logger::Logger>::list_files
FN:214,<ppm::monitor::logger::Logger as core::ops::drop::Drop>::drop
FN:144,<ppm::monitor::logger::Logger>::new::<&std::path::PathBuf>
FN:166,<ppm_daemon::monitor::logger::Logger>::new::<&std::path::PathBuf>::{closure#0}::{closure#0}
FN:164,<ppm_daemon::monitor::logger::Logger>::new::<ppm_daemon::monitor::logger::LoggerOptions>::{closure#0}
FN:134,<ppm::monitor::logger::Logger as core::fmt::Debug>::fmt
FN:214,<ppm_launcher::monitor::logger::Logger as core::ops::drop::Drop>::drop
FN:254,<ppm_launcher::monitor::logger::LoggerThreadContext>::run
FN:134,<ppm_launcher::monitor::logger::Logger as core::fmt::Debug>::fmt
FN:81,<ppm::monitor::logger::Logger as serde_core::ser::Serialize>::serialize::<&mut serde_yaml_ng::ser::Serializer<&mut alloc::vec::Vec<u8>>>::{closure#0}
FN:164,<ppm_daemon::monitor::logger::Logger>::new::<ppm_daemon::monitor::logger::LoggerOptions>::{closure#0}
FN:71,<ppm_daemon::monitor::logger::Logger as serde_core::ser::Serialize>::serialize::<&mut serde_yaml_ng::ser::Serializer<&mut alloc::vec::Vec<u8>>>
FN:201,<ppm_launcher::monitor::logger::Logger>::wake
FN:201,<ppm_daemon::monitor::logger::Logger>::wake
FN:205,<ppm_launcher::monitor::logger::Logger>::list_files
FN:340,ppm_launcher::monitor::logger::tests::logger::{closure#0}
FN:108,<ppm_launcher::monitor::logger::LoggerOptions as core::convert::From<&std::path::PathBuf>>::from
FN:144,<ppm::monitor::logger::Logger>::new::<_>
FN:108,<ppm::monitor::logger::LoggerOptions as core::convert::From<_>>::from
FN:174,<ppm::monitor::logger::Logger>::stop
FN:183,<ppm_daemon::monitor::logger::Logger>::make_pipe
FN:118,<ppm_daemon::monitor::logger::LoggerOptions as core::default::Default>::default
FN:234,<ppm_launcher::monitor::logger::LoggerThreadContext>::prepare
FN:174,<ppm_daemon::monitor::logger::Logger>::stop
FN:234,<ppm::monitor::logger::LoggerThreadContext>::prepare
FN:195,<ppm_daemon::monitor::logger::Logger>::make_pipe::{closure#0}
FN:81,<ppm_daemon::monitor::logger::Logger as serde_core::ser::Serialize>::serialize::<&mut serde_yaml_ng::ser::Serializer<&mut alloc::vec::Vec<u8>>>::{closure#0}
FN:214,<ppm::monitor::logger::Logger as core::ops::drop::Drop>::drop
FN:118,<ppm_launcher::monitor::logger::LoggerOptions as core::default::Default>::default
FN:234,<ppm_launcher::monitor::logger::LoggerThreadContext>::prepare
FN:254,<ppm_launcher::monitor::logger::LoggerThreadContext>::run
FN:144,<ppm_daemon::monitor::logger::Logger>::new::<ppm_daemon::monitor::logger::LoggerOptions>
FN:195,<ppm_launcher::monitor::logger::Logger>::make_pipe::{closure#0}
FN:214,<ppm_daemon::monitor::logger::Logger as core::ops::drop::Drop>::drop
FN:376,ppm::monitor::logger::tests::serde
FN:226,<ppm::monitor::logger::LoggerThreadContext>::new
FN:234,<ppm_daemon::monitor::logger::LoggerThreadContext>::prepare
FN:321,<ppm_launcher::monitor::logger::LoggerThreadContext>::take_buffer
FN:205,<ppm_daemon::monitor::logger::Logger>::list_files
FN:174,<ppm_daemon::monitor::logger::Logger>::stop
FN:144,<ppm_launcher::monitor::logger::Logger>::new::<ppm_launcher::monitor::logger::LoggerOptions>
FN:71,<ppm_launcher::monitor::logger::Logger as serde_core::ser::Serialize>::serialize::<_>
FN:164,<ppm_daemon::monitor::logger::Logger>::new::<&std::path::PathBuf>::{closure#0}
FN:340,ppm_daemon::monitor::logger::tests::logger::{closure#0}
FN:81,<ppm::monitor::logger::Logger as serde_core::ser::Serialize>::serialize::<_>::{closure#0}
FN:205,<ppm::monitor::logger::Logger>::list_files
FN:118,<ppm_launcher::monitor::logger::LoggerOptions as core::default::Default>::default
FN:205,<ppm_daemon::monitor::logger::Logger>::list_files
FN:254,<ppm_daemon::monitor::logger::LoggerThreadContext>::run
FN:201,<ppm::monitor::logger::Logger>::wake
FN:81,<ppm_daemon::monitor::logger::Logger as serde_core::ser::Serialize>::serialize::<&mut serde_yaml_ng::ser::Serializer<&mut alloc::vec::Vec<u8>>>::{closure#0}
FN:166,<ppm_daemon::monitor::logger::Logger>::new::<ppm_daemon::monitor::logger::LoggerOptions>::{closure#0}::{closure#0}
FN:174,<ppm_launcher::monitor::logger::Logger>::stop
FNDA:1,ppm::monitor::logger::tests::logger::{closure#0}
FNDA:0,<ppm_launcher::monitor::logger::Logger>::make_pipe::{closure#0}
FNDA:0,<ppm::monitor::logger::Logger>::wake
FNDA:0,<ppm::monitor::logger::LoggerThreadContext>::run
FNDA:0,<ppm_daemon::monitor::logger::LoggerOptions as core::convert::From<_>>::from
FNDA:0,<ppm::monitor::logger::LoggerThreadContext>::take_buffer
FNDA:1,ppm_launcher::monitor::logger::tests::serde
FNDA:1,<ppm_daemon::monitor::logger::Logger as core::convert::From<ppm_daemon::monitor::logger::LoggerOptions>>::from
FNDA:1,<ppm_launcher::monitor::logger::Logger>::new::<&std::path::PathBuf>
FNDA:1,<ppm_launcher::monitor::logger::LoggerThreadContext>::new
FNDA:0,<ppm::monitor::logger::LoggerThreadContext>::prepare
FNDA:0,<ppm::monitor::logger::LoggerOptions as core::default::Default>::default
FNDA:0,<ppm_launcher::monitor::logger::Logger>::make_pipe
FNDA:0,<ppm_daemon::monitor::logger::Logger>::make_pipe
FNDA:0,<ppm_daemon::monitor::logger::Logger as core::fmt::Debug>::fmt
FNDA:0,<ppm_launcher::monitor::logger::Logger as serde_core::ser::Serialize>::serialize::<_>
FNDA:0,<ppm_launcher::monitor::logger::Logger as core::fmt::Debug>::fmt
FNDA:0,<ppm_daemon::monitor::logger::Logger as core::fmt::Debug>::fmt
FNDA:1,<ppm_launcher::monitor::logger::LoggerThreadContext>::take_buffer
FNDA:0,<ppm_launcher::monitor::logger::Logger>::new::<_>::{closure#0}
FNDA:0,<ppm_launcher::monitor::logger::LoggerThreadContext>::new
FNDA:0,<ppm_launcher::monitor::logger::LoggerOptions as core::convert::From<_>>::from
FNDA:1,<ppm_launcher::monitor::logger::Logger as core::convert::From<ppm_launcher::monitor::logger::LoggerOptions>>::from
FNDA:0,<ppm::monitor::logger::Logger>::make_pipe
FNDA:1,<ppm_launcher::monitor::logger::Logger>::make_pipe
FNDA:1,<ppm_daemon::monitor::logger::LoggerThreadContext>::new
FNDA:1,<ppm_daemon::monitor::logger::Logger>::new::<&std::path::PathBuf>
FNDA:0,<ppm_daemon::monitor::logger::Logger>::new::<ppm_daemon::monitor::logger::LoggerOptions>
FNDA:0,<ppm_launcher::monitor::logger::Logger>::new::<ppm_launcher::monitor::logger::LoggerOptions>::{closure#0}::{closure#0}
FNDA:0,<ppm_daemon::monitor::logger::LoggerOptions as core::default::Default>::default
FNDA:0,<ppm::monitor::logger::Logger as core::convert::From<ppm::monitor::logger::LoggerOptions>>::from
FNDA:0,<ppm_launcher::monitor::logger::Logger>::list_files
FNDA:1,<ppm::monitor::logger::Logger as core::convert::From<ppm::monitor::logger::LoggerOptions>>::from
FNDA:0,<ppm::monitor::logger::Logger>::stop
FNDA:1,ppm_daemon::monitor::logger::tests::serde
FNDA:0,<ppm_daemon::monitor::logger::Logger as serde_core::ser::Serialize>::serialize::<&mut serde_yaml_ng::ser::Serializer<&mut alloc::vec::Vec<u8>>>
FNDA:0,<ppm::monitor::logger::Logger as core::fmt::Debug>::fmt
FNDA:1,<ppm::monitor::logger::Logger>::make_pipe
FNDA:0,<ppm::monitor::logger::Logger>::new::<_>::{closure#0}
FNDA:0,<ppm_daemon::monitor::logger::LoggerThreadContext>::new
FNDA:1,<ppm_launcher::monitor::logger::Logger>::new::<ppm_launcher::monitor::logger::LoggerOptions>::{closure#0}
FNDA:0,<ppm_daemon::monitor::logger::Logger as core::convert::From<ppm_daemon::monitor::logger::LoggerOptions>>::from
FNDA:0,<ppm_launcher::monitor::logger::Logger as serde_core::ser::Serialize>::serialize::<_>::{closure#0}
FNDA:0,<ppm_launcher::monitor::logger::Logger>::new::<&std::path::PathBuf>::{closure#0}::{closure#0}
FNDA:0,<ppm::monitor::logger::Logger as serde_core::ser::Serialize>::serialize::<&mut serde_yaml_ng::ser::Serializer<&mut alloc::vec::Vec<u8>>>
FNDA:1,<ppm::monitor::logger::LoggerOptions as core::convert::From<&std::path::PathBuf>>::from
FNDA:0,<ppm_launcher::monitor::logger::Logger as serde_core::ser::Serialize>::serialize::<_>::{closure#0}
FNDA:1,<ppm::monitor::logger::LoggerThreadContext>::take_buffer
FNDA:0,<ppm::monitor::logger::Logger>::new::<ppm::monitor::logger::LoggerOptions>::{closure#0}::{closure#0}
FNDA:1,<ppm_daemon::monitor::logger::Logger>::make_pipe::{closure#0}
FNDA:0,<ppm_launcher::monitor::logger::Logger as core::convert::From<ppm_launcher::monitor::logger::LoggerOptions>>::from
FNDA:0,<ppm_launcher::monitor::logger::Logger>::new::<_>::{closure#0}::{closure#0}
FNDA:0,<ppm::monitor::logger::Logger>::new::<&std::path::PathBuf>::{closure#0}::{closure#0}
FNDA:0,<ppm_daemon::monitor::logger::LoggerThreadContext>::run
FNDA:1,<ppm::monitor::logger::Logger>::make_pipe::{closure#0}
FNDA:0,<ppm::monitor::logger::Logger>::make_pipe::{closure#0}
FNDA:1,<ppm::monitor::logger::LoggerThreadContext>::run
FNDA:1,<ppm_daemon::monitor::logger::LoggerThreadContext>::take_buffer
FNDA:1,<ppm_launcher::monitor::logger::Logger>::new::<&std::path::PathBuf>::{closure#0}
FNDA:0,<ppm_launcher::monitor::logger::Logger>::new::<_>
FNDA:0,<ppm::monitor::logger::LoggerThreadContext>::new
FNDA:1,<ppm_launcher::monitor::logger::Logger as core::ops::drop::Drop>::drop
FNDA:0,<ppm::monitor::logger::Logger>::new::<_>::{closure#0}::{closure#0}
FNDA:0,<ppm_daemon::monitor::logger::LoggerThreadContext>::prepare
FNDA:1,<ppm::monitor::logger::Logger>::new::<ppm::monitor::logger::LoggerOptions>
FNDA:0,<ppm_daemon::monitor::logger::Logger>::new::<ppm_daemon::monitor::logger::LoggerOptions>::{closure#0}::{closure#0}
FNDA:1,<ppm::monitor::logger::Logger>::new::<&std::path::PathBuf>::{closure#0}
FNDA:0,<ppm_launcher::monitor::logger::Logger>::stop
FNDA:1,<ppm_daemon::monitor::logger::LoggerOptions as core::convert::From<&std::path::PathBuf>>::from
FNDA:0,<ppm_daemon::monitor::logger::Logger as core::ops::drop::Drop>::drop
FNDA:0,<ppm::monitor::logger::Logger as serde_core::ser::Serialize>::serialize::<_>
FNDA:0,<ppm_launcher::monitor::logger::Logger>::wake
FNDA:1,<ppm_daemon::monitor::logger::Logger>::wake
FNDA:0,<ppm_daemon::monitor::logger::LoggerThreadContext>::take_buffer
FNDA:1,<ppm::monitor::logger::LoggerOptions as core::default::Default>::default
FNDA:1,<ppm::monitor::logger::Logger>::new::<ppm::monitor::logger::LoggerOptions>::{closure#0}
FNDA:0,<ppm::monitor::logger::Logger>::list_files
FNDA:0,<ppm::monitor::logger::Logger as core::ops::drop::Drop>::drop
FNDA:1,<ppm::monitor::logger::Logger>::new::<&std::path::PathBuf>
FNDA:0,<ppm_daemon::monitor::logger::Logger>::new::<&std::path::PathBuf>::{closure#0}::{closure#0}
FNDA:1,<ppm_daemon::monitor::logger::Logger>::new::<ppm_daemon::monitor::logger::LoggerOptions>::{closure#0}
FNDA:0,<ppm::monitor::logger::Logger as core::fmt::Debug>::fmt
FNDA:0,<ppm_launcher::monitor::logger::Logger as core::ops::drop::Drop>::drop
FNDA:1,<ppm_launcher::monitor::logger::LoggerThreadContext>::run
FNDA:0,<ppm_launcher::monitor::logger::Logger as core::fmt::Debug>::fmt
FNDA:0,<ppm::monitor::logger::Logger as serde_core::ser::Serialize>::serialize::<&mut serde_yaml_ng::ser::Serializer<&mut alloc::vec::Vec<u8>>>::{closure#0}
FNDA:0,<ppm_daemon::monitor::logger::Logger>::new::<ppm_daemon::monitor::logger::LoggerOptions>::{closure#0}
FNDA:0,<ppm_daemon::monitor::logger::Logger as serde_core::ser::Serialize>::serialize::<&mut serde_yaml_ng::ser::Serializer<&mut alloc::vec::Vec<u8>>>
FNDA:1,<ppm_launcher::monitor::logger::Logger>::wake
FNDA:0,<ppm_daemon::monitor::logger::Logger>::wake
FNDA:1,<ppm_launcher::monitor::logger::Logger>::list_files
FNDA:1,ppm_launcher::monitor::logger::tests::logger::{closure#0}
FNDA:1,<ppm_launcher::monitor::logger::LoggerOptions as core::convert::From<&std::path::PathBuf>>::from
FNDA:0,<ppm::monitor::logger::Logger>::new::<_>
FNDA:0,<ppm::monitor::logger::LoggerOptions as core::convert::From<_>>::from
FNDA:1,<ppm::monitor::logger::Logger>::stop
FNDA:1,<ppm_daemon::monitor::logger::Logger>::make_pipe
FNDA:1,<ppm_daemon::monitor::logger::LoggerOptions as core::default::Default>::default
FNDA:0,<ppm_launcher::monitor::logger::LoggerThreadContext>::prepare
FNDA:0,<ppm_daemon::monitor::logger::Logger>::stop
FNDA:1,<ppm::monitor::logger::LoggerThreadContext>::prepare
FNDA:0,<ppm_daemon::monitor::logger::Logger>::make_pipe::{closure#0}
FNDA:0,<ppm_daemon::monitor::logger::Logger as serde_core::ser::Serialize>::serialize::<&mut serde_yaml_ng::ser::Serializer<&mut alloc::vec::Vec<u8>>>::{closure#0}
FNDA:1,<ppm::monitor::logger::Logger as core::ops::drop::Drop>::drop
FNDA:1,<ppm_launcher::monitor::logger::LoggerOptions as core::default::Default>::default
FNDA:1,<ppm_launcher::monitor::logger::LoggerThreadContext>::prepare
FNDA:0,<ppm_launcher::monitor::logger::LoggerThreadContext>::run
FNDA:1,<ppm_daemon::monitor::logger::Logger>::new::<ppm_daemon::monitor::logger::LoggerOptions>
FNDA:1,<ppm_launcher::monitor::logger::Logger>::make_pipe::{closure#0}
FNDA:1,<ppm_daemon::monitor::logger::Logger as core::ops::drop::Drop>::drop
FNDA:1,ppm::monitor::logger::tests::serde
FNDA:1,<ppm::monitor::logger::LoggerThreadContext>::new
FNDA:1,<ppm_daemon::monitor::logger::LoggerThreadContext>::prepare
FNDA:0,<ppm_launcher::monitor::logger::LoggerThreadContext>::take_buffer
FNDA:1,<ppm_daemon::monitor::logger::Logger>::list_files
FNDA:1,<ppm_daemon::monitor::logger::Logger>::stop
FNDA:1,<ppm_launcher::monitor::logger::Logger>::new::<ppm_launcher::monitor::logger::LoggerOptions>
FNDA:0,<ppm_launcher::monitor::logger::Logger as serde_core::ser::Serialize>::serialize::<_>
FNDA:1,<ppm_daemon::monitor::logger::Logger>::new::<&std::path::PathBuf>::{closure#0}
FNDA:1,ppm_daemon::monitor::logger::tests::logger::{closure#0}
FNDA:0,<ppm::monitor::logger::Logger as serde_core::ser::Serialize>::serialize::<_>::{closure#0}
FNDA:1,<ppm::monitor::logger::Logger>::list_files
FNDA:0,<ppm_launcher::monitor::logger::LoggerOptions as core::default::Default>::default
FNDA:0,<ppm_daemon::monitor::logger::Logger>::list_files
FNDA:1,<ppm_daemon::monitor::logger::LoggerThreadContext>::run
FNDA:1,<ppm::monitor::logger::Logger>::wake
FNDA:0,<ppm_daemon::monitor::logger::Logger as serde_core::ser::Serialize>::serialize::<&mut serde_yaml_ng::ser::Serializer<&mut alloc::vec::Vec<u8>>>::{closure#0}
FNDA:0,<ppm_daemon::monitor::logger::Logger>::new::<ppm_daemon::monitor::logger::LoggerOptions>::{closure#0}::{closure#0}
FNDA:1,<ppm_launcher::monitor::logger::Logger>::stop
FNF:129
FNH:57
BRF:0
BRH:0
DA:71,0
DA:72,0
DA:73,0
DA:75,0
DA:77,0
DA:78,0
DA:79,0
DA:80,0
DA:81,0
DA:83,0
DA:84,0
DA:85,0
DA:86,0
DA:87,0
DA:88,0
DA:89,0
DA:90,0
DA:91,0
DA:92,0
DA:108,6
DA:109,6
DA:110,6
DA:111,6
DA:112,6
DA:113,6
DA:114,6
DA:118,24
DA:119,24
DA:120,24
DA:121,24
DA:122,24
DA:123,24
DA:124,24
DA:128,24
DA:129,24
DA:130,24
DA:134,0
DA:135,0
DA:136,0
DA:137,0
DA:138,0
DA:139,0
DA:140,0
DA:144,30
DA:145,30
DA:146,30
DA:148,30
DA:149,30
DA:150,30
DA:151,30
DA:152,30
DA:153,30
DA:154,30
DA:155,30
DA:156,30
DA:157,30
DA:158,30
DA:159,0
DA:160,30
DA:162,30
DA:163,30
DA:164,30
DA:165,30
DA:166,30
DA:167,30
DA:168,30
DA:170,30
DA:171,30
DA:172,30
DA:174,30
DA:175,30
DA:176,30
DA:177,30
DA:178,0
DA:179,30
DA:180,0
DA:181,30
DA:183,12
DA:184,12
DA:185,6
DA:186,6
DA:187,6
DA:188,6
DA:189,6
DA:190,6
DA:194,12
DA:195,12
DA:196,12
DA:197,12
DA:198,12
DA:199,12
DA:201,12
DA:202,12
DA:203,12
DA:205,38
DA:206,38
DA:207,38
DA:208,0
DA:210,38
DA:214,30
DA:215,30
DA:216,30
DA:226,30
DA:227,30
DA:228,30
DA:229,30
DA:230,30
DA:231,30
DA:232,30
DA:234,54
DA:235,54
DA:236,54
DA:238,54
DA:239,24
DA:240,0
DA:241,0
DA:242,0
DA:243,0
DA:244,0
DA:245,24
DA:246,24
DA:247,24
DA:248,24
DA:249,24
DA:252,54
DA:254,30
DA:255,30
DA:256,30
DA:257,30
DA:259,54
DA:261,54
DA:263,54
DA:264,0
DA:265,0
DA:267,54
DA:268,54
DA:270,54
DA:271,24
DA:272,24
DA:274,0
DA:275,0
DA:278,24
DA:279,24
DA:281,0
DA:282,0
DA:286,24
DA:287,12
DA:289,12
DA:290,12
DA:291,12
DA:292,12
DA:294,24
DA:295,24
DA:296,0
DA:297,0
DA:298,0
DA:299,0
DA:301,0
DA:302,0
DA:303,0
DA:304,24
DA:307,42
DA:308,12
DA:310,30
DA:311,30
DA:313,0
DA:314,0
DA:316,12
DA:319,30
DA:321,12
DA:322,12
DA:323,12
LF:172
LH:122
end_of_record
SF:src/cmdline/client/client_log_tracker.rs
FN:55,<ppm_daemon::cmdline::client::client_log_tracker::ClientLogTracker>::log
FN:55,<ppm::cmdline::client::client_log_tracker::ClientLogTracker>::log
FN:45,<ppm::cmdline::client::client_log_tracker::ClientLogTracker>::new
FN:45,<ppm_daemon::cmdline::client::client_log_tracker::ClientLogTracker>::new
FN:45,<ppm_daemon::cmdline::client::client_log_tracker::ClientLogTracker>::new
FN:55,<ppm::cmdline::client::client_log_tracker::ClientLogTracker>::log
FN:45,<ppm::cmdline::client::client_log_tracker::ClientLogTracker>::new
FN:55,<ppm_daemon::cmdline::client::client_log_tracker::ClientLogTracker>::log
FNDA:0,<ppm_daemon::cmdline::client::client_log_tracker::ClientLogTracker>::log
FNDA:0,<ppm::cmdline::client::client_log_tracker::ClientLogTracker>::log
FNDA:0,<ppm::cmdline::client::client_log_tracker::ClientLogTracker>::new
FNDA:0,<ppm_daemon::cmdline::client::client_log_tracker::ClientLogTracker>::new
FNDA:0,<ppm_daemon::cmdline::client::client_log_tracker::ClientLogTracker>::new
FNDA:0,<ppm::cmdline::client::client_log_tracker::ClientLogTracker>::log
FNDA:0,<ppm::cmdline::client::client_log_tracker::ClientLogTracker>::new
FNDA:0,<ppm_daemon::cmdline::client::client_log_tracker::ClientLogTracker>::log
FNF:8
FNH:0
BRF:0
BRH:0
DA:45,0
DA:46,0
DA:47,0
DA:48,0
DA:49,0
DA:50,0
DA:51,0
DA:52,0
DA:55,0
DA:56,0
DA:57,0
DA:58,0
DA:59,0
DA:60,0
DA:63,0
DA:64,0
DA:65,0
DA:66,0
DA:67,0
DA:69,0
DA:70,0
DA:71,0
DA:72,0
DA:73,0
DA:74,0
DA:75,0
DA:76,0
DA:78,0
DA:79,0
DA:80,0
DA:81,0
DA:83,0
DA:84,0
DA:85,0
DA:87,0
DA:88,0
DA:90,0
DA:92,0
LF:38
LH:0
end_of_record
SF:src/utils/debug.rs
FN:61,ppm_daemon::utils::debug::tests::debug_iter
FN:51,<ppm_daemon::utils::debug::DebugIter<core::slice::iter::Iter<i32>>>::new
FN:38,<ppm::utils::debug::DebugIter<core::iter::adapters::map::Map<bitflags::iter::IterNames<inotify::events::EventMask>, <ppm::monitor::watcher::private::WatchInfo>::process::{closure#2}>> as core::fmt::Debug>::fmt
FN:38,<ppm_daemon::utils::debug::DebugIter<core::iter::adapters::map::Map<bitflags::iter::IterNames<inotify::events::EventMask>, <ppm_daemon::monitor::watcher::private::WatchInfo>::process::{closure#6}>> as core::fmt::Debug>::fmt
FN:51,<ppm_launcher::utils::debug::DebugIter<core::iter::adapters::map::Map<bitflags::iter::IterNames<inotify::events::EventMask>, <ppm_launcher::monitor::watcher::private::WatchInfo>::process::{closure#4}>>>::new
FN:51,<ppm::utils::debug::DebugIter<core::iter::adapters::map::Map<core::slice::iter::Iter<libc::unix::pollfd>, <ppm::monitor::logger::LoggerThreadContext>::run::{closure#1}>>>::new
FN:61,ppm_launcher::utils::debug::tests::debug_iter
FN:38,<ppm_launcher::utils::debug::DebugIter<core::iter::adapters::map::Map<core::slice::iter::Iter<libc::unix::pollfd>, <ppm_launcher::monitor::logger::LoggerThreadContext>::run::{closure#1}>> as core::fmt::Debug>::fmt
FN:38,<ppm_launcher::utils::debug::DebugIter<core::iter::adapters::map::Map<bitflags::iter::IterNames<inotify::events::EventMask>, <ppm_launcher::monitor::watcher::private::WatchInfo>::process::{closure#2}>> as core::fmt::Debug>::fmt
FN:51,<ppm_daemon::utils::debug::DebugIter<core::iter::adapters::map::Map<bitflags::iter::IterNames<inotify::events::EventMask>, <ppm_daemon::monitor::watcher::private::WatchInfo>::process::{closure#2}>>>::new
FN:38,<ppm_daemon::utils::debug::DebugIter<core::slice::iter::Iter<i32>> as core::fmt::Debug>::fmt
FN:51,<ppm_daemon::utils::debug::DebugIter<core::iter::adapters::map::Map<bitflags::iter::IterNames<inotify::events::EventMask>, <ppm_daemon::monitor::watcher::private::WatchInfo>::process::{closure#6}>>>::new
FN:51,<ppm_daemon::utils::debug::DebugIter<core::iter::adapters::map::Map<core::slice::iter::Iter<libc::unix::pollfd>, <ppm_daemon::monitor::logger::LoggerThreadContext>::run::{closure#1}>>>::new
FN:38,<ppm_daemon::utils::debug::DebugIter<core::iter::adapters::map::Map<bitflags::iter::IterNames<inotify::events::EventMask>, <ppm_daemon::monitor::watcher::private::WatchInfo>::process::{closure#2}>> as core::fmt::Debug>::fmt
FN:38,<ppm::utils::debug::DebugIter<core::iter::adapters::take::Take<core::iter::adapters::filter_map::FilterMap<core::slice::iter::Iter<libc::unix::pollfd>, <ppm::utils::poller::PollerFds>::iter::{closure#0}>>> as core::fmt::Debug>::fmt
FN:38,<ppm::utils::debug::DebugIter<_> as core::fmt::Debug>::fmt
FN:51,<ppm::utils::debug::DebugIter<core::iter::adapters::map::Map<bitflags::iter::IterNames<inotify::events::EventMask>, <ppm::monitor::watcher::private::WatchInfo>::process::{closure#6}>>>::new
FN:51,<ppm_daemon::utils::debug::DebugIter<core::iter::adapters::take::Take<core::iter::adapters::filter_map::FilterMap<core::slice::iter::Iter<libc::unix::pollfd>, <ppm_daemon::utils::poller::PollerFds>::iter::{closure#0}>>>>::new
FN:51,<ppm::utils::debug::DebugIter<core::slice::iter::Iter<i32>>>::new
FN:38,<ppm_daemon::utils::debug::DebugIter<core::iter::adapters::map::Map<core::slice::iter::Iter<libc::unix::pollfd>, <ppm_daemon::monitor::logger::LoggerThreadContext>::run::{closure#1}>> as core::fmt::Debug>::fmt
FN:51,<ppm_launcher::utils::debug::DebugIter<core::iter::adapters::take::Take<core::iter::adapters::filter_map::FilterMap<core::slice::iter::Iter<libc::unix::pollfd>, <ppm_launcher::utils::poller::PollerFds>::iter::{closure#0}>>>>::new
FN:61,ppm::utils::debug::tests::debug_iter
FN:51,<ppm_daemon::utils::debug::DebugIter<core::iter::adapters::map::Map<bitflags::iter::IterNames<inotify::events::EventMask>, <ppm_daemon::monitor::watcher::private::WatchInfo>::process::{closure#4}>>>::new
FN:51,<ppm::utils::debug::DebugIter<core::iter::adapters::take::Take<core::iter::adapters::filter_map::FilterMap<core::slice::iter::Iter<libc::unix::pollfd>, <ppm::utils::poller::PollerFds>::iter::{closure#0}>>>>::new
FN:51,<ppm::utils::debug::DebugIter<core::iter::adapters::map::Map<bitflags::iter::IterNames<inotify::events::EventMask>, <ppm::monitor::watcher::private::WatchInfo>::process::{closure#2}>>>::new
FN:51,<ppm_daemon::utils::debug::DebugIter<core::iter::adapters::map::Map<bitflags::iter::IterNames<inotify::events::EventMask>, <ppm_daemon::monitor::watcher::private::WatchInfo>::process::{closure#4}>>>::new
FN:51,<ppm_launcher::utils::debug::DebugIter<core::iter::adapters::map::Map<bitflags::iter::IterNames<inotify::events::EventMask>, <ppm_launcher::monitor::watcher::private::WatchInfo>::process::{closure#2}>>>::new
FN:38,<ppm_daemon::utils::debug::DebugIter<core::iter::adapters::map::Map<core::slice::iter::Iter<libc::unix::pollfd>, <ppm_daemon::monitor::logger::LoggerThreadContext>::run::{closure#1}>> as core::fmt::Debug>::fmt
FN:38,<ppm_daemon::utils::debug::DebugIter<core::iter::adapters::take::Take<core::iter::adapters::filter_map::FilterMap<core::slice::iter::Iter<libc::unix::pollfd>, <ppm_daemon::utils::poller::PollerFds>::iter::{closure#0}>>> as core::fmt::Debug>::fmt
FN:51,<ppm::utils::debug::DebugIter<core::iter::adapters::map::Map<bitflags::iter::IterNames<inotify::events::EventMask>, <ppm::monitor::watcher::private::WatchInfo>::process::{closure#4}>>>::new
FN:51,<ppm_daemon::utils::debug::DebugIter<core::iter::adapters::map::Map<core::slice::iter::Iter<libc::unix::pollfd>, <ppm_daemon::monitor::logger::LoggerThreadContext>::run::{closure#1}>>>::new
FN:38,<ppm_daemon::utils::debug::DebugIter<core::iter::adapters::map::Map<bitflags::iter::IterNames<inotify::events::EventMask>, <ppm_daemon::monitor::watcher::private::WatchInfo>::process::{closure#4}>> as core::fmt::Debug>::fmt
FN:38,<ppm_launcher::utils::debug::DebugIter<core::iter::adapters::map::Map<bitflags::iter::IterNames<inotify::events::EventMask>, <ppm_launcher::monitor::watcher::private::WatchInfo>::process::{closure#4}>> as core::fmt::Debug>::fmt
FN:38,<ppm_daemon::utils::debug::DebugIter<core::iter::adapters::take::Take<core::iter::adapters::filter_map::FilterMap<core::slice::iter::Iter<libc::unix::pollfd>, <ppm_daemon::utils::poller::PollerFds>::iter::{closure#0}>>> as core::fmt::Debug>::fmt
FN:38,<ppm_launcher::utils::debug::DebugIter<core::iter::adapters::map::Map<bitflags::iter::IterNames<inotify::events::EventMask>, <ppm_launcher::monitor::watcher::private::WatchInfo>::process::{closure#6}>> as core::fmt::Debug>::fmt
FN:38,<ppm_launcher::utils::debug::DebugIter<core::iter::adapters::take::Take<core::iter::adapters::filter_map::FilterMap<core::slice::iter::Iter<libc::unix::pollfd>, <ppm_launcher::utils::poller::PollerFds>::iter::{closure#0}>>> as core::fmt::Debug>::fmt
FN:38,<ppm_launcher::utils::debug::DebugIter<core::slice::iter::Iter<i32>> as core::fmt::Debug>::fmt
FN:51,<ppm_launcher::utils::debug::DebugIter<core::iter::adapters::map::Map<bitflags::iter::IterNames<inotify::events::EventMask>, <ppm_launcher::monitor::watcher::private::WatchInfo>::process::{closure#6}>>>::new
FN:51,<ppm_daemon::utils::debug::DebugIter<core::iter::adapters::take::Take<core::iter::adapters::filter_map::FilterMap<core::slice::iter::Iter<libc::unix::pollfd>, <ppm_daemon::utils::poller::PollerFds>::iter::{closure#0}>>>>::new
FN:38,<ppm::utils::debug::DebugIter<core::iter::adapters::map::Map<bitflags::iter::IterNames<inotify::events::EventMask>, <ppm::monitor::watcher::private::WatchInfo>::process::{closure#6}>> as core::fmt::Debug>::fmt
FN:38,<ppm_daemon::utils::debug::DebugIter<core::iter::adapters::map::Map<bitflags::iter::IterNames<inotify::events::EventMask>, <ppm_daemon::monitor::watcher::private::WatchInfo>::process::{closure#4}>> as core::fmt::Debug>::fmt
FN:38,<ppm_launcher::utils::debug::DebugIter<_> as core::fmt::Debug>::fmt
FN:51,<ppm_launcher::utils::debug::DebugIter<core::slice::iter::Iter<i32>>>::new
FN:51,<ppm_launcher::utils::debug::DebugIter<_>>::new
FN:51,<ppm_launcher::utils::debug::DebugIter<core::iter::adapters::map::Map<core::slice::iter::Iter<libc::unix::pollfd>, <ppm_launcher::monitor::logger::LoggerThreadContext>::run::{closure#1}>>>::new
FN:38,<ppm::utils::debug::DebugIter<core::slice::iter::Iter<i32>> as core::fmt::Debug>::fmt
FN:51,<ppm::utils::debug::DebugIter<_>>::new
FN:38,<ppm_daemon::utils::debug::DebugIter<core::iter::adapters::map::Map<bitflags::iter::IterNames<inotify::events::EventMask>, <ppm_daemon::monitor::watcher::private::WatchInfo>::process::{closure#2}>> as core::fmt::Debug>::fmt
FN:51,<ppm_daemon::utils::debug::DebugIter<core::iter::adapters::map::Map<bitflags::iter::IterNames<inotify::events::EventMask>, <ppm_daemon::monitor::watcher::private::WatchInfo>::process::{closure#2}>>>::new
FN:38,<ppm_daemon::utils::debug::DebugIter<core::iter::adapters::map::Map<bitflags::iter::IterNames<inotify::events::EventMask>, <ppm_daemon::monitor::watcher::private::WatchInfo>::process::{closure#6}>> as core::fmt::Debug>::fmt
FN:38,<ppm::utils::debug::DebugIter<core::iter::adapters::map::Map<bitflags::iter::IterNames<inotify::events::EventMask>, <ppm::monitor::watcher::private::WatchInfo>::process::{closure#4}>> as core::fmt::Debug>::fmt
FN:38,<ppm::utils::debug::DebugIter<core::iter::adapters::map::Map<core::slice::iter::Iter<libc::unix::pollfd>, <ppm::monitor::logger::LoggerThreadContext>::run::{closure#1}>> as core::fmt::Debug>::fmt
FN:51,<ppm_daemon::utils::debug::DebugIter<core::iter::adapters::map::Map<bitflags::iter::IterNames<inotify::events::EventMask>, <ppm_daemon::monitor::watcher::private::WatchInfo>::process::{closure#6}>>>::new
FNDA:1,ppm_daemon::utils::debug::tests::debug_iter
FNDA:1,<ppm_daemon::utils::debug::DebugIter<core::slice::iter::Iter<i32>>>::new
FNDA:1,<ppm::utils::debug::DebugIter<core::iter::adapters::map::Map<bitflags::iter::IterNames<inotify::events::EventMask>, <ppm::monitor::watcher::private::WatchInfo>::process::{closure#2}>> as core::fmt::Debug>::fmt
FNDA:0,<ppm_daemon::utils::debug::DebugIter<core::iter::adapters::map::Map<bitflags::iter::IterNames<inotify::events::EventMask>, <ppm_daemon::monitor::watcher::private::WatchInfo>::process::{closure#6}>> as core::fmt::Debug>::fmt
FNDA:0,<ppm_launcher::utils::debug::DebugIter<core::iter::adapters::map::Map<bitflags::iter::IterNames<inotify::events::EventMask>, <ppm_launcher::monitor::watcher::private::WatchInfo>::process::{closure#4}>>>::new
FNDA:0,<ppm::utils::debug::DebugIter<core::iter::adapters::map::Map<core::slice::iter::Iter<libc::unix::pollfd>, <ppm::monitor::logger::LoggerThreadContext>::run::{closure#1}>>>::new
FNDA:1,ppm_launcher::utils::debug::tests::debug_iter
FNDA:0,<ppm_launcher::utils::debug::DebugIter<core::iter::adapters::map::Map<core::slice::iter::Iter<libc::unix::pollfd>, <ppm_launcher::monitor::logger::LoggerThreadContext>::run::{closure#1}>> as core::fmt::Debug>::fmt
FNDA:1,<ppm_launcher::utils::debug::DebugIter<core::iter::adapters::map::Map<bitflags::iter::IterNames<inotify::events::EventMask>, <ppm_launcher::monitor::watcher::private::WatchInfo>::process::{closure#2}>> as core::fmt::Debug>::fmt
FNDA:0,<ppm_daemon::utils::debug::DebugIter<core::iter::adapters::map::Map<bitflags::iter::IterNames<inotify::events::EventMask>, <ppm_daemon::monitor::watcher::private::WatchInfo>::process::{closure#2}>>>::new
FNDA:1,<ppm_daemon::utils::debug::DebugIter<core::slice::iter::Iter<i32>> as core::fmt::Debug>::fmt
FNDA:0,<ppm_daemon::utils::debug::DebugIter<core::iter::adapters::map::Map<bitflags::iter::IterNames<inotify::events::EventMask>, <ppm_daemon::monitor::watcher::private::WatchInfo>::process::{closure#6}>>>::new
FNDA:0,<ppm_daemon::utils::debug::DebugIter<core::iter::adapters::map::Map<core::slice::iter::Iter<libc::unix::pollfd>, <ppm_daemon::monitor::logger::LoggerThreadContext>::run::{closure#1}>>>::new
FNDA:0,<ppm_daemon::utils::debug::DebugIter<core::iter::adapters::map::Map<bitflags::iter::IterNames<inotify::events::EventMask>, <ppm_daemon::monitor::watcher::private::WatchInfo>::process::{closure#2}>> as core::fmt::Debug>::fmt
FNDA:0,<ppm::utils::debug::DebugIter<core::iter::adapters::take::Take<core::iter::adapters::filter_map::FilterMap<core::slice::iter::Iter<libc::unix::pollfd>, <ppm::utils::poller::PollerFds>::iter::{closure#0}>>> as core::fmt::Debug>::fmt
FNDA:0,<ppm::utils::debug::DebugIter<_> as core::fmt::Debug>::fmt
FNDA:1,<ppm::utils::debug::DebugIter<core::iter::adapters::map::Map<bitflags::iter::IterNames<inotify::events::EventMask>, <ppm::monitor::watcher::private::WatchInfo>::process::{closure#6}>>>::new
FNDA:0,<ppm_daemon::utils::debug::DebugIter<core::iter::adapters::take::Take<core::iter::adapters::filter_map::FilterMap<core::slice::iter::Iter<libc::unix::pollfd>, <ppm_daemon::utils::poller::PollerFds>::iter::{closure#0}>>>>::new
FNDA:1,<ppm::utils::debug::DebugIter<core::slice::iter::Iter<i32>>>::new
FNDA:0,<ppm_daemon::utils::debug::DebugIter<core::iter::adapters::map::Map<core::slice::iter::Iter<libc::unix::pollfd>, <ppm_daemon::monitor::logger::LoggerThreadContext>::run::{closure#1}>> as core::fmt::Debug>::fmt
FNDA:0,<ppm_launcher::utils::debug::DebugIter<core::iter::adapters::take::Take<core::iter::adapters::filter_map::FilterMap<core::slice::iter::Iter<libc::unix::pollfd>, <ppm_launcher::utils::poller::PollerFds>::iter::{closure#0}>>>>::new
FNDA:1,ppm::utils::debug::tests::debug_iter
FNDA:0,<ppm_daemon::utils::debug::DebugIter<core::iter::adapters::map::Map<bitflags::iter::IterNames<inotify::events::EventMask>, <ppm_daemon::monitor::watcher::private::WatchInfo>::process::{closure#4}>>>::new
FNDA:0,<ppm::utils::debug::DebugIter<core::iter::adapters::take::Take<core::iter::adapters::filter_map::FilterMap<core::slice::iter::Iter<libc::unix::pollfd>, <ppm::utils::poller::PollerFds>::iter::{closure#0}>>>>::new
FNDA:1,<ppm::utils::debug::DebugIter<core::iter::adapters::map::Map<bitflags::iter::IterNames<inotify::events::EventMask>, <ppm::monitor::watcher::private::WatchInfo>::process::{closure#2}>>>::new
FNDA:0,<ppm_daemon::utils::debug::DebugIter<core::iter::adapters::map::Map<bitflags::iter::IterNames<inotify::events::EventMask>, <ppm_daemon::monitor::watcher::private::WatchInfo>::process::{closure#4}>>>::new
FNDA:1,<ppm_launcher::utils::debug::DebugIter<core::iter::adapters::map::Map<bitflags::iter::IterNames<inotify::events::EventMask>, <ppm_launcher::monitor::watcher::private::WatchInfo>::process::{closure#2}>>>::new
FNDA:0,<ppm_daemon::utils::debug::DebugIter<core::iter::adapters::map::Map<core::slice::iter::Iter<libc::unix::pollfd>, <ppm_daemon::monitor::logger::LoggerThreadContext>::run::{closure#1}>> as core::fmt::Debug>::fmt
FNDA:0,<ppm_daemon::utils::debug::DebugIter<core::iter::adapters::take::Take<core::iter::adapters::filter_map::FilterMap<core::slice::iter::Iter<libc::unix::pollfd>, <ppm_daemon::utils::poller::PollerFds>::iter::{closure#0}>>> as core::fmt::Debug>::fmt
FNDA:0,<ppm::utils::debug::DebugIter<core::iter::adapters::map::Map<bitflags::iter::IterNames<inotify::events::EventMask>, <ppm::monitor::watcher::private::WatchInfo>::process::{closure#4}>>>::new
FNDA:0,<ppm_daemon::utils::debug::DebugIter<core::iter::adapters::map::Map<core::slice::iter::Iter<libc::unix::pollfd>, <ppm_daemon::monitor::logger::LoggerThreadContext>::run::{closure#1}>>>::new
FNDA:0,<ppm_daemon::utils::debug::DebugIter<core::iter::adapters::map::Map<bitflags::iter::IterNames<inotify::events::EventMask>, <ppm_daemon::monitor::watcher::private::WatchInfo>::process::{closure#4}>> as core::fmt::Debug>::fmt
FNDA:0,<ppm_launcher::utils::debug::DebugIter<core::iter::adapters::map::Map<bitflags::iter::IterNames<inotify::events::EventMask>, <ppm_launcher::monitor::watcher::private::WatchInfo>::process::{closure#4}>> as core::fmt::Debug>::fmt
FNDA:0,<ppm_daemon::utils::debug::DebugIter<core::iter::adapters::take::Take<core::iter::adapters::filter_map::FilterMap<core::slice::iter::Iter<libc::unix::pollfd>, <ppm_daemon::utils::poller::PollerFds>::iter::{closure#0}>>> as core::fmt::Debug>::fmt
FNDA:1,<ppm_launcher::utils::debug::DebugIter<core::iter::adapters::map::Map<bitflags::iter::IterNames<inotify::events::EventMask>, <ppm_launcher::monitor::watcher::private::WatchInfo>::process::{closure#6}>> as core::fmt::Debug>::fmt
FNDA:0,<ppm_launcher::utils::debug::DebugIter<core::iter::adapters::take::Take<core::iter::adapters::filter_map::FilterMap<core::slice::iter::Iter<libc::unix::pollfd>, <ppm_launcher::utils::poller::PollerFds>::iter::{closure#0}>>> as core::fmt::Debug>::fmt
FNDA:1,<ppm_launcher::utils::debug::DebugIter<core::slice::iter::Iter<i32>> as core::fmt::Debug>::fmt
FNDA:1,<ppm_launcher::utils::debug::DebugIter<core::iter::adapters::map::Map<bitflags::iter::IterNames<inotify::events::EventMask>, <ppm_launcher::monitor::watcher::private::WatchInfo>::process::{closure#6}>>>::new
FNDA:0,<ppm_daemon::utils::debug::DebugIter<core::iter::adapters::take::Take<core::iter::adapters::filter_map::FilterMap<core::slice::iter::Iter<libc::unix::pollfd>, <ppm_daemon::utils::poller::PollerFds>::iter::{closure#0}>>>>::new
FNDA:1,<ppm::utils::debug::DebugIter<core::iter::adapters::map::Map<bitflags::iter::IterNames<inotify::events::EventMask>, <ppm::monitor::watcher::private::WatchInfo>::process::{closure#6}>> as core::fmt::Debug>::fmt
FNDA:0,<ppm_daemon::utils::debug::DebugIter<core::iter::adapters::map::Map<bitflags::iter::IterNames<inotify::events::EventMask>, <ppm_daemon::monitor::watcher::private::WatchInfo>::process::{closure#4}>> as core::fmt::Debug>::fmt
FNDA:0,<ppm_launcher::utils::debug::DebugIter<_> as core::fmt::Debug>::fmt
FNDA:1,<ppm_launcher::utils::debug::DebugIter<core::slice::iter::Iter<i32>>>::new
FNDA:0,<ppm_launcher::utils::debug::DebugIter<_>>::new
FNDA:0,<ppm_launcher::utils::debug::DebugIter<core::iter::adapters::map::Map<core::slice::iter::Iter<libc::unix::pollfd>, <ppm_launcher::monitor::logger::LoggerThreadContext>::run::{closure#1}>>>::new
FNDA:1,<ppm::utils::debug::DebugIter<core::slice::iter::Iter<i32>> as core::fmt::Debug>::fmt
FNDA:0,<ppm::utils::debug::DebugIter<_>>::new
FNDA:1,<ppm_daemon::utils::debug::DebugIter<core::iter::adapters::map::Map<bitflags::iter::IterNames<inotify::events::EventMask>, <ppm_daemon::monitor::watcher::private::WatchInfo>::process::{closure#2}>> as core::fmt::Debug>::fmt
FNDA:1,<ppm_daemon::utils::debug::DebugIter<core::iter::adapters::map::Map<bitflags::iter::IterNames<inotify::events::EventMask>, <ppm_daemon::monitor::watcher::private::WatchInfo>::process::{closure#2}>>>::new
FNDA:1,<ppm_daemon::utils::debug::DebugIter<core::iter::adapters::map::Map<bitflags::iter::IterNames<inotify::events::EventMask>, <ppm_daemon::monitor::watcher::private::WatchInfo>::process::{closure#6}>> as core::fmt::Debug>::fmt
FNDA:0,<ppm::utils::debug::DebugIter<core::iter::adapters::map::Map<bitflags::iter::IterNames<inotify::events::EventMask>, <ppm::monitor::watcher::private::WatchInfo>::process::{closure#4}>> as core::fmt::Debug>::fmt
[...]
FNDA:1,<<ppm::cmdline::ActionResult<_> as serde_core::de::Deserialize>::deserialize::ActionResultVisitor<std::collections::hash::map::HashMap<usize, ppm::service::info::Info>> as serde_core::de::Visitor>::visit_map::<serde_json::de::MapAccess<serde_json::read::IoRead<std::io::buffered::bufreader::BufReader<&std::net::tcp::TcpStream>>>>
FNDA:0,<ppm_daemon::cmdline::ActionResult<std::collections::hash::map::HashMap<usize, ppm_daemon::service::stats::Stats>> as serde_core::de::Deserialize>::deserialize::<&mut serde_json::de::Deserializer<serde_json::read::IoRead<std::io::buffered::bufreader::BufReader<&std::net::tcp::TcpStream>>>>
FNDA:1,<ppm_daemon::cmdline::ActionResult<()> as serde_core::ser::Serialize>::serialize::<&mut serde_json::ser::Serializer<&std::net::tcp::TcpStream>>
FNDA:0,<<ppm::cmdline::ActionResult<_> as serde_core::de::Deserialize>::deserialize::ActionResultVisitor<alloc::vec::Vec<ppm::monitor::scheduler::SchedulerEvent>> as serde_core::de::Visitor>::expecting
FNDA:0,<core::result::Result<alloc::string::String, anyhow::Error> as core::convert::From<ppm_daemon::cmdline::ActionResult<alloc::string::String>>>::from
FNDA:1,<ppm_daemon::cmdline::ActionResult<()> as serde_core::ser::Serialize>::serialize::<&mut serde_json::ser::Serializer<&mut alloc::vec::Vec<u8>>>
FNDA:0,<ppm::cmdline::Action as core::default::Default>::default
FNDA:1,<core::result::Result<(), anyhow::Error> as core::convert::From<ppm::cmdline::ActionResult<()>>>::from
FNDA:0,<<ppm::cmdline::ActionResult<_> as serde_core::de::Deserialize>::deserialize::ActionResultVisitor<alloc::string::String> as serde_core::de::Visitor>::expecting
FNDA:0,<<ppm::cmdline::ActionResult<_> as serde_core::de::Deserialize>::deserialize::ActionResultVisitor<alloc::vec::Vec<ppm::monitor::scheduler::SchedulerEvent>> as serde_core::de::Visitor>::visit_map::<serde_json::de::MapAccess<serde_json::read::IoRead<std::io::buffered::bufreader::BufReader<&std::net::tcp::TcpStream>>>>
FNDA:0,<core::result::Result<alloc::vec::Vec<std::path::PathBuf>, anyhow::Error> as core::convert::From<ppm::cmdline::ActionResult<alloc::vec::Vec<std::path::PathBuf>>>>::from
FNDA:0,<ppm_daemon::cmdline::ActionResult<_>>::map::<_, _>
FNDA:1,ppm::cmdline::tests::action_result
FNDA:0,<ppm::cmdline::ActionResult<alloc::sync::Arc<ppm::service::stats::Stats>> as serde_core::ser::Serialize>::serialize::<&mut serde_json::ser::Serializer<&std::net::tcp::TcpStream>>
FNDA:1,<ppm::cmdline::ActionResult<bool> as serde_core::ser::Serialize>::serialize::<&mut serde_json::ser::Serializer<&mut alloc::vec::Vec<u8>>>
FNDA:0,<ppm::cmdline::ActionResult<alloc::string::String> as serde_core::de::Deserialize>::deserialize::<&mut serde_json::de::Deserializer<serde_json::read::IoRead<std::io::buffered::bufreader::BufReader<&std::net::tcp::TcpStream>>>>
FNDA:1,<core::result::Result<alloc::vec::Vec<ppm::monitor::scheduler::SchedulerEvent>, anyhow::Error> as core::convert::From<ppm::cmdline::ActionResult<alloc::vec::Vec<ppm::monitor::scheduler::SchedulerEvent>>>>::from
FNDA:0,ppm_daemon::cmdline::parse_key_val::<_, _>::{closure#0}
FNDA:1,<core::result::Result<alloc::string::String, anyhow::Error> as core::convert::From<ppm::cmdline::ActionResult<alloc::string::String>>>::from
FNDA:0,<core::result::Result<ppm::service::stats::Stats, anyhow::Error> as core::convert::From<ppm::cmdline::ActionResult<ppm::service::stats::Stats>>>::from
FNDA:0,<ppm::cmdline::ActionResult<std::collections::hash::map::HashMap<usize, ppm::service::stats::Stats>> as serde_core::de::Deserialize>::deserialize::<&mut serde_json::de::Deserializer<serde_json::read::IoRead<std::io::buffered::bufreader::BufReader<&std::net::tcp::TcpStream>>>>
FNDA:0,<<ppm::cmdline::ActionResult<_> as serde_core::de::Deserialize>::deserialize::ActionResultVisitor<ppm::service::stats::Stats> as serde_core::de::Visitor>::expecting
FNDA:0,<<ppm_daemon::cmdline::ActionResult<_> as serde_core::de::Deserialize>::deserialize::ActionResultVisitor<ppm_daemon::service::stats::Stats> as serde_core::de::Visitor>::expecting
FNDA:0,<ppm_daemon::cmdline::ActionResult<_> as core::convert::From<core::result::Result<_, anyhow::Error>>>::from
FNDA:1,<ppm_daemon::cmdline::ActionResult<bool> as serde_core::ser::Serialize>::serialize::<&mut serde_json::ser::Serializer<&mut alloc::vec::Vec<u8>>>
FNDA:0,<<ppm_daemon::cmdline::ActionResult<_> as serde_core::de::Deserialize>::deserialize::ActionResultVisitor<()> as serde_core::de::Visitor>::visit_map::<serde_json::de::MapAccess<serde_json::read::IoRead<std::io::buffered::bufreader::BufReader<&std::net::tcp::TcpStream>>>>
FNDA:0,<<ppm::cmdline::ActionResult<_> as serde_core::de::Deserialize>::deserialize::ActionResultVisitor<()> as serde_core::de::Visitor>::expecting
FNDA:0,<core::result::Result<std::collections::hash::map::HashMap<usize, ppm_daemon::service::stats::Stats>, anyhow::Error> as core::convert::From<ppm_daemon::cmdline::ActionResult<std::collections::hash::map::HashMap<usize, ppm_daemon::service::stats::Stats>>>>::from
FNDA:0,<<ppm::cmdline::ActionResult<_> as serde_core::de::Deserialize>::deserialize::ActionResultVisitor<std::collections::hash::map::HashMap<usize, alloc::string::String>> as serde_core::de::Visitor>::expecting
FNDA:1,<core::result::Result<std::collections::hash::map::HashMap<usize, ppm::service::info::Info>, anyhow::Error> as core::convert::From<ppm::cmdline::ActionResult<std::collections::hash::map::HashMap<usize, ppm::service::info::Info>>>>::from
FNDA:1,<<ppm::cmdline::ActionResult<_> as serde_core::de::Deserialize>::deserialize::ActionResultVisitor<std::collections::hash::map::HashMap<usize, ppm::service::info::Info>> as serde_core::de::Visitor>::visit_map::<serde_json::de::MapAccess<serde_json::read::IoRead<std::io::buffered::bufreader::BufReader<&std::net::tcp::TcpStream>>>>
FNDA:1,<ppm_daemon::cmdline::ActionResult<()> as core::convert::From<anyhow::Error>>::from
FNDA:0,<ppm::cmdline::ActionResult<_> as core::convert::From<core::result::Result<_, anyhow::Error>>>::from
FNDA:0,<<ppm::cmdline::ActionResult<_> as serde_core::de::Deserialize>::deserialize::ActionResultVisitor<alloc::string::String> as serde_core::de::Visitor>::expecting
FNDA:1,<ppm_daemon::cmdline::ActionResult<ppm_daemon::utils::serde_utils::MapWrapper<core::iter::adapters::map::Map<dashmap::iter::Iter<usize, alloc::sync::Arc<ppm_daemon::service::Service>>, <ppm_daemon::cmdline::server::Server>::run_action::{closure#0}>>> as serde_core::ser::Serialize>::serialize::<&mut serde_json::ser::Serializer<&std::net::tcp::TcpStream>>
FNDA:0,<ppm::cmdline::ActionResult<_>>::map::<_, _>
FNDA:0,<<ppm::cmdline::ActionResult<_> as serde_core::de::Deserialize>::deserialize::ActionResultVisitor<()> as serde_core::de::Visitor>::visit_map::<serde_json::de::MapAccess<serde_json::read::IoRead<std::io::buffered::bufreader::BufReader<&std::net::tcp::TcpStream>>>>
FNDA:0,<ppm_daemon::cmdline::ActionResult<alloc::vec::Vec<std::path::PathBuf>> as serde_core::ser::Serialize>::serialize::<&mut serde_json::ser::Serializer<&std::net::tcp::TcpStream>>
FNDA:0,<<ppm_daemon::cmdline::ActionResult<_> as serde_core::de::Deserialize>::deserialize::ActionResultVisitor<std::collections::hash::map::HashMap<usize, ppm_daemon::service::stats::Stats>> as serde_core::de::Visitor>::expecting
FNDA:1,<core::result::Result<std::collections::hash::map::HashMap<usize, ppm::service::stats::Stats>, anyhow::Error> as core::convert::From<ppm::cmdline::ActionResult<std::collections::hash::map::HashMap<usize, ppm::service::stats::Stats>>>>::from
FNDA:0,<ppm_daemon::cmdline::ActionResult<alloc::vec::Vec<ppm_daemon::monitor::scheduler::SchedulerEvent>> as serde_core::ser::Serialize>::serialize::<&mut serde_json::ser::Serializer<&std::net::tcp::TcpStream>>
FNDA:0,<ppm::cmdline::ActionResult<_> as core::convert::From<core::result::Result<_, anyhow::Error>>>::from
FNDA:0,<<ppm::cmdline::ActionResult<_> as serde_core::de::Deserialize>::deserialize::ActionResultVisitor<std::collections::hash::map::HashMap<usize, ppm::service::stats::Stats>> as serde_core::de::Visitor>::expecting
FNDA:0,<core::result::Result<alloc::vec::Vec<std::path::PathBuf>, anyhow::Error> as core::convert::From<ppm::cmdline::ActionResult<alloc::vec::Vec<std::path::PathBuf>>>>::from
FNDA:0,<<ppm_daemon::cmdline::ActionResult<_> as serde_core::de::Deserialize>::deserialize::ActionResultVisitor<alloc::vec::Vec<std::path::PathBuf>> as serde_core::de::Visitor>::expecting
FNDA:1,<<ppm_daemon::cmdline::ActionResult<_> as serde_core::de::Deserialize>::deserialize::ActionResultVisitor<std::collections::hash::map::HashMap<usize, alloc::string::String>> as serde_core::de::Visitor>::visit_map::<serde_json::de::MapAccess<serde_json::read::IoRead<std::io::buffered::bufreader::BufReader<&std::net::tcp::TcpStream>>>>
FNDA:1,<ppm::cmdline::ActionResult<()> as serde_core::ser::Serialize>::serialize::<&mut serde_json::ser::Serializer<&mut alloc::vec::Vec<u8>>>
FNDA:0,<ppm::cmdline::ActionResult<_> as serde_core::ser::Serialize>::serialize::<_>
FNDA:0,<core::result::Result<alloc::string::String, anyhow::Error> as core::convert::From<ppm::cmdline::ActionResult<alloc::string::String>>>::from
FNDA:0,<ppm::cmdline::ActionResult<()> as serde_core::de::Deserialize>::deserialize::<&mut serde_json::de::Deserializer<serde_json::read::IoRead<std::io::buffered::bufreader::BufReader<&std::net::tcp::TcpStream>>>>
FNDA:0,<<ppm::cmdline::ActionResult<_> as serde_core::de::Deserialize>::deserialize::ActionResultVisitor<std::collections::hash::map::HashMap<usize, alloc::string::String>> as serde_core::de::Visitor>::expecting
FNDA:1,<core::result::Result<std::collections::hash::map::HashMap<usize, ppm_daemon::service::info::Info>, anyhow::Error> as core::convert::From<ppm_daemon::cmdline::ActionResult<std::collections::hash::map::HashMap<usize, ppm_daemon::service::info::Info>>>>::from
FNDA:1,<ppm::cmdline::ActionResult<alloc::vec::Vec<ppm::monitor::scheduler::SchedulerEvent>> as serde_core::de::Deserialize>::deserialize::<&mut serde_json::de::Deserializer<serde_json::read::IoRead<std::io::buffered::bufreader::BufReader<&std::net::tcp::TcpStream>>>>
FNDA:1,<ppm_daemon::cmdline::ActionResult<std::collections::hash::map::HashMap<usize, alloc::string::String>> as serde_core::de::Deserialize>::deserialize::<&mut serde_json::de::Deserializer<serde_json::read::IoRead<std::io::buffered::bufreader::BufReader<&std::net::tcp::TcpStream>>>>
FNDA:1,<core::result::Result<std::collections::hash::map::HashMap<usize, ppm::service::info::Info>, anyhow::Error> as core::convert::From<ppm::cmdline::ActionResult<std::collections::hash::map::HashMap<usize, ppm::service::info::Info>>>>::from
FNDA:0,<<ppm::cmdline::ActionResult<_> as serde_core::de::Deserialize>::deserialize::ActionResultVisitor<alloc::vec::Vec<std::path::PathBuf>> as serde_core::de::Visitor>::visit_map::<serde_json::de::MapAccess<serde_json::read::IoRead<std::io::buffered::bufreader::BufReader<&std::net::tcp::TcpStream>>>>
FNDA:0,<<ppm::cmdline::ActionResult<_> as serde_core::de::Deserialize>::deserialize::ActionResultVisitor<std::collections::hash::map::HashMap<usize, ppm::service::stats::Stats>> as serde_core::de::Visitor>::visit_map::<serde_json::de::MapAccess<serde_json::read::IoRead<std::io::buffered::bufreader::BufReader<&std::net::tcp::TcpStream>>>>
FNDA:1,<ppm::cmdline::ActionResult<ppm::utils::serde_utils::MapWrapper<core::iter::adapters::map::Map<dashmap::iter::Iter<usize, alloc::sync::Arc<ppm::service::Service>>, <ppm::cmdline::server::Server>::run_action::{closure#1}>>> as serde_core::ser::Serialize>::serialize::<&mut serde_json::ser::Serializer<&std::net::tcp::TcpStream>>
FNDA:1,<<ppm::cmdline::ActionResult<_> as serde_core::de::Deserialize>::deserialize::ActionResultVisitor<alloc::string::String> as serde_core::de::Visitor>::visit_map::<serde_json::de::MapAccess<serde_json::read::IoRead<std::io::buffered::bufreader::BufReader<&std::net::tcp::TcpStream>>>>
FNDA:1,<core::result::Result<std::collections::hash::map::HashMap<usize, alloc::string::String>, anyhow::Error> as core::convert::From<ppm::cmdline::ActionResult<std::collections::hash::map::HashMap<usize, alloc::string::String>>>>::from
FNDA:0,ppm::cmdline::parse_key_val::<_, _>::{closure#0}
FNDA:0,<ppm_daemon::cmdline::ActionResult<ppm_daemon::utils::serde_utils::MapWrapper<core::array::iter::IntoIter<(usize, alloc::sync::Arc<ppm_daemon::service::stats::Stats>), 1>>> as serde_core::ser::Serialize>::serialize::<&mut serde_json::ser::Serializer<&std::net::tcp::TcpStream>>
FNDA:0,<<ppm_daemon::cmdline::ActionResult<_> as serde_core::de::Deserialize>::deserialize::ActionResultVisitor<alloc::vec::Vec<ppm_daemon::monitor::scheduler::SchedulerEvent>> as serde_core::de::Visitor>::expecting
FNDA:0,<core::result::Result<(), anyhow::Error> as core::convert::From<ppm_daemon::cmdline::ActionResult<()>>>::from
FNDA:1,<ppm::cmdline::ActionResult<std::collections::hash::map::HashMap<usize, alloc::string::String>> as serde_core::de::Deserialize>::deserialize::<&mut serde_json::de::Deserializer<serde_json::read::IoRead<std::io::buffered::bufreader::BufReader<&std::net::tcp::TcpStream>>>>
FNDA:1,<<ppm::cmdline::ActionResult<_> as serde_core::de::Deserialize>::deserialize::ActionResultVisitor<std::collections::hash::map::HashMap<usize, alloc::string::String>> as serde_core::de::Visitor>::visit_map::<serde_json::de::MapAccess<serde_json::read::IoRead<std::io::buffered::bufreader::BufReader<&std::net::tcp::TcpStream>>>>
FNDA:0,<<ppm_daemon::cmdline::ActionResult<_> as serde_core::de::Deserialize>::deserialize::ActionResultVisitor<std::collections::hash::map::HashMap<usize, ppm_daemon::service::info::Info>> as serde_core::de::Visitor>::expecting
FNDA:0,<ppm_daemon::cmdline::ActionResult<ppm_daemon::utils::serde_utils::MapWrapper<core::array::iter::IntoIter<(usize, alloc::sync::Arc<ppm_daemon::service::stats::Stats>), 1>>> as serde_core::ser::Serialize>::serialize::<&mut serde_json::ser::Serializer<&std::net::tcp::TcpStream>>
FNDA:0,ppm::cmdline::parse_key_val::<_, _>
FNDA:0,<<ppm_daemon::cmdline::ActionResult<_> as serde_core::de::Deserialize>::deserialize::ActionResultVisitor<std::collections::hash::map::HashMap<usize, ppm_daemon::service::stats::Stats>> as serde_core::de::Visitor>::visit_map::<serde_json::de::MapAccess<serde_json::read::IoRead<std::io::buffered::bufreader::BufReader<&std::net::tcp::TcpStream>>>>
FNDA:0,<<ppm_daemon::cmdline::ActionResult<_> as serde_core::de::Deserialize>::deserialize::ActionResultVisitor<alloc::vec::Vec<std::path::PathBuf>> as serde_core::de::Visitor>::visit_map::<serde_json::de::MapAccess<serde_json::read::IoRead<std::io::buffered::bufreader::BufReader<&std::net::tcp::TcpStream>>>>
FNDA:1,<core::result::Result<std::collections::hash::map::HashMap<usize, alloc::string::String>, anyhow::Error> as core::convert::From<ppm::cmdline::ActionResult<std::collections::hash::map::HashMap<usize, alloc::string::String>>>>::from
FNDA:0,<ppm_daemon::cmdline::ActionResult<ppm_daemon::utils::serde_utils::MapWrapper<core::iter::adapters::map::Map<dashmap::iter::Iter<usize, alloc::sync::Arc<ppm_daemon::service::Service>>, <ppm_daemon::cmdline::server::Server>::run_action::{closure#3}>>> as serde_core::ser::Serialize>::serialize::<&mut serde_json::ser::Serializer<&std::net::tcp::TcpStream>>
FNDA:0,<ppm::cmdline::ActionResult<alloc::vec::Vec<std::path::PathBuf>> as serde_core::de::Deserialize>::deserialize::<&mut serde_json::de::Deserializer<serde_json::read::IoRead<std::io::buffered::bufreader::BufReader<&std::net::tcp::TcpStream>>>>
FNDA:0,<<ppm_daemon::cmdline::ActionResult<_> as serde_core::de::Deserialize>::deserialize::ActionResultVisitor<alloc::string::String> as serde_core::de::Visitor>::expecting
FNDA:1,<ppm::cmdline::ActionResult<std::collections::hash::map::HashMap<usize, ppm::service::info::Info>> as serde_core::de::Deserialize>::deserialize::<&mut serde_json::de::Deserializer<serde_json::read::IoRead<std::io::buffered::bufreader::BufReader<&std::net::tcp::TcpStream>>>>
FNDA:0,<ppm_daemon::cmdline::ActionResult<alloc::vec::Vec<std::path::PathBuf>> as serde_core::de::Deserialize>::deserialize::<&mut serde_json::de::Deserializer<serde_json::read::IoRead<std::io::buffered::bufreader::BufReader<&std::net::tcp::TcpStream>>>>
FNDA:0,<ppm::cmdline::ActionResult<alloc::vec::Vec<std::path::PathBuf>> as serde_core::ser::Serialize>::serialize::<&mut serde_json::ser::Serializer<&std::net::tcp::TcpStream>>
FNDA:0,<<ppm::cmdline::ActionResult<_> as serde_core::de::Deserialize>::deserialize::ActionResultVisitor<alloc::vec::Vec<std::path::PathBuf>> as serde_core::de::Visitor>::visit_map::<serde_json::de::MapAccess<serde_json::read::IoRead<std::io::buffered::bufreader::BufReader<&std::net::tcp::TcpStream>>>>
FNDA:0,<<ppm_daemon::cmdline::ActionResult<_> as serde_core::de::Deserialize>::deserialize::ActionResultVisitor<_> as serde_core::de::Visitor>::expecting
FNDA:0,<ppm_daemon::cmdline::ActionResult<ppm_daemon::service::stats::Stats> as serde_core::de::Deserialize>::deserialize::<&mut serde_json::de::Deserializer<serde_json::read::IoRead<std::io::buffered::bufreader::BufReader<&std::net::tcp::TcpStream>>>>
FNDA:0,<ppm_daemon::cmdline::ActionResult<_> as serde_core::de::Deserialize>::deserialize::<_>
FNDA:0,<ppm_daemon::cmdline::ActionResult<alloc::vec::Vec<std::path::PathBuf>> as serde_core::ser::Serialize>::serialize::<&mut serde_json::ser::Serializer<&std::net::tcp::TcpStream>>
FNDA:0,ppm_daemon::cmdline::parse_key_val::<_, _>
FNDA:0,<ppm_daemon::cmdline::ActionResult<alloc::sync::Arc<ppm_daemon::service::stats::Stats>> as serde_core::ser::Serialize>::serialize::<&mut serde_json::ser::Serializer<&std::net::tcp::TcpStream>>
FNDA:0,<ppm::cmdline::ActionResult<ppm::utils::serde_utils::MapWrapper<core::array::iter::IntoIter<(usize, alloc::sync::Arc<ppm::service::stats::Stats>), 1>>> as serde_core::ser::Serialize>::serialize::<&mut serde_json::ser::Serializer<&std::net::tcp::TcpStream>>
FNDA:1,<ppm_daemon::cmdline::ActionResult<alloc::vec::Vec<ppm_daemon::monitor::scheduler::SchedulerEvent>> as serde_core::ser::Serialize>::serialize::<&mut serde_json::ser::Serializer<&std::net::tcp::TcpStream>>
FNDA:0,<ppm::cmdline::ActionResult<_> as core::convert::From<anyhow::Error>>::from
FNDA:0,<core::result::Result<alloc::vec::Vec<std::path::PathBuf>, anyhow::Error> as core::convert::From<ppm_daemon::cmdline::ActionResult<alloc::vec::Vec<std::path::PathBuf>>>>::from
FNDA:1,<core::result::Result<std::collections::hash::map::HashMap<usize, alloc::string::String>, anyhow::Error> as core::convert::From<ppm_daemon::cmdline::ActionResult<std::collections::hash::map::HashMap<usize, alloc::string::String>>>>::from
FNDA:0,<ppm::cmdline::Action as core::default::Default>::default
FNF:158
FNH:52
BRF:0
BRH:0
DA:118,0
DA:119,0
DA:120,0
DA:121,0
DA:122,0
DA:123,0
DA:124,0
DA:125,0
DA:127,0
DA:128,0
DA:129,0
DA:130,0
DA:131,0
DA:134,0
DA:135,0
DA:136,0
DA:146,0
DA:147,0
DA:148,0
DA:150,0
DA:151,0
DA:152,0
DA:154,0
DA:161,50
DA:162,50
DA:163,50
DA:165,50
DA:166,42
DA:167,42
DA:168,42
DA:169,42
DA:171,8
DA:172,8
DA:173,8
DA:174,8
DA:177,50
DA:184,38
DA:185,38
DA:186,38
DA:195,0
DA:196,0
DA:197,0
DA:199,0
DA:201,38
DA:202,38
DA:203,38
DA:207,38
DA:208,38
DA:209,38
DA:210,0
DA:211,0
DA:212,0
DA:214,0
DA:215,38
DA:218,38
DA:219,38
DA:223,0
DA:224,0
DA:225,0
DA:226,0
DA:228,0
DA:232,4
DA:233,4
DA:234,4
DA:238,38
DA:239,38
DA:240,38
DA:241,0
DA:243,38
LF:69
LH:32
end_of_record
SF:src/service/stats.rs
FN:82,ppm_daemon::service::stats::tests::serde
FN:82,ppm_launcher::service::stats::tests::serde
FN:82,ppm::service::stats::tests::serde
FNDA:1,ppm_daemon::service::stats::tests::serde
FNDA:1,ppm_launcher::service::stats::tests::serde
FNDA:1,ppm::service::stats::tests::serde
FNF:3
FNH:3
BRF:0
BRH:0
LF:0
LH:0
end_of_record
